Log file open, 09/15/18 21:30:10
LogWindows: Failed to load 'aqProf.dll' (GetLastError=126)
LogWindows: File 'aqProf.dll' does not exist
LogWindows: Failed to load 'VSPerf140.dll' (GetLastError=126)
LogWindows: File 'VSPerf140.dll' does not exist
LogWindows: Failed to load 'VtuneApi.dll' (GetLastError=126)
LogWindows: File 'VtuneApi.dll' does not exist
LogWindows: Failed to load 'VtuneApi32e.dll' (GetLastError=126)
LogWindows: File 'VtuneApi32e.dll' does not exist
LogInit: Display: Running engine for game: OurGameBP
LogPlatformFile: Not using cached read wrapper
LogTaskGraph: Started task graph with 5 named threads and 23 total threads with 3 sets of task threads.
LogStats: Stats thread started at 0.321130
LogD3D11RHI: Loaded GFSDK_Aftermath_Lib.x64.dll
LogICUInternationalization: Display: ICU TimeZone Detection - Raw Offset: +1:00, Platform Override: ''
LogPluginManager: Mounting plugin Paper2D
LogPluginManager: Mounting plugin AISupport
LogPluginManager: Mounting plugin LightPropagationVolume
LogPluginManager: Mounting plugin CLionSourceCodeAccess
LogPluginManager: Mounting plugin CodeLiteSourceCodeAccess
LogPluginManager: Mounting plugin GitSourceControl
LogPluginManager: Mounting plugin KDevelopSourceCodeAccess
LogPluginManager: Mounting plugin NullSourceCodeAccess
LogPluginManager: Mounting plugin PerforceSourceControl
LogPluginManager: Mounting plugin SubversionSourceControl
LogPluginManager: Mounting plugin UObjectPlugin
LogPluginManager: Mounting plugin VisualStudioCodeSourceCodeAccess
LogPluginManager: Mounting plugin VisualStudioSourceCodeAccess
LogPluginManager: Mounting plugin XCodeSourceCodeAccess
LogPluginManager: Mounting plugin AssetManagerEditor
LogPluginManager: Mounting plugin CryptoKeys
LogPluginManager: Mounting plugin DataValidation
LogPluginManager: Mounting plugin FacialAnimation
LogPluginManager: Mounting plugin GameplayTagsEditor
LogPluginManager: Mounting plugin MacGraphicsSwitching
LogPluginManager: Mounting plugin MeshEditor
LogPluginManager: Mounting plugin MobileLauncherProfileWizard
LogPluginManager: Mounting plugin PluginBrowser
LogPluginManager: Mounting plugin SpeedTreeImporter
LogPluginManager: Mounting plugin DatasmithContent
LogPluginManager: Mounting plugin AlembicImporter
LogPluginManager: Mounting plugin AppleImageUtils
LogPluginManager: Mounting plugin AppleVision
LogPluginManager: Mounting plugin BackChannel
LogPluginManager: Mounting plugin CharacterAI
LogPluginManager: Mounting plugin GeometryCache
LogPluginManager: Mounting plugin HTML5Networking
LogPluginManager: Mounting plugin ProxyLODPlugin
LogPluginManager: Mounting plugin MagicLeap
LogPluginManager: Mounting plugin MagicLeapEmulator
LogPluginManager: Mounting plugin MagicLeapMedia
LogPluginManager: Mounting plugin AndroidMedia
LogPluginManager: Mounting plugin AvfMedia
LogPluginManager: Mounting plugin ImgMedia
LogPluginManager: Mounting plugin LinearTimecode
LogPluginManager: Mounting plugin MediaCompositing
LogPluginManager: Mounting plugin MediaPlayerEditor
LogPluginManager: Mounting plugin WmfMedia
LogPluginManager: Mounting plugin TcpMessaging
LogPluginManager: Mounting plugin UdpMessaging
LogPluginManager: Mounting plugin ActorSequence
LogPluginManager: Mounting plugin LevelSequenceEditor
LogPluginManager: Mounting plugin MatineeToLevelSequence
LogPluginManager: Mounting plugin NetcodeUnitTest
LogPluginManager: Mounting plugin NUTUnrealEngine4
LogPluginManager: Mounting plugin OnlineSubsystemGooglePlay
LogPluginManager: Mounting plugin OnlineSubsystemIOS
LogPluginManager: Mounting plugin OnlineSubsystem
LogPluginManager: Mounting plugin OnlineSubsystemNull
LogPluginManager: Mounting plugin OnlineSubsystemUtils
LogPluginManager: Mounting plugin LauncherChunkInstaller
LogPluginManager: Mounting plugin AndroidDeviceProfileSelector
LogPluginManager: Mounting plugin AndroidMoviePlayer
LogPluginManager: Mounting plugin AndroidPermission
LogPluginManager: Mounting plugin AppleMoviePlayer
LogPluginManager: Mounting plugin ArchVisCharacter
LogPluginManager: Mounting plugin AudioCapture
LogPluginManager: Mounting plugin CableComponent
LogPluginManager: Mounting plugin CustomMeshComponent
LogPluginManager: Mounting plugin EditableMesh
LogPluginManager: Mounting plugin ExampleDeviceProfileSelector
LogPluginManager: Mounting plugin GoogleCloudMessaging
LogPluginManager: Mounting plugin ImmediatePhysics
LogPluginManager: Mounting plugin IOSDeviceProfileSelector
LogPluginManager: Mounting plugin LinuxDeviceProfileSelector
LogPluginManager: Mounting plugin LocationServicesBPLibrary
LogPluginManager: Mounting plugin MobilePatchingUtils
LogPluginManager: Mounting plugin OculusVR
LogPluginManager: Plugin shader directory ../../../Engine/Plugins/Runtime/Oculus/OculusVR/Shaders found
LogPluginManager: Mapping shader source directory ../../../Engine/Plugins/Runtime/Oculus/OculusVR/Shaders to virtual directory /Plugin/OculusVR
LogPluginManager: Mounting plugin PhysXVehicles
LogPluginManager: Mounting plugin ProceduralMeshComponent
LogPluginManager: Mounting plugin RuntimePhysXCooking
LogPluginManager: Mounting plugin SteamVR
LogPluginManager: Mounting plugin WindowsMoviePlayer
LogStreaming: Display: Took  0.688s to configure plugins.
LogInit: Using libcurl 7.55.1-DEV
LogInit:  - built for x86_64-pc-win32
LogInit:  - supports SSL with OpenSSL/1.0.2h
LogInit:  - supports HTTP deflate (compression) using libz 1.2.8
LogInit:  - other features:
LogInit:      CURL_VERSION_SSL
LogInit:      CURL_VERSION_LIBZ
LogInit:      CURL_VERSION_IPV6
LogInit:      CURL_VERSION_ASYNCHDNS
LogInit:      CURL_VERSION_LARGEFILE
LogInit:      CURL_VERSION_IDN
LogInit:  CurlRequestOptions (configurable via config and command line):
LogInit:  - bVerifyPeer = false  - Libcurl will NOT verify peer certificate
LogInit:  - bUseHttpProxy = false  - Libcurl will NOT use HTTP proxy
LogInit:  - bDontReuseConnections = false  - Libcurl will reuse connections
LogInit:  - CertBundlePath = nullptr  - Libcurl will use whatever was configured at build time.
LogInit:  - MaxHostConnections = 16  - Libcurl will limit the number of connections to a host
LogInit:  - LocalHostAddr = Default
LogInit:  - BufferSize = 65536
LogInit: WinSock: version 1.1 (2.2), MaxSocks=32767, MaxUdp=65467
LogInit: Build: ++UE4+Release-4.20-CL-4302132
LogInit: Engine Version: 4.20.2-4302132+++UE4+Release-4.20
LogInit: Compatible Engine Version: 4.20.0-4212847+++UE4+Release-4.20
LogInit: Net CL: 4212847
LogInit: OS: Windows 10 (), CPU: AMD Ryzen 5 2400G with Radeon Vega Graphics    , GPU: Radeon RX 560 Series
LogInit: Compiled (64-bit): Aug 21 2018 02:06:06
LogInit: Compiled with Visual C++: 19.13.26129.00
LogInit: Build Configuration: Development
LogInit: Branch Name: ++UE4+Release-4.20
LogInit: Command Line: 
LogInit: Base Directory: C:/Program Files/Epic Games/UE_4.20/Engine/Binaries/Win64/
LogInit: Installed Engine Build: 1
LogDevObjectVersion: Number of dev versions registered: 20
LogDevObjectVersion:   Dev-Blueprints (B0D832E4-1F89-4F0D-ACCF-7EB736FD4AA2): 10
LogDevObjectVersion:   Dev-Build (E1C64328-A22C-4D53-A36C-8E866417BD8C): 0
LogDevObjectVersion:   Dev-Core (375EC13C-06E4-48FB-B500-84F0262A717E): 2
LogDevObjectVersion:   Dev-Editor (E4B068ED-F494-42E9-A231-DA0B2E46BB41): 24
LogDevObjectVersion:   Dev-Framework (CFFC743F-43B0-4480-9391-14DF171D2073): 34
LogDevObjectVersion:   Dev-Mobile (B02B49B5-BB20-44E9-A304-32B752E40360): 2
LogDevObjectVersion:   Dev-Networking (A4E4105C-59A1-49B5-A7C5-40C4547EDFEE): 0
LogDevObjectVersion:   Dev-Online (39C831C9-5AE6-47DC-9A44-9C173E1C8E7C): 0
LogDevObjectVersion:   Dev-Physics (78F01B33-EBEA-4F98-B9B4-84EACCB95AA2): 0
LogDevObjectVersion:   Dev-Platform (6631380F-2D4D-43E0-8009-CF276956A95A): 0
LogDevObjectVersion:   Dev-Rendering (12F88B9F-8875-4AFC-A67C-D90C383ABD29): 26
LogDevObjectVersion:   Dev-Sequencer (7B5AE74C-D270-4C10-A958-57980B212A5A): 9
LogDevObjectVersion:   Dev-VR (D7296918-1DD6-4BDD-9DE2-64A83CC13884): 2
LogDevObjectVersion:   Dev-LoadTimes (C2A15278-BFE7-4AFE-6C17-90FF531DF755): 1
LogDevObjectVersion:   Private-Geometry (6EACA3D4-40EC-4CC1-B786-8BED09428FC5): 3
LogDevObjectVersion:   Dev-AnimPhys (29E575DD-E0A3-4627-9D10-D276232CDCEA): 17
LogDevObjectVersion:   Dev-ReflectionCapture (6B266CEC-1EC7-4B8F-A30B-E4D90942FC07): 1
LogDevObjectVersion:   Dev-Automation (0DF73D61-A23F-47EA-B727-89E90C41499A): 1
LogDevObjectVersion:   FortniteMain (601D1886-AC64-4F84-AA16-D3DE0DEAC7D6): 12
LogDevObjectVersion:   Dev-Enterprise (9DFFBCD6-494F-0158-E221-12823C92A888): 1
LogStreaming: Display: Took  0.117s to delete old logs.
LogInit: Presizing for max 8388607 objects, including 0 objects not considered by GC, pre-allocating 0 bytes for permanent pool.
LogInit: Object subsystem initialized
[2018.09.15-19.30.11:478][  0]LogInit: Selected Device Profile: [Windows]
[2018.09.15-19.30.11:479][  0]LogInit: Applying CVar settings loaded from the selected device profile: [Windows]
[2018.09.15-19.30.11:518][  0]LogHAL: Display: Platform has ~ 8 GB [8536748032 / 8589934592 / 8], which maps to Default [LargestMinGB=32, LargerMinGB=12, DefaultMinGB=8, SmallerMinGB=6, SmallestMinGB=0)
[2018.09.15-19.30.11:518][  0]LogInit: Setting Device Profile CVar: [[r.Vulkan.UseRealUBs:1]]
[2018.09.15-19.30.11:518][  0]LogInit: Going up to parent DeviceProfile []
[2018.09.15-19.30.11:519][  0]LogInit: Computer: DESKTOP-2UN8804
[2018.09.15-19.30.11:519][  0]LogInit: User: Bogdan
[2018.09.15-19.30.11:519][  0]LogInit: CPU Page size=4096, Cores=4
[2018.09.15-19.30.11:519][  0]LogInit: High frequency timer resolution =3.509036 MHz
[2018.09.15-19.30.11:519][  0]LogMemory: Memory total: Physical=8.0GB (8GB approx)
[2018.09.15-19.30.11:519][  0]LogMemory: Platform Memory Stats for Windows
[2018.09.15-19.30.11:519][  0]LogMemory: Process Physical Memory: 100.63 MB used, 100.63 MB peak
[2018.09.15-19.30.11:519][  0]LogMemory: Process Virtual Memory: 90.85 MB used, 90.85 MB peak
[2018.09.15-19.30.11:519][  0]LogMemory: Physical Memory: 2900.54 MB used,  5240.74 MB free, 8141.28 MB total
[2018.09.15-19.30.11:519][  0]LogMemory: Virtual Memory: 543.62 MB used,  5240.74 MB free, 134217728.00 MB total
[2018.09.15-19.30.11:538][  0]LogInit: Using OS detected language (en-US).
[2018.09.15-19.30.11:538][  0]LogInit: Using OS detected locale (en-US).
[2018.09.15-19.30.11:539][  0]LogTextLocalizationManager: No specific localization for 'en-US' exists, so the 'en' localization will be used.
[2018.09.15-19.30.12:034][  0]LogStreaming: Display: Took  0.496s to InitEngineTextLocalization.
[2018.09.15-19.30.12:034][  0]LogInit: Setting process to per monitor DPI aware
[2018.09.15-19.30.12:085][  0]LogSlate: New Slate User Created.  User Index 0, Is Virtual User: 0
[2018.09.15-19.30.12:085][  0]LogSlate: Slate User Registered.  User Index 0, Is Virtual User: 0
[2018.09.15-19.30.12:351][  0]LogHMD: Failed to initialize OpenVR with code 110
[2018.09.15-19.30.12:351][  0]LogD3D11RHI: D3D11 adapters:
[2018.09.15-19.30.12:436][  0]LogD3D11RHI:    0. 'Radeon RX 560 Series' (Feature Level 11_0)
[2018.09.15-19.30.12:436][  0]LogD3D11RHI:       1993/0/4070 MB DedicatedVideo/DedicatedSystem/SharedSystem, Outputs:1, VendorId:0x1002
[2018.09.15-19.30.12:439][  0]LogD3D11RHI:    1. 'Microsoft Basic Render Driver' (Feature Level 11_0)
[2018.09.15-19.30.12:440][  0]LogD3D11RHI:       0/0/4070 MB DedicatedVideo/DedicatedSystem/SharedSystem, Outputs:0, VendorId:0x1414
[2018.09.15-19.30.12:440][  0]LogD3D11RHI: Chosen D3D11 Adapter: 0
[2018.09.15-19.30.12:448][  0]LogD3D11RHI: Creating new Direct3DDevice
[2018.09.15-19.30.12:448][  0]LogD3D11RHI:     GPU DeviceId: 0x67ef (for the marketing name, search the web for "GPU Device Id")
[2018.09.15-19.30.12:448][  0]LogWindows: EnumDisplayDevices:
[2018.09.15-19.30.12:448][  0]LogWindows:    0. 'Radeon RX 560 Series' (P:1 D:1)
[2018.09.15-19.30.12:448][  0]LogWindows:    1. 'Radeon RX 560 Series' (P:0 D:0)
[2018.09.15-19.30.12:448][  0]LogWindows:    2. 'Radeon RX 560 Series' (P:0 D:0)
[2018.09.15-19.30.12:449][  0]LogWindows:    3. 'Radeon RX 560 Series' (P:0 D:0)
[2018.09.15-19.30.12:449][  0]LogWindows:    4. 'Radeon RX 560 Series' (P:0 D:0)
[2018.09.15-19.30.12:449][  0]LogWindows:    5. 'Radeon RX 560 Series' (P:0 D:0)
[2018.09.15-19.30.12:449][  0]LogWindows: DebugString: FoundDriverCount:6 
[2018.09.15-19.30.12:449][  0]LogD3D11RHI:     Adapter Name: Radeon RX 560 Series
[2018.09.15-19.30.12:449][  0]LogD3D11RHI:   Driver Version: Adrenalin 18.8.1 (internal:24.20.13001.1010, unified:24.20.13001.1010)
[2018.09.15-19.30.12:449][  0]LogD3D11RHI:      Driver Date: 8-2-2018
[2018.09.15-19.30.12:449][  0]LogRHI: Texture pool is 1395 MB (70% of 1993 MB)
[2018.09.15-19.30.12:503][  0]LogD3D11RHI: Async texture creation enabled
[2018.09.15-19.30.12:529][  0]LogD3D11RHI: GPU Timing Frequency: 25.000000 (Debug: 2 1)
[2018.09.15-19.30.12:533][  0]LogShaderCompilers: Guid format shader working directory is -19 characters bigger than the processId version (../../../../../../Users/Bogdan/Documents/Unreal Projects/OurGameBP/Intermediate/Shaders/WorkingDirectory/3708/).
[2018.09.15-19.30.12:533][  0]LogShaderCompilers: Cleaned the shader compiler working directory 'C:/Users/Bogdan/AppData/Local/Temp/UnrealShaderWorkingDir/794D672344A25B92436D27A68ECD3DAD/'.
[2018.09.15-19.30.12:934][  0]LogTemp: Display: Loaded TP AllDesktopTargetPlatform
[2018.09.15-19.30.12:950][  0]LogTemp: Display: Loaded TP MacClientTargetPlatform
[2018.09.15-19.30.12:966][  0]LogTemp: Display: Loaded TP MacNoEditorTargetPlatform
[2018.09.15-19.30.12:993][  0]LogTemp: Display: Loaded TP MacServerTargetPlatform
[2018.09.15-19.30.13:053][  0]LogTemp: Display: Loaded TP MacTargetPlatform
[2018.09.15-19.30.13:070][  0]LogTemp: Display: Loaded TP WindowsClientTargetPlatform
[2018.09.15-19.30.13:112][  0]LogTemp: Display: Loaded TP WindowsNoEditorTargetPlatform
[2018.09.15-19.30.13:144][  0]LogTemp: Display: Loaded TP WindowsServerTargetPlatform
[2018.09.15-19.30.13:154][  0]LogTemp: Display: Loaded TP WindowsTargetPlatform
[2018.09.15-19.30.13:272][  0]LogTemp: Display: Loaded TP AndroidTargetPlatform
[2018.09.15-19.30.13:273][  0]LogTemp: Display: Loaded TP AndroidTargetPlatform
[2018.09.15-19.30.13:273][  0]LogTemp: Display: Loaded TP AndroidTargetPlatform
[2018.09.15-19.30.13:273][  0]LogTemp: Display: Loaded TP AndroidTargetPlatform
[2018.09.15-19.30.13:273][  0]LogTemp: Display: Loaded TP AndroidTargetPlatform
[2018.09.15-19.30.13:273][  0]LogTemp: Display: Loaded TP AndroidTargetPlatform
[2018.09.15-19.30.13:273][  0]LogTemp: Display: Loaded TP AndroidTargetPlatform
[2018.09.15-19.30.13:273][  0]LogTemp: Display: Loaded TP AndroidTargetPlatform
[2018.09.15-19.30.13:273][  0]LogTemp: Display: Loaded TP AndroidTargetPlatform
[2018.09.15-19.30.13:273][  0]LogTemp: Display: Loaded TP AndroidTargetPlatform
[2018.09.15-19.30.13:273][  0]LogTemp: Display: Loaded TP AndroidTargetPlatform
[2018.09.15-19.30.13:273][  0]LogTemp: Display: Loaded TP AndroidTargetPlatform
[2018.09.15-19.30.13:273][  0]LogTemp: Display: Loaded TP AndroidTargetPlatform
[2018.09.15-19.30.13:273][  0]LogTemp: Display: Loaded TP AndroidTargetPlatform
[2018.09.15-19.30.13:273][  0]LogTemp: Display: Loaded TP AndroidTargetPlatform
[2018.09.15-19.30.13:273][  0]LogTemp: Display: Loaded TP AndroidTargetPlatform
[2018.09.15-19.30.13:273][  0]LogTemp: Display: Loaded TP AndroidTargetPlatform
[2018.09.15-19.30.13:273][  0]LogTemp: Display: Loaded TP AndroidTargetPlatform
[2018.09.15-19.30.13:274][  0]LogTemp: Display: Loaded TP HTML5TargetPlatform
[2018.09.15-19.30.13:393][  0]LogTemp: Display: Loaded TP IOSTargetPlatform
[2018.09.15-19.30.13:393][  0]LogTemp: Display: Loaded TP IOSTargetPlatform
[2018.09.15-19.30.13:473][  0]LogTemp: Display: Loaded TP TVOSTargetPlatform
[2018.09.15-19.30.13:473][  0]LogTemp: Display: Loaded TP TVOSTargetPlatform
[2018.09.15-19.30.13:492][  0]LogTemp: Display: Loaded TP LinuxClientTargetPlatform
[2018.09.15-19.30.13:510][  0]LogTemp: Display: Loaded TP LinuxNoEditorTargetPlatform
[2018.09.15-19.30.13:527][  0]LogTemp: Display: Loaded TP LinuxServerTargetPlatform
[2018.09.15-19.30.13:546][  0]LogTemp: Display: Loaded TP LinuxTargetPlatform
[2018.09.15-19.30.13:559][  0]LogTemp: Display: Loaded TP LuminTargetPlatform
[2018.09.15-19.30.13:559][  0]LogTargetPlatformManager: Display: Building Assets For Windows
[2018.09.15-19.30.13:631][  0]LogXGEController: Cannot use XGE Controller as Incredibuild is not installed on this machine.
[2018.09.15-19.30.13:631][  0]LogShaderCompilers: Cannot use XGE Shader Compiler as Incredibuild is not installed on this machine.
[2018.09.15-19.30.13:631][  0]LogShaderCompilers: Display: Using Local Shader Compiler.
[2018.09.15-19.30.14:656][  0]LogDerivedDataCache: Display: Max Cache Size: 512 MB
[2018.09.15-19.30.14:761][  0]LogDerivedDataCache: Loaded boot cache 0.11s 71MB C:/Users/Bogdan/AppData/Local/UnrealEngine/4.20/DerivedDataCache/Boot.ddc.
[2018.09.15-19.30.14:762][  0]LogDerivedDataCache: Display: Loaded Boot cache: C:/Users/Bogdan/AppData/Local/UnrealEngine/4.20/DerivedDataCache/Boot.ddc
[2018.09.15-19.30.14:762][  0]LogDerivedDataCache: FDerivedDataBackendGraph:  Pak pak cache file ../../../../../../Users/Bogdan/Documents/Unreal Projects/OurGameBP/DerivedDataCache/DDC.ddp not found, will not use a pak cache.
[2018.09.15-19.30.14:762][  0]LogDerivedDataCache: Unable to find inner node Pak for hierarchical cache Hierarchy.
[2018.09.15-19.30.14:762][  0]LogDerivedDataCache: FDerivedDataBackendGraph:  CompressedPak pak cache file ../../../../../../Users/Bogdan/Documents/Unreal Projects/OurGameBP/DerivedDataCache/Compressed.ddp not found, will not use a pak cache.
[2018.09.15-19.30.14:762][  0]LogDerivedDataCache: Unable to find inner node CompressedPak for hierarchical cache Hierarchy.
[2018.09.15-19.30.14:783][  0]LogDerivedDataCache: Display: Pak cache opened for reading ../../../Engine/DerivedDataCache/Compressed.ddp.
[2018.09.15-19.30.14:796][  0]LogDerivedDataCache: Using Local data cache path C:/Users/Bogdan/AppData/Local/UnrealEngine/Common/DerivedDataCache: Writable
[2018.09.15-19.30.14:796][  0]LogDerivedDataCache: Shared data cache path not found in *engine.ini, will not use an Shared cache.
[2018.09.15-19.30.14:796][  0]LogDerivedDataCache: Unable to find inner node Shared for hierarchical cache Hierarchy.
[2018.09.15-19.30.14:850][  0]LogMaterial: Verifying Global Shaders for PCD3D_SM5
[2018.09.15-19.30.14:851][  0]LogSlate: Using FreeType 2.6.0
[2018.09.15-19.30.14:852][  0]LogSlate: SlateFontServices - WITH_FREETYPE: 1, WITH_HARFBUZZ: 1
[2018.09.15-19.30.14:928][  0]LogAssetRegistry: FAssetRegistry took 0.0273 seconds to start up
[2018.09.15-19.30.15:363][  0]LogInit: Selected Device Profile: [Windows]
[2018.09.15-19.30.15:433][  0]LogSimplygon: Simplygon DLL not present - disabling.
[2018.09.15-19.30.15:437][  0]LogMeshReduction: Using SimplygonSwarm for distributed automatic mesh merging
[2018.09.15-19.30.15:438][  0]LogMeshReduction: Using ProxyLODMeshReduction for automatic mesh merging
[2018.09.15-19.30.15:438][  0]LogMeshReduction: Using QuadricMeshReduction for automatic static mesh reduction
[2018.09.15-19.30.15:438][  0]LogMeshReduction: No automatic skeletal mesh reduction module available
[2018.09.15-19.30.15:577][  0]LogNetVersion: OurGameBP 1.0.0, NetCL: 4212847, EngineNetVer: 5, GameNetVer: 0 (Checksum: 2791728059)
[2018.09.15-19.30.16:536][  0]LogPackageLocalizationCache: Processed 11 localized package path(s) for 2 prioritized culture(s) in 0.401673 seconds
[2018.09.15-19.30.16:552][  0]LogUObjectArray: 38425 objects as part of root set at end of initial load.
[2018.09.15-19.30.16:552][  0]LogUObjectAllocator: 6690864 out of 0 bytes used by permanent object pool.
[2018.09.15-19.30.16:552][  0]LogUObjectArray: CloseDisregardForGC: 0/0 objects in disregard for GC pool
[2018.09.15-19.30.17:661][  0]LogTcpMessaging: Initializing TcpMessaging bridge
[2018.09.15-19.30.17:676][  0]LogUdpMessaging: Initializing bridge on interface 0.0.0.0:0 to multicast group 230.0.0.1:6666.
[2018.09.15-19.30.17:898][  0]SourceControl: Source control is disabled
[2018.09.15-19.30.20:163][  0]LogAndroidPermission: UAndroidPermissionCallbackProxy::GetInstance
[2018.09.15-19.30.20:230][  0]LogOcInput: OculusInput pre-init called
[2018.09.15-19.30.20:319][  0]LogEngine: Initializing Engine...
[2018.09.15-19.30.20:320][  0]LogHMD: Failed to initialize OpenVR with code 110
[2018.09.15-19.30.20:322][  0]LogStats: UGameplayTagsManager::ConstructGameplayTagTree: ImportINI prefixes -  0.000 s
[2018.09.15-19.30.20:322][  0]LogStats: UGameplayTagsManager::ConstructGameplayTagTree: Construct from data asset -  0.000 s
[2018.09.15-19.30.20:322][  0]LogStats: UGameplayTagsManager::ConstructGameplayTagTree: ImportINI -  0.000 s
[2018.09.15-19.30.20:322][  0]LogStats: UGameplayTagsManager::ConstructGameplayTagTree: GameplayTagTreeChangedEvent.Broadcast -  0.000 s
[2018.09.15-19.30.20:588][  0]LogInit: Initializing FReadOnlyCVARCache
[2018.09.15-19.30.20:604][  0]LogAIModule: Creating AISystem for world Untitled
[2018.09.15-19.30.20:623][  0]LogInit: XAudio2 using 'Speakers (Realtek High Definition Audio)' : 2 channels at 48 kHz using 32 bits per sample (channel mask 0x3)
[2018.09.15-19.30.20:668][  0]LogInit: FAudioDevice initialized.
[2018.09.15-19.30.20:669][  0]LogNetVersion: Set ProjectVersion to 1.0.0.0. Version Checksum will be recalculated on next use.
[2018.09.15-19.30.20:816][  0]LogDerivedDataCache: Saved boot cache 0.15s 71MB C:/Users/Bogdan/AppData/Local/UnrealEngine/4.20/DerivedDataCache/Boot.ddc.
[2018.09.15-19.30.20:828][  0]LogInit: Texture streaming: Enabled
[2018.09.15-19.30.20:859][  0]LogEngineSessionManager: EngineSessionManager initialized
[2018.09.15-19.30.20:873][  0]LogInit: Transaction tracking system initialized
[2018.09.15-19.30.20:933][  0]BlueprintLog: New page: Editor Load
[2018.09.15-19.30.21:050][  0]LocalizationService: Localization service is disabled
[2018.09.15-19.30.21:630][  0]LogCook: Display: Max memory allowance for cook 16384mb min free memory 0mb
[2018.09.15-19.30.21:631][  0]LogCook: Display: Mobile HDR setting 1
[2018.09.15-19.30.21:631][  0]LogGameplayTags: Display: UGameplayTagsManager::DoneAddingNativeTags. DelegateIsBound: 0
[2018.09.15-19.30.21:631][  0]LogStats: UGameplayTagsManager::ConstructGameplayTagTree: ImportINI prefixes -  0.000 s
[2018.09.15-19.30.21:631][  0]LogStats: UGameplayTagsManager::ConstructGameplayTagTree: Construct from data asset -  0.000 s
[2018.09.15-19.30.21:631][  0]LogStats: UGameplayTagsManager::ConstructGameplayTagTree: ImportINI -  0.000 s
[2018.09.15-19.30.21:631][  0]LogStats: UGameplayTagsManager::ConstructGameplayTagTree: GameplayTagTreeChangedEvent.Broadcast -  0.000 s
[2018.09.15-19.30.21:790][  0]LogFileCache: Scanning file cache for directory 'C:/Users/Bogdan/Documents/Unreal Projects/OurGameBP/Content/' took 0.03s
[2018.09.15-19.30.21:790][  0]Cmd: MAP LOAD FILE="../../../../../../Users/Bogdan/Documents/Unreal Projects/OurGameBP/Content/Maps/Mapa1.umap" TEMPLATE=0 SHOWPROGRESS=1 FEATURELEVEL=3
[2018.09.15-19.30.21:790][  0]LightingResults: New page: Lighting Build
[2018.09.15-19.30.21:793][  0]MapCheck: New page: Map Check
[2018.09.15-19.30.21:793][  0]LightingResults: New page: Lighting Build
[2018.09.15-19.31.00:103][  0]LogAIModule: Creating AISystem for world Mapa1
[2018.09.15-19.31.00:618][  0]LogEditorServer: Finished looking for orphan Actors (0.000 secs)
[2018.09.15-19.31.00:794][  0]Cmd: MAP CHECKDEP NOCLEARLOG
[2018.09.15-19.31.00:968][  0]MapCheck: Map check complete: 0 Error(s), 0 Warning(s), took 174.561ms to complete.
[2018.09.15-19.31.00:968][  0]LogFileHelpers: Loading map 'Mapa1' took 39.179
[2018.09.15-19.31.02:324][  0]LogSlate: Updating window title bar state: overlay mode, drag disabled, window buttons hidden, title bar hidden
[2018.09.15-19.31.02:367][  0]LogSlate: Updating window title bar state: overlay mode, drag disabled, window buttons hidden, title bar hidden
[2018.09.15-19.31.02:566][  0]LogCollectionManager: Loaded 0 collections in 0.005783 seconds
[2018.09.15-19.31.03:072][  0]LogFileCache: Scanning file cache for directory 'C:/Users/Bogdan/Documents/Unreal Projects/OurGameBP/Saved/Collections/' took 0.01s
[2018.09.15-19.31.03:072][  0]LogFileCache: Scanning file cache for directory 'C:/Users/Bogdan/Documents/Unreal Projects/OurGameBP/Content/Developers/Bogdan/Collections/' took 0.01s
[2018.09.15-19.31.03:072][  0]LogFileCache: Scanning file cache for directory 'C:/Users/Bogdan/Documents/Unreal Projects/OurGameBP/Content/Collections/' took 0.01s
[2018.09.15-19.31.03:072][  0]LogCollectionManager: Rebuilt the GUID cache for 0 collections in 0.000001 seconds
[2018.09.15-19.31.03:242][  0]LogContentBrowser: Native class hierarchy populated in 0.0384 seconds. Added 2572 classes and 603 folders.
[2018.09.15-19.31.03:449][  0]LogContentBrowser: Native class hierarchy updated for 'WidgetCarousel' in 0.0004 seconds. Added 0 classes and 0 folders.
[2018.09.15-19.31.05:198][  0]LogContentBrowser: Native class hierarchy updated for 'AddContentDialog' in 0.0004 seconds. Added 0 classes and 0 folders.
[2018.09.15-19.31.05:293][  0]LogContentBrowser: Native class hierarchy updated for 'SceneOutliner' in 0.0004 seconds. Added 1 classes and 2 folders.
[2018.09.15-19.31.05:760][  0]LogSlate: Took 0.000296 seconds to synchronously load lazily loaded font '../../../Engine/Content/Slate/Fonts/Roboto-Regular.ttf' (155K)
[2018.09.15-19.31.05:763][  0]LogSlate: Took 0.000264 seconds to synchronously load lazily loaded font '../../../Engine/Content/Slate/Fonts/Roboto-Bold.ttf' (160K)
[2018.09.15-19.31.06:548][  0]LogRenderer: Reallocating scene render targets to support 1212x484 Format 10 NumSamples 1 (Frame:1).
[2018.09.15-19.31.07:624][  0]LogContentBrowser: Native class hierarchy updated for 'HierarchicalLODOutliner' in 0.0004 seconds. Added 0 classes and 0 folders.
[2018.09.15-19.31.07:624][  0]LogLoad: (Engine Initialization) Total time: 60.17 seconds
[2018.09.15-19.31.07:624][  0]LogLoad: (Engine Initialization) Total Blueprint compile time: 0.00 seconds
[2018.09.15-19.31.07:672][  0]LogWindowsTextInputMethodSystem: Display: IME system now deactivated.
[2018.09.15-19.31.07:755][  0]LogContentStreaming: Texture pool size now 1000 MB
[2018.09.15-19.31.07:923][  1]LogRenderer: Reallocating scene render targets to support 1212x500 Format 10 NumSamples 1 (Frame:3).
[2018.09.15-19.31.08:157][  3]LogAssetRegistry: Asset discovery search completed in 53.2512 seconds
[2018.09.15-19.31.08:194][  3]LogCollectionManager: Rebuilt the object cache for 0 collections in 0.000000 seconds (found 0 objects)
[2018.09.15-19.31.08:194][  3]LogCollectionManager: Fixed up redirectors for 0 collections in 0.000089 seconds (updated 0 objects)
[2018.09.15-19.31.09:333][ 43]LogSlate: Took 0.024165 seconds to synchronously load lazily loaded font '../../../Engine/Content/Slate/Fonts/Roboto-Light.ttf' (167K)
[2018.09.15-19.31.24:189][496]LogSlate: FSceneViewport::OnFocusLost() reason 0
[2018.09.15-19.31.26:281][700]LogSlate: FSceneViewport::OnFocusLost() reason 0
[2018.09.15-19.31.28:289][904]LogSlate: Took 0.025005 seconds to synchronously load lazily loaded font '../../../Engine/Content/Editor/Slate/Fonts/FontAwesome.ttf' (139K)
[2018.09.15-19.31.28:441][904]LogSlate: Took 0.000364 seconds to synchronously load lazily loaded font '../../../Engine/Content/Slate/Fonts/Roboto-Light.ttf' (167K)
[2018.09.15-19.31.31:719][154]Cmd: OBJ SAVEPACKAGE PACKAGE="/Game/Maps/Mapa1" FILE="../../../../../../Users/Bogdan/Documents/Unreal Projects/OurGameBP/Content/Maps/Mapa1.umap" SILENT=true AUTOSAVING=false KEEPDIRTY=false
[2018.09.15-19.31.33:726][154]LogSavePackage: Moving '../../../../../../Users/Bogdan/Documents/Unreal Projects/OurGameBP/Saved/Mapa1C9F80C4C454FF2F4A5418C8CA697122B.tmp' to '../../../../../../Users/Bogdan/Documents/Unreal Projects/OurGameBP/Content/Maps/Mapa1.umap'
[2018.09.15-19.31.33:978][154]Cmd: OBJ SAVEPACKAGE PACKAGE="/Game/Maps/Mapa1_BuiltData" FILE="../../../../../../Users/Bogdan/Documents/Unreal Projects/OurGameBP/Content/Maps/Mapa1_BuiltData.uasset" SILENT=true
[2018.09.15-19.31.35:997][154]LogSavePackage: Moving '../../../../../../Users/Bogdan/Documents/Unreal Projects/OurGameBP/Saved/Mapa1_BuiltDataD3A82EB14B1C67F2516F928AC09CC227.tmp' to '../../../../../../Users/Bogdan/Documents/Unreal Projects/OurGameBP/Content/Maps/Mapa1_BuiltData.uasset'
[2018.09.15-19.31.39:830][490]SourceControl: fatal: C:/Program Files/Epic Games/UE_4.20/Engine/Content: 'C:/Program Files/Epic Games/UE_4.20/Engine/Content' is outside repository
[2018.09.15-19.31.51:929][490]LogSlate: Window 'Submit Files' being destroyed
[2018.09.15-19.32.32:382][490]LogSourceControl: commit successful: [master 293e2c3] intro1
[2018.09.15-19.32.32:770][490]SourceControl: [master 293e2c3] intro1
[2018.09.15-19.32.32:770][490]SourceControl:  50 files changed, 0 insertions(+), 0 deletions(-)
[2018.09.15-19.32.32:770][490]SourceControl:  create mode 100644 Content/Bandera.uasset
[2018.09.15-19.32.32:770][490]SourceControl:  create mode 100644 Content/CashPile.uasset
[2018.09.15-19.32.32:770][490]SourceControl:  create mode 100644 Content/CashPile2.uasset
[2018.09.15-19.32.32:770][490]SourceControl:  create mode 100644 Content/CashPile5.uasset
[2018.09.15-19.32.32:770][490]SourceControl:  rewrite Content/Cinematics/Sequences/MasterSeq/MasterSeqMaster.uasset (97%)
[2018.09.15-19.32.32:770][490]SourceControl:  create mode 100644 Content/CityItal.uasset
[2018.09.15-19.32.32:770][490]SourceControl:  create mode 100644 Content/City_Industrial.uasset
[2018.09.15-19.32.32:770][490]SourceControl:  create mode 100644 Content/EuroCashPile2.uasset
[2018.09.15-19.32.32:770][490]SourceControl:  create mode 100644 Content/EuroCashPile3.uasset
[2018.09.15-19.32.32:770][490]SourceControl:  create mode 100644 Content/EuroCashPile4.uasset
[2018.09.15-19.32.32:770][490]SourceControl:  create mode 100644 Content/EuroCashPile5.uasset
[2018.09.15-19.32.32:770][490]SourceControl:  create mode 100644 Content/EuroPile2.uasset
[2018.09.15-19.32.32:770][490]SourceControl:  create mode 100644 Content/Euro_CASHPile.uasset
[2018.09.15-19.32.32:770][490]SourceControl:  create mode 100644 Content/Igra/INTRO/0034-old-building-texture-seamless.uasset
[2018.09.15-19.32.32:770][490]SourceControl:  create mode 100644 Content/Igra/INTRO/0034-old-building-texture-seamless_Mat.uasset
[2018.09.15-19.32.32:770][490]SourceControl:  create mode 100644 Content/Igra/INTRO/50e1250eb794f3ef9f8cbef1ff432508.uasset
[2018.09.15-19.32.32:770][490]SourceControl:  create mode 100644 Content/Igra/INTRO/50e1250eb794f3ef9f8cbef1ff432508_Mat.uasset
[2018.09.15-19.32.32:770][490]SourceControl:  create mode 100644 Content/Igra/INTRO/BUILDINGBIGindustrial.uasset
[2018.09.15-19.32.32:770][490]SourceControl:  create mode 100644 Content/Igra/INTRO/BUILDINGBIGindustrial_Mat.uasset
[2018.09.15-19.32.32:770][490]SourceControl:  create mode 100644 Content/Igra/INTRO/Beige.uasset
[2018.09.15-19.32.32:770][490]SourceControl:  create mode 100644 Content/Igra/INTRO/BeigePurple.uasset
[2018.09.15-19.32.32:770][490]SourceControl:  create mode 100644 Content/Igra/INTRO/BeigePurple_Mat.uasset
[2018.09.15-19.32.32:770][490]SourceControl:  create mode 100644 Content/Igra/INTRO/Beige_Mat.uasset
[2018.09.15-19.32.32:770][490]SourceControl:  create mode 100644 Content/Igra/INTRO/BiuldingFree.uasset
[2018.09.15-19.32.32:771][490]SourceControl:  create mode 100644 Content/Igra/INTRO/BiuldingFree_Mat.uasset
[2018.09.15-19.32.32:771][490]SourceControl:  create mode 100644 Content/Igra/INTRO/BlackFloor.uasset
[2018.09.15-19.32.32:771][490]SourceControl:  create mode 100644 Content/Igra/INTRO/BlackFloor_Mat.uasset
[2018.09.15-19.32.32:771][490]SourceControl:  create mode 100644 Content/Igra/INTRO/BuildingBig_Mat.uasset
[2018.09.15-19.32.32:771][490]SourceControl:  create mode 100644 Content/Igra/INTRO/BuildingBiznis.uasset
[2018.09.15-19.32.32:771][490]SourceControl:  create mode 100644 Content/Igra/INTRO/BuildingBiznis_Mat.uasset
[2018.09.15-19.32.32:771][490]SourceControl:  create mode 100644 Content/Igra/INTRO/BuildingBlock.uasset
[2018.09.15-19.32.32:771][490]SourceControl:  create mode 100644 Content/Igra/INTRO/BuildingBlock_Mat.uasset
[2018.09.15-19.32.32:771][490]SourceControl:  create mode 100644 Content/Igra/INTRO/BuildingSMall_Mat.uasset
[2018.09.15-19.32.32:771][490]SourceControl:  create mode 100644 Content/Igra/INTRO/CASH_EURO_Part.uasset
[2018.09.15-19.32.32:771][490]SourceControl:  create mode 100644 Content/Igra/INTRO/Camel.uasset
[2018.09.15-19.32.32:771][490]SourceControl:  create mode 100644 Content/Igra/INTRO/Camel_Mat.uasset
[2018.09.15-19.32.32:771][490]SourceControl:  create mode 100644 Content/Igra/INTRO/CarSide1.uasset
[2018.09.15-19.32.32:771][490]SourceControl:  create mode 100644 Content/Igra/INTRO/CarSide1_Mat.uasset
[2018.09.15-19.32.32:771][490]SourceControl:  create mode 100644 Content/Igra/INTRO/CastleBig_Mat.uasset
[2018.09.15-19.32.32:771][490]SourceControl:  create mode 100644 Content/Igra/INTRO/ChurchBig_Mat.uasset
[2018.09.15-19.32.32:771][490]SourceControl:  create mode 100644 Content/Igra/INTRO/building_Mat.uasset
[2018.09.15-19.32.32:771][490]SourceControl:  create mode 100644 Content/Igra/INTRO/car2.uasset
[2018.09.15-19.32.32:771][490]SourceControl:  create mode 100644 Content/Igra/INTRO/car2_Mat.uasset
[2018.09.15-19.32.32:771][490]SourceControl:  create mode 100644 Content/Igra/INTRO/carGREEN.uasset
[2018.09.15-19.32.32:771][490]SourceControl:  create mode 100644 Content/Igra/INTRO/carGREEN_Mat.uasset
[2018.09.15-19.32.32:771][490]SourceControl:  create mode 100644 Content/Igra/INTRO/download.uasset
[2018.09.15-19.32.32:771][490]SourceControl:  create mode 100644 Content/Igra/INTRO/download_Mat.uasset
[2018.09.15-19.32.32:771][490]SourceControl:  create mode 100644 Content/Igra/INTRO/download__1_.uasset
[2018.09.15-19.32.32:771][490]SourceControl:  create mode 100644 Content/Igra/INTRO/download__1__Mat.uasset
[2018.09.15-19.32.32:771][490]SourceControl:  create mode 100644 Content/Igra/INTRO/egypt_temple.uasset
[2018.09.15-19.32.32:771][490]SourceControl: [master ef7c179] intro1
[2018.09.15-19.32.32:771][490]SourceControl:  Date: Sat Sep 15 21:32:00 2018 +0200
[2018.09.15-19.32.32:771][490]SourceControl:  100 files changed, 0 insertions(+), 0 deletions(-)
[2018.09.15-19.32.32:771][490]SourceControl:  create mode 100644 Content/Bandera.uasset
[2018.09.15-19.32.32:771][490]SourceControl:  create mode 100644 Content/CashPile.uasset
[2018.09.15-19.32.32:771][490]SourceControl:  create mode 100644 Content/CashPile2.uasset
[2018.09.15-19.32.32:771][490]SourceControl:  create mode 100644 Content/CashPile5.uasset
[2018.09.15-19.32.32:771][490]SourceControl:  rewrite Content/Cinematics/Sequences/MasterSeq/MasterSeqMaster.uasset (97%)
[2018.09.15-19.32.32:771][490]SourceControl:  create mode 100644 Content/CityItal.uasset
[2018.09.15-19.32.32:771][490]SourceControl:  create mode 100644 Content/City_Industrial.uasset
[2018.09.15-19.32.32:771][490]SourceControl:  create mode 100644 Content/EuroCashPile2.uasset
[2018.09.15-19.32.32:771][490]SourceControl:  create mode 100644 Content/EuroCashPile3.uasset
[2018.09.15-19.32.32:771][490]SourceControl:  create mode 100644 Content/EuroCashPile4.uasset
[2018.09.15-19.32.32:771][490]SourceControl:  create mode 100644 Content/EuroCashPile5.uasset
[2018.09.15-19.32.32:771][490]SourceControl:  create mode 100644 Content/EuroPile2.uasset
[2018.09.15-19.32.32:771][490]SourceControl:  create mode 100644 Content/Euro_CASHPile.uasset
[2018.09.15-19.32.32:771][490]SourceControl:  create mode 100644 Content/Igra/INTRO/0034-old-building-texture-seamless.uasset
[2018.09.15-19.32.32:771][490]SourceControl:  create mode 100644 Content/Igra/INTRO/0034-old-building-texture-seamless_Mat.uasset
[2018.09.15-19.32.32:771][490]SourceControl:  create mode 100644 Content/Igra/INTRO/50e1250eb794f3ef9f8cbef1ff432508.uasset
[2018.09.15-19.32.32:771][490]SourceControl:  create mode 100644 Content/Igra/INTRO/50e1250eb794f3ef9f8cbef1ff432508_Mat.uasset
[2018.09.15-19.32.32:771][490]SourceControl:  create mode 100644 Content/Igra/INTRO/BUILDINGBIGindustrial.uasset
[2018.09.15-19.32.32:771][490]SourceControl:  create mode 100644 Content/Igra/INTRO/BUILDINGBIGindustrial_Mat.uasset
[2018.09.15-19.32.32:771][490]SourceControl:  create mode 100644 Content/Igra/INTRO/Beige.uasset
[2018.09.15-19.32.32:771][490]SourceControl:  create mode 100644 Content/Igra/INTRO/BeigePurple.uasset
[2018.09.15-19.32.32:771][490]SourceControl:  create mode 100644 Content/Igra/INTRO/BeigePurple_Mat.uasset
[2018.09.15-19.32.32:771][490]SourceControl:  create mode 100644 Content/Igra/INTRO/Beige_Mat.uasset
[2018.09.15-19.32.32:771][490]SourceControl:  create mode 100644 Content/Igra/INTRO/BiuldingFree.uasset
[2018.09.15-19.32.32:771][490]SourceControl:  create mode 100644 Content/Igra/INTRO/BiuldingFree_Mat.uasset
[2018.09.15-19.32.32:771][490]SourceControl:  create mode 100644 Content/Igra/INTRO/BlackFloor.uasset
[2018.09.15-19.32.32:771][490]SourceControl:  create mode 100644 Content/Igra/INTRO/BlackFloor_Mat.uasset
[2018.09.15-19.32.32:771][490]SourceControl:  create mode 100644 Content/Igra/INTRO/BuildingBig_Mat.uasset
[2018.09.15-19.32.32:771][490]SourceControl:  create mode 100644 Content/Igra/INTRO/BuildingBiznis.uasset
[2018.09.15-19.32.32:771][490]SourceControl:  create mode 100644 Content/Igra/INTRO/BuildingBiznis_Mat.uasset
[2018.09.15-19.32.32:771][490]SourceControl:  create mode 100644 Content/Igra/INTRO/BuildingBlock.uasset
[2018.09.15-19.32.32:772][490]SourceControl:  create mode 100644 Content/Igra/INTRO/BuildingBlock_Mat.uasset
[2018.09.15-19.32.32:772][490]SourceControl:  create mode 100644 Content/Igra/INTRO/BuildingSMall_Mat.uasset
[2018.09.15-19.32.32:772][490]SourceControl:  create mode 100644 Content/Igra/INTRO/CASH_EURO_Part.uasset
[2018.09.15-19.32.32:772][490]SourceControl:  create mode 100644 Content/Igra/INTRO/Camel.uasset
[2018.09.15-19.32.32:772][490]SourceControl:  create mode 100644 Content/Igra/INTRO/Camel_Mat.uasset
[2018.09.15-19.32.32:772][490]SourceControl:  create mode 100644 Content/Igra/INTRO/CarSide1.uasset
[2018.09.15-19.32.32:772][490]SourceControl:  create mode 100644 Content/Igra/INTRO/CarSide1_Mat.uasset
[2018.09.15-19.32.32:772][490]SourceControl:  create mode 100644 Content/Igra/INTRO/CastleBig_Mat.uasset
[2018.09.15-19.32.32:772][490]SourceControl:  create mode 100644 Content/Igra/INTRO/ChurchBig_Mat.uasset
[2018.09.15-19.32.32:772][490]SourceControl:  create mode 100644 Content/Igra/INTRO/Empire_state.uasset
[2018.09.15-19.32.32:772][490]SourceControl:  create mode 100644 Content/Igra/INTRO/Empire_state_Mat.uasset
[2018.09.15-19.32.32:772][490]SourceControl:  create mode 100644 Content/Igra/INTRO/Euro.uasset
[2018.09.15-19.32.32:772][490]SourceControl:  create mode 100644 Content/Igra/INTRO/Euro_Mat.uasset
[2018.09.15-19.32.32:772][490]SourceControl:  create mode 100644 Content/Igra/INTRO/Factory_Small.uasset
[2018.09.15-19.32.32:772][490]SourceControl:  create mode 100644 Content/Igra/INTRO/Factory_Small_Mat.uasset
[2018.09.15-19.32.32:772][490]SourceControl:  create mode 100644 Content/Igra/INTRO/GlassBuilding1.uasset
[2018.09.15-19.32.32:772][490]SourceControl:  create mode 100644 Content/Igra/INTRO/GlassBuilding1_Mat.uasset
[2018.09.15-19.32.32:772][490]SourceControl:  create mode 100644 Content/Igra/INTRO/GlassBuilding2.uasset
[2018.09.15-19.32.32:772][490]SourceControl:  create mode 100644 Content/Igra/INTRO/GlassBuilding2_Mat.uasset
[2018.09.15-19.32.32:772][490]SourceControl:  create mode 100644 Content/Igra/INTRO/GlassBuilding3.uasset
[2018.09.15-19.32.32:772][490]SourceControl:  create mode 100644 Content/Igra/INTRO/GlassBuilding3_Mat.uasset
[2018.09.15-19.32.32:772][490]SourceControl:  create mode 100644 Content/Igra/INTRO/Grass_high_view_seamless_texture_2048x2048.uasset
[2018.09.15-19.32.32:772][490]SourceControl:  create mode 100644 Content/Igra/INTRO/Grass_high_view_seamless_texture_2048x2048_Mat.uasset
[2018.09.15-19.32.32:772][490]SourceControl:  create mode 100644 Content/Igra/INTRO/HouseNext_Mat.uasset
[2018.09.15-19.32.32:772][490]SourceControl:  create mode 100644 Content/Igra/INTRO/HouseNormal_Mat.uasset
[2018.09.15-19.32.32:772][490]SourceControl:  create mode 100644 Content/Igra/INTRO/HouseNormall2_Mat.uasset
[2018.09.15-19.32.32:772][490]SourceControl:  create mode 100644 Content/Igra/INTRO/Intro_SOUND/Jungle_Sound_Effect.uasset
[2018.09.15-19.32.32:772][490]SourceControl:  create mode 100644 Content/Igra/INTRO/Intro_SOUND/POPULAR_WHOOSH_SOUND_EFFECTS_FOR_EDITS.uasset
[2018.09.15-19.32.32:772][490]SourceControl:  create mode 100644 Content/Igra/INTRO/Intro_SOUND/Sea__Ocean_Wave_Sound_Effect__Royalty_Free_Sound_Effects__Sound_Effects__Good_Vibes.uasset
[2018.09.15-19.32.32:772][490]SourceControl:  create mode 100644 Content/Igra/INTRO/Italian_Building_Mat.uasset
[2018.09.15-19.32.32:772][490]SourceControl:  create mode 100644 Content/Igra/INTRO/Italian_House.uasset
[2018.09.15-19.32.32:772][490]SourceControl:  create mode 100644 Content/Igra/INTRO/Italian_House_Mat.uasset
[2018.09.15-19.32.32:772][490]SourceControl:  create mode 100644 Content/Igra/INTRO/OldChurch_Mat.uasset
[2018.09.15-19.32.32:772][490]SourceControl:  create mode 100644 Content/Igra/INTRO/Palazzo.uasset
[2018.09.15-19.32.32:772][490]SourceControl:  create mode 100644 Content/Igra/INTRO/Palazzo_Mat.uasset
[2018.09.15-19.32.32:772][490]SourceControl:  create mode 100644 Content/Igra/INTRO/PoloPlayer.uasset
[2018.09.15-19.32.32:772][490]SourceControl:  create mode 100644 Content/Igra/INTRO/PoloPlayer_Mat.uasset
[2018.09.15-19.32.32:772][490]SourceControl:  create mode 100644 Content/Igra/INTRO/Polo_Player.uasset
[2018.09.15-19.32.32:772][490]SourceControl:  create mode 100644 Content/Igra/INTRO/Polo_Player_Mat.uasset
[2018.09.15-19.32.32:772][490]SourceControl:  rewrite Content/Igra/INTRO/PyramidFULL_Mat.uasset (97%)
[2018.09.15-19.32.32:772][490]SourceControl:  create mode 100644 Content/Igra/INTRO/RedCarpet.uasset
[2018.09.15-19.32.32:772][490]SourceControl:  create mode 100644 Content/Igra/INTRO/RedCarpet_Mat.uasset
[2018.09.15-19.32.32:772][490]SourceControl:  create mode 100644 Content/Igra/INTRO/RedGradient.uasset
[2018.09.15-19.32.32:772][490]SourceControl:  create mode 100644 Content/Igra/INTRO/RedGradient_Mat.uasset
[2018.09.15-19.32.32:772][490]SourceControl:  create mode 100644 Content/Igra/INTRO/Robna_Kuca.uasset
[2018.09.15-19.32.32:772][490]SourceControl:  create mode 100644 Content/Igra/INTRO/Robna_Kuca_Mat.uasset
[2018.09.15-19.32.32:772][490]SourceControl:  create mode 100644 Content/Igra/INTRO/Roman_Mat.uasset
[2018.09.15-19.32.32:772][490]SourceControl:  create mode 100644 Content/Igra/INTRO/building_Mat.uasset
[2018.09.15-19.32.32:772][490]SourceControl:  create mode 100644 Content/Igra/INTRO/car2.uasset
[2018.09.15-19.32.32:772][490]SourceControl:  create mode 100644 Content/Igra/INTRO/car2_Mat.uasset
[2018.09.15-19.32.32:772][490]SourceControl:  create mode 100644 Content/Igra/INTRO/carGREEN.uasset
[2018.09.15-19.32.32:772][490]SourceControl:  create mode 100644 Content/Igra/INTRO/carGREEN_Mat.uasset
[2018.09.15-19.32.32:772][490]SourceControl:  create mode 100644 Content/Igra/INTRO/download.uasset
[2018.09.15-19.32.32:772][490]SourceControl:  create mode 100644 Content/Igra/INTRO/download_Mat.uasset
[2018.09.15-19.32.32:772][490]SourceControl:  create mode 100644 Content/Igra/INTRO/download__1_.uasset
[2018.09.15-19.32.32:772][490]SourceControl:  create mode 100644 Content/Igra/INTRO/download__1__Mat.uasset
[2018.09.15-19.32.32:772][490]SourceControl:  create mode 100644 Content/Igra/INTRO/egypt_temple.uasset
[2018.09.15-19.32.32:773][490]SourceControl:  create mode 100644 Content/Igra/INTRO/egypt_temple_Mat.uasset
[2018.09.15-19.32.32:773][490]SourceControl:  create mode 100644 Content/Igra/INTRO/frontend-large.uasset
[2018.09.15-19.32.32:773][490]SourceControl:  create mode 100644 Content/Igra/INTRO/frontend-large_Mat.uasset
[2018.09.15-19.32.32:773][490]SourceControl:  rewrite Content/Igra/INTRO/grassHIREZ_Mat.uasset (98%)
[2018.09.15-19.32.32:773][490]SourceControl:  create mode 100644 Content/Igra/INTRO/mona_Lisa.uasset
[2018.09.15-19.32.32:773][490]SourceControl:  create mode 100644 Content/Igra/INTRO/mona_Lisa_Mat.uasset
[2018.09.15-19.32.32:773][490]SourceControl:  create mode 100644 Content/Igra/INTRO/plastic_texture1361.uasset
[2018.09.15-19.32.32:773][490]SourceControl:  create mode 100644 Content/Igra/INTRO/plastic_texture1361_Mat.uasset
[2018.09.15-19.32.32:773][490]SourceControl:  create mode 100644 Content/Igra/INTRO/s70-rendering-white.uasset
[2018.09.15-19.32.32:773][490]SourceControl:  create mode 100644 Content/Igra/INTRO/s70-rendering-white_Mat.uasset
[2018.09.15-19.32.32:773][490]SourceControl:  create mode 100644 Content/Igra/INTRO/sidewalk.uasset
[2018.09.15-19.32.32:773][490]SourceControl:  create mode 100644 Content/Igra/INTRO/sidewalk_Mat.uasset
[2018.09.15-19.32.32:773][490]SourceControl: [master cbaabcc] intro1
[2018.09.15-19.32.32:773][490]SourceControl:  Date: Sat Sep 15 21:32:00 2018 +0200
[2018.09.15-19.32.32:773][490]SourceControl:  128 files changed, 0 insertions(+), 0 deletions(-)
[2018.09.15-19.32.32:773][490]SourceControl:  create mode 100644 Content/Bandera.uasset
[2018.09.15-19.32.32:773][490]SourceControl:  create mode 100644 Content/CashPile.uasset
[2018.09.15-19.32.32:773][490]SourceControl:  create mode 100644 Content/CashPile2.uasset
[2018.09.15-19.32.32:773][490]SourceControl:  create mode 100644 Content/CashPile5.uasset
[2018.09.15-19.32.32:773][490]SourceControl:  rewrite Content/Cinematics/Sequences/MasterSeq/MasterSeqMaster.uasset (97%)
[2018.09.15-19.32.32:773][490]SourceControl:  create mode 100644 Content/CityItal.uasset
[2018.09.15-19.32.32:773][490]SourceControl:  create mode 100644 Content/City_Industrial.uasset
[2018.09.15-19.32.32:773][490]SourceControl:  create mode 100644 Content/EuroCashPile2.uasset
[2018.09.15-19.32.32:773][490]SourceControl:  create mode 100644 Content/EuroCashPile3.uasset
[2018.09.15-19.32.32:773][490]SourceControl:  create mode 100644 Content/EuroCashPile4.uasset
[2018.09.15-19.32.32:773][490]SourceControl:  create mode 100644 Content/EuroCashPile5.uasset
[2018.09.15-19.32.32:773][490]SourceControl:  create mode 100644 Content/EuroPile2.uasset
[2018.09.15-19.32.32:773][490]SourceControl:  create mode 100644 Content/Euro_CASHPile.uasset
[2018.09.15-19.32.32:773][490]SourceControl:  create mode 100644 Content/Igra/INTRO/0034-old-building-texture-seamless.uasset
[2018.09.15-19.32.32:773][490]SourceControl:  create mode 100644 Content/Igra/INTRO/0034-old-building-texture-seamless_Mat.uasset
[2018.09.15-19.32.32:773][490]SourceControl:  create mode 100644 Content/Igra/INTRO/50e1250eb794f3ef9f8cbef1ff432508.uasset
[2018.09.15-19.32.32:773][490]SourceControl:  create mode 100644 Content/Igra/INTRO/50e1250eb794f3ef9f8cbef1ff432508_Mat.uasset
[2018.09.15-19.32.32:773][490]SourceControl:  create mode 100644 Content/Igra/INTRO/BUILDINGBIGindustrial.uasset
[2018.09.15-19.32.32:773][490]SourceControl:  create mode 100644 Content/Igra/INTRO/BUILDINGBIGindustrial_Mat.uasset
[2018.09.15-19.32.32:773][490]SourceControl:  create mode 100644 Content/Igra/INTRO/Beige.uasset
[2018.09.15-19.32.32:773][490]SourceControl:  create mode 100644 Content/Igra/INTRO/BeigePurple.uasset
[2018.09.15-19.32.32:773][490]SourceControl:  create mode 100644 Content/Igra/INTRO/BeigePurple_Mat.uasset
[2018.09.15-19.32.32:773][490]SourceControl:  create mode 100644 Content/Igra/INTRO/Beige_Mat.uasset
[2018.09.15-19.32.32:773][490]SourceControl:  create mode 100644 Content/Igra/INTRO/BiuldingFree.uasset
[2018.09.15-19.32.32:773][490]SourceControl:  create mode 100644 Content/Igra/INTRO/BiuldingFree_Mat.uasset
[2018.09.15-19.32.32:773][490]SourceControl:  create mode 100644 Content/Igra/INTRO/BlackFloor.uasset
[2018.09.15-19.32.32:773][490]SourceControl:  create mode 100644 Content/Igra/INTRO/BlackFloor_Mat.uasset
[2018.09.15-19.32.32:773][490]SourceControl:  create mode 100644 Content/Igra/INTRO/BuildingBig_Mat.uasset
[2018.09.15-19.32.32:773][490]SourceControl:  create mode 100644 Content/Igra/INTRO/BuildingBiznis.uasset
[2018.09.15-19.32.32:773][490]SourceControl:  create mode 100644 Content/Igra/INTRO/BuildingBiznis_Mat.uasset
[2018.09.15-19.32.32:773][490]SourceControl:  create mode 100644 Content/Igra/INTRO/BuildingBlock.uasset
[2018.09.15-19.32.32:773][490]SourceControl:  create mode 100644 Content/Igra/INTRO/BuildingBlock_Mat.uasset
[2018.09.15-19.32.32:773][490]SourceControl:  create mode 100644 Content/Igra/INTRO/BuildingSMall_Mat.uasset
[2018.09.15-19.32.32:773][490]SourceControl:  create mode 100644 Content/Igra/INTRO/CASH_EURO_Part.uasset
[2018.09.15-19.32.32:773][490]SourceControl:  create mode 100644 Content/Igra/INTRO/Camel.uasset
[2018.09.15-19.32.32:773][490]SourceControl:  create mode 100644 Content/Igra/INTRO/Camel_Mat.uasset
[2018.09.15-19.32.32:773][490]SourceControl:  create mode 100644 Content/Igra/INTRO/CarSide1.uasset
[2018.09.15-19.32.32:773][490]SourceControl:  create mode 100644 Content/Igra/INTRO/CarSide1_Mat.uasset
[2018.09.15-19.32.32:773][490]SourceControl:  create mode 100644 Content/Igra/INTRO/CastleBig_Mat.uasset
[2018.09.15-19.32.32:773][490]SourceControl:  create mode 100644 Content/Igra/INTRO/ChurchBig_Mat.uasset
[2018.09.15-19.32.32:773][490]SourceControl:  create mode 100644 Content/Igra/INTRO/Empire_state.uasset
[2018.09.15-19.32.32:773][490]SourceControl:  create mode 100644 Content/Igra/INTRO/Empire_state_Mat.uasset
[2018.09.15-19.32.32:773][490]SourceControl:  create mode 100644 Content/Igra/INTRO/Euro.uasset
[2018.09.15-19.32.32:773][490]SourceControl:  create mode 100644 Content/Igra/INTRO/Euro_Mat.uasset
[2018.09.15-19.32.32:774][490]SourceControl:  create mode 100644 Content/Igra/INTRO/Factory_Small.uasset
[2018.09.15-19.32.32:774][490]SourceControl:  create mode 100644 Content/Igra/INTRO/Factory_Small_Mat.uasset
[2018.09.15-19.32.32:774][490]SourceControl:  create mode 100644 Content/Igra/INTRO/GlassBuilding1.uasset
[2018.09.15-19.32.32:774][490]SourceControl:  create mode 100644 Content/Igra/INTRO/GlassBuilding1_Mat.uasset
[2018.09.15-19.32.32:774][490]SourceControl:  create mode 100644 Content/Igra/INTRO/GlassBuilding2.uasset
[2018.09.15-19.32.32:774][490]SourceControl:  create mode 100644 Content/Igra/INTRO/GlassBuilding2_Mat.uasset
[2018.09.15-19.32.32:774][490]SourceControl:  create mode 100644 Content/Igra/INTRO/GlassBuilding3.uasset
[2018.09.15-19.32.32:774][490]SourceControl:  create mode 100644 Content/Igra/INTRO/GlassBuilding3_Mat.uasset
[2018.09.15-19.32.32:774][490]SourceControl:  create mode 100644 Content/Igra/INTRO/Grass_high_view_seamless_texture_2048x2048.uasset
[2018.09.15-19.32.32:774][490]SourceControl:  create mode 100644 Content/Igra/INTRO/Grass_high_view_seamless_texture_2048x2048_Mat.uasset
[2018.09.15-19.32.32:774][490]SourceControl:  create mode 100644 Content/Igra/INTRO/HouseNext_Mat.uasset
[2018.09.15-19.32.32:774][490]SourceControl:  create mode 100644 Content/Igra/INTRO/HouseNormal_Mat.uasset
[2018.09.15-19.32.32:774][490]SourceControl:  create mode 100644 Content/Igra/INTRO/HouseNormall2_Mat.uasset
[2018.09.15-19.32.32:774][490]SourceControl:  create mode 100644 Content/Igra/INTRO/Intro_SOUND/Jungle_Sound_Effect.uasset
[2018.09.15-19.32.32:774][490]SourceControl:  create mode 100644 Content/Igra/INTRO/Intro_SOUND/POPULAR_WHOOSH_SOUND_EFFECTS_FOR_EDITS.uasset
[2018.09.15-19.32.32:774][490]SourceControl:  create mode 100644 Content/Igra/INTRO/Intro_SOUND/Sea__Ocean_Wave_Sound_Effect__Royalty_Free_Sound_Effects__Sound_Effects__Good_Vibes.uasset
[2018.09.15-19.32.32:774][490]SourceControl:  create mode 100644 Content/Igra/INTRO/Italian_Building_Mat.uasset
[2018.09.15-19.32.32:774][490]SourceControl:  create mode 100644 Content/Igra/INTRO/Italian_House.uasset
[2018.09.15-19.32.32:774][490]SourceControl:  create mode 100644 Content/Igra/INTRO/Italian_House_Mat.uasset
[2018.09.15-19.32.32:774][490]SourceControl:  create mode 100644 Content/Igra/INTRO/OldChurch_Mat.uasset
[2018.09.15-19.32.32:774][490]SourceControl:  create mode 100644 Content/Igra/INTRO/Palazzo.uasset
[2018.09.15-19.32.32:774][490]SourceControl:  create mode 100644 Content/Igra/INTRO/Palazzo_Mat.uasset
[2018.09.15-19.32.32:774][490]SourceControl:  create mode 100644 Content/Igra/INTRO/PoloPlayer.uasset
[2018.09.15-19.32.32:774][490]SourceControl:  create mode 100644 Content/Igra/INTRO/PoloPlayer_Mat.uasset
[2018.09.15-19.32.32:774][490]SourceControl:  create mode 100644 Content/Igra/INTRO/Polo_Player.uasset
[2018.09.15-19.32.32:774][490]SourceControl:  create mode 100644 Content/Igra/INTRO/Polo_Player_Mat.uasset
[2018.09.15-19.32.32:774][490]SourceControl:  rewrite Content/Igra/INTRO/PyramidFULL_Mat.uasset (97%)
[2018.09.15-19.32.32:774][490]SourceControl:  create mode 100644 Content/Igra/INTRO/RedCarpet.uasset
[2018.09.15-19.32.32:774][490]SourceControl:  create mode 100644 Content/Igra/INTRO/RedCarpet_Mat.uasset
[2018.09.15-19.32.32:774][490]SourceControl:  create mode 100644 Content/Igra/INTRO/RedGradient.uasset
[2018.09.15-19.32.32:774][490]SourceControl:  create mode 100644 Content/Igra/INTRO/RedGradient_Mat.uasset
[2018.09.15-19.32.32:774][490]SourceControl:  create mode 100644 Content/Igra/INTRO/Robna_Kuca.uasset
[2018.09.15-19.32.32:774][490]SourceControl:  create mode 100644 Content/Igra/INTRO/Robna_Kuca_Mat.uasset
[2018.09.15-19.32.32:774][490]SourceControl:  create mode 100644 Content/Igra/INTRO/Roman_Mat.uasset
[2018.09.15-19.32.32:774][490]SourceControl:  create mode 100644 Content/Igra/INTRO/Smoke_Factory.uasset
[2018.09.15-19.32.32:774][490]SourceControl:  rewrite Content/Igra/INTRO/Sphinx_Mat.uasset (97%)
[2018.09.15-19.32.32:774][490]SourceControl:  create mode 100644 Content/Igra/INTRO/StatueOfLiberty.uasset
[2018.09.15-19.32.32:774][490]SourceControl:  create mode 100644 Content/Igra/INTRO/StatueOfLiberty_Mat.uasset
[2018.09.15-19.32.32:774][490]SourceControl:  create mode 100644 Content/Igra/INTRO/SteamTrain.uasset
[2018.09.15-19.32.32:774][490]SourceControl:  create mode 100644 Content/Igra/INTRO/SteamTrain_Mat.uasset
[2018.09.15-19.32.32:774][490]SourceControl:  create mode 100644 Content/Igra/INTRO/Tavern_Mat.uasset
[2018.09.15-19.32.32:774][490]SourceControl:  create mode 100644 Content/Igra/INTRO/WaterSplashPart.uasset
[2018.09.15-19.32.32:775][490]SourceControl:  create mode 100644 Content/Igra/INTRO/WoodenHouse_Mat.uasset
[2018.09.15-19.32.32:775][490]SourceControl:  create mode 100644 Content/Igra/INTRO/building_Mat.uasset
[2018.09.15-19.32.32:775][490]SourceControl:  create mode 100644 Content/Igra/INTRO/car2.uasset
[2018.09.15-19.32.32:775][490]SourceControl:  create mode 100644 Content/Igra/INTRO/car2_Mat.uasset
[2018.09.15-19.32.32:775][490]SourceControl:  create mode 100644 Content/Igra/INTRO/carGREEN.uasset
[2018.09.15-19.32.32:775][490]SourceControl:  create mode 100644 Content/Igra/INTRO/carGREEN_Mat.uasset
[2018.09.15-19.32.32:775][490]SourceControl:  create mode 100644 Content/Igra/INTRO/download.uasset
[2018.09.15-19.32.32:775][490]SourceControl:  create mode 100644 Content/Igra/INTRO/download_Mat.uasset
[2018.09.15-19.32.32:775][490]SourceControl:  create mode 100644 Content/Igra/INTRO/download__1_.uasset
[2018.09.15-19.32.32:775][490]SourceControl:  create mode 100644 Content/Igra/INTRO/download__1__Mat.uasset
[2018.09.15-19.32.32:775][490]SourceControl:  create mode 100644 Content/Igra/INTRO/egypt_temple.uasset
[2018.09.15-19.32.32:775][490]SourceControl:  create mode 100644 Content/Igra/INTRO/egypt_temple_Mat.uasset
[2018.09.15-19.32.32:775][490]SourceControl:  create mode 100644 Content/Igra/INTRO/frontend-large.uasset
[2018.09.15-19.32.32:775][490]SourceControl:  create mode 100644 Content/Igra/INTRO/frontend-large_Mat.uasset
[2018.09.15-19.32.32:775][490]SourceControl:  rewrite Content/Igra/INTRO/grassHIREZ_Mat.uasset (98%)
[2018.09.15-19.32.32:775][490]SourceControl:  create mode 100644 Content/Igra/INTRO/mona_Lisa.uasset
[2018.09.15-19.32.32:775][490]SourceControl:  create mode 100644 Content/Igra/INTRO/mona_Lisa_Mat.uasset
[2018.09.15-19.32.32:775][490]SourceControl:  create mode 100644 Content/Igra/INTRO/plastic_texture1361.uasset
[2018.09.15-19.32.32:775][490]SourceControl:  create mode 100644 Content/Igra/INTRO/plastic_texture1361_Mat.uasset
[2018.09.15-19.32.32:775][490]SourceControl:  create mode 100644 Content/Igra/INTRO/s70-rendering-white.uasset
[2018.09.15-19.32.32:775][490]SourceControl:  create mode 100644 Content/Igra/INTRO/s70-rendering-white_Mat.uasset
[2018.09.15-19.32.32:775][490]SourceControl:  create mode 100644 Content/Igra/INTRO/sidewalk.uasset
[2018.09.15-19.32.32:775][490]SourceControl:  create mode 100644 Content/Igra/INTRO/sidewalk_Mat.uasset
[2018.09.15-19.32.32:775][490]SourceControl:  create mode 100644 Content/Igra/INTRO/statue_of_liberty_PNG38_Mat.uasset
[2018.09.15-19.32.32:775][490]SourceControl:  create mode 100644 Content/Igra/INTRO/street.uasset
[2018.09.15-19.32.32:775][490]SourceControl:  create mode 100644 Content/Igra/INTRO/street_Mat.uasset
[2018.09.15-19.32.32:775][490]SourceControl:  create mode 100644 Content/Igra/INTRO/united_nations.uasset
[2018.09.15-19.32.32:776][490]SourceControl:  create mode 100644 Content/Igra/INTRO/united_nations_Mat.uasset
[2018.09.15-19.32.32:776][490]SourceControl:  create mode 100644 Content/Igra/INTRO/watersplash.uasset
[2018.09.15-19.32.32:776][490]SourceControl:  create mode 100644 Content/Igra/INTRO/watersplash_Mat.uasset
[2018.09.15-19.32.32:776][490]SourceControl:  create mode 100644 Content/Igra/INTRO/whitebeton.uasset
[2018.09.15-19.32.32:776][490]SourceControl:  create mode 100644 Content/Igra/INTRO/whitebeton_Mat.uasset
[2018.09.15-19.32.32:776][490]SourceControl:  create mode 100644 Content/Igra/INTRO/wood_Mat.uasset
[2018.09.15-19.32.32:776][490]SourceControl:  rewrite Content/LevSeq_4.uasset (77%)
[2018.09.15-19.32.32:776][490]SourceControl:  rewrite Content/LevSeq_6.uasset (93%)
[2018.09.15-19.32.32:776][490]SourceControl:  create mode 100644 Content/LevSeq_7.uasset
[2018.09.15-19.32.32:776][490]SourceControl:  create mode 100644 Content/LevSeq_8.uasset
[2018.09.15-19.32.32:776][490]SourceControl:  create mode 100644 Content/LevSeq_9.uasset
[2018.09.15-19.32.32:776][490]SourceControl:  create mode 100644 Content/RAILROAD.uasset
[2018.09.15-19.32.32:776][490]SourceControl:  create mode 100644 Content/SEMAFOR.uasset
[2018.09.15-19.32.32:798][490]SourceControl: Commited [master 293e2c3] intro1.
[2018.09.15-19.32.50:610][213]LogSlate: Window 'OurGameBP - Unreal Editor' being destroyed
[2018.09.15-19.32.50:611][213]LogWindowsTextInputMethodSystem: Display: IME system now deactivated.
[2018.09.15-19.32.51:109][214]Cmd: QUIT_EDITOR
[2018.09.15-19.32.51:181][214]LogExit: Preparing to exit.
[2018.09.15-19.32.51:882][214]LogExit: Editor shut down
[2018.09.15-19.32.51:883][214]LogExit: Transaction tracking system shut down
[2018.09.15-19.32.52:227][214]LogExit: Object subsystem successfully closed.
[2018.09.15-19.32.52:255][214]LogShaderCompilers: Display: Shaders left to compile 0
[2018.09.15-19.32.52:267][214]LogD3D11RHI: Shutdown
[2018.09.15-19.32.52:267][214]LogD3D11RHI: CleanupD3DDevice
[2018.09.15-19.32.52:277][214]LogD3D11RHI: ~FD3D11DynamicRHI
[2018.09.15-19.32.52:317][214]LogModuleManager: Shutting down and abandoning module HierarchicalLODOutliner (610)
[2018.09.15-19.32.52:317][214]LogModuleManager: Shutting down and abandoning module SceneOutliner (608)
[2018.09.15-19.32.52:317][214]LogModuleManager: Shutting down and abandoning module AddContentDialog (606)
[2018.09.15-19.32.52:318][214]LogModuleManager: Shutting down and abandoning module WidgetCarousel (605)
[2018.09.15-19.32.52:318][214]LogModuleManager: Shutting down and abandoning module EditorWidgets (602)
[2018.09.15-19.32.52:318][214]LogModuleManager: Shutting down and abandoning module CollectionManager (600)
[2018.09.15-19.32.52:318][214]LogModuleManager: Shutting down and abandoning module StatsViewer (598)
[2018.09.15-19.32.52:318][214]LogModuleManager: Shutting down and abandoning module FoliageEdit (596)
[2018.09.15-19.32.52:318][214]LogModuleManager: Shutting down and abandoning module LandscapeEditor (594)
[2018.09.15-19.32.52:318][214]LogModuleManager: Shutting down and abandoning module MeshPaintMode (592)
[2018.09.15-19.32.52:318][214]LogModuleManager: Shutting down and abandoning module SceneDepthPickerMode (590)
[2018.09.15-19.32.52:318][214]LogModuleManager: Shutting down and abandoning module ActorPickerMode (588)
[2018.09.15-19.32.52:318][214]LogModuleManager: Shutting down and abandoning module GeometryMode (586)
[2018.09.15-19.32.52:318][214]LogModuleManager: Shutting down and abandoning module TextureAlignMode (584)
[2018.09.15-19.32.52:318][214]LogModuleManager: Shutting down and abandoning module BspMode (582)
[2018.09.15-19.32.52:318][214]LogModuleManager: Shutting down and abandoning module PIEPreviewDeviceProfileSelector (580)
[2018.09.15-19.32.52:318][214]LogModuleManager: Shutting down and abandoning module SequenceRecorderSections (578)
[2018.09.15-19.32.52:318][214]LogModuleManager: Shutting down and abandoning module AutomationWorker (576)
[2018.09.15-19.32.52:318][214]LogModuleManager: Shutting down and abandoning module AudioCaptureEditor (574)
[2018.09.15-19.32.52:318][214]LogModuleManager: Shutting down and abandoning module SequenceRecorder (573)
[2018.09.15-19.32.52:318][214]LogModuleManager: Shutting down and abandoning module MatineeToLevelSequence (570)
[2018.09.15-19.32.52:318][214]LogModuleManager: Shutting down and abandoning module LevelSequenceEditor (568)
[2018.09.15-19.32.52:319][214]LogModuleManager: Shutting down and abandoning module PlacementMode (567)
[2018.09.15-19.32.52:319][214]LogModuleManager: Shutting down and abandoning module MaterialEditor (566)
[2018.09.15-19.32.52:319][214]LogModuleManager: Shutting down and abandoning module WmfMediaFactory (562)
[2018.09.15-19.32.52:319][214]LogModuleManager: Shutting down and abandoning module WmfMediaEditor (560)
[2018.09.15-19.32.52:319][214]LogModuleManager: Shutting down and abandoning module MediaPlayerEditor (558)
[2018.09.15-19.32.52:319][214]LogModuleManager: Shutting down and abandoning module OpenExrWrapper (556)
[2018.09.15-19.32.52:319][214]LogModuleManager: Shutting down and abandoning module ImgMediaFactory (554)
[2018.09.15-19.32.52:319][214]LogModuleManager: Shutting down and abandoning module ImgMediaEditor (552)
[2018.09.15-19.32.52:319][214]LogModuleManager: Shutting down and abandoning module AvfMediaFactory (550)
[2018.09.15-19.32.52:319][214]LogModuleManager: Shutting down and abandoning module AvfMediaEditor (548)
[2018.09.15-19.32.52:319][214]LogModuleManager: Shutting down and abandoning module AndroidMediaFactory (546)
[2018.09.15-19.32.52:319][214]LogModuleManager: Shutting down and abandoning module AndroidMediaEditor (544)
[2018.09.15-19.32.52:319][214]LogModuleManager: Shutting down and abandoning module MagicLeapCameraPreviewFactory (542)
[2018.09.15-19.32.52:319][214]LogModuleManager: Shutting down and abandoning module MagicLeapMediaFactory (540)
[2018.09.15-19.32.52:319][214]LogModuleManager: Shutting down and abandoning module MagicLeapMediaEditor (538)
[2018.09.15-19.32.52:319][214]LogModuleManager: Shutting down and abandoning module CharacterAI (536)
[2018.09.15-19.32.52:319][214]LogModuleManager: Shutting down and abandoning module SmartSnapping (534)
[2018.09.15-19.32.52:319][214]LogModuleManager: Shutting down and abandoning module SessionServices (532)
[2018.09.15-19.32.52:319][214]LogModuleManager: Shutting down and abandoning module ViewportSnapping (530)
[2018.09.15-19.32.52:319][214]LogModuleManager: Shutting down and abandoning module ViewportInteraction (528)
[2018.09.15-19.32.52:319][214]LogModuleManager: Shutting down and abandoning module ClothPainter (526)
[2018.09.15-19.32.52:319][214]LogModuleManager: Shutting down and abandoning module SkeletalMeshEditor (525)
[2018.09.15-19.32.52:319][214]LogModuleManager: Shutting down and abandoning module LogVisualizer (522)
[2018.09.15-19.32.52:319][214]LogModuleManager: Shutting down and abandoning module IntroTutorials (520)
[2018.09.15-19.32.52:319][214]LogModuleManager: Shutting down and abandoning module GameProjectGeneration (519)
[2018.09.15-19.32.52:319][214]LogModuleManager: Shutting down and abandoning module LuminPlatformEditor (516)
[2018.09.15-19.32.52:319][214]LogModuleManager: Shutting down and abandoning module IOSPlatformEditor (514)
[2018.09.15-19.32.52:319][214]LogModuleManager: Shutting down and abandoning module HTML5PlatformEditor (512)
[2018.09.15-19.32.52:319][214]LogModuleManager: Shutting down and abandoning module AndroidPlatformEditor (510)
[2018.09.15-19.32.52:319][214]LogModuleManager: Shutting down and abandoning module AndroidDeviceDetection (509)
[2018.09.15-19.32.53:112][214]LogModuleManager: Shutting down and abandoning module WindowsPlatformEditor (506)
[2018.09.15-19.32.53:112][214]LogModuleManager: Shutting down and abandoning module LuminRuntimeSettings (504)
[2018.09.15-19.32.53:112][214]LogModuleManager: Shutting down and abandoning module IOSRuntimeSettings (502)
[2018.09.15-19.32.53:112][214]LogModuleManager: Shutting down and abandoning module AndroidRuntimeSettings (500)
[2018.09.15-19.32.53:112][214]LogModuleManager: Shutting down and abandoning module InputBindingEditor (498)
[2018.09.15-19.32.53:112][214]LogModuleManager: Shutting down and abandoning module MergeActors (496)
[2018.09.15-19.32.53:112][214]LogModuleManager: Shutting down and abandoning module LocalizationDashboard (494)
[2018.09.15-19.32.53:113][214]LogModuleManager: Shutting down and abandoning module LocalizationService (493)
[2018.09.15-19.32.53:113][214]LogModuleManager: Shutting down and abandoning module HardwareTargeting (490)
[2018.09.15-19.32.53:113][214]LogModuleManager: Shutting down and abandoning module DeviceProfileEditor (488)
[2018.09.15-19.32.53:113][214]LogModuleManager: Shutting down and abandoning module UndoHistory (486)
[2018.09.15-19.32.53:113][214]LogModuleManager: Shutting down and abandoning module XmlParser (484)
[2018.09.15-19.32.53:113][214]LogModuleManager: Shutting down and abandoning module Blutility (482)
[2018.09.15-19.32.53:113][214]LogModuleManager: Shutting down and abandoning module ProjectSettingsViewer (480)
[2018.09.15-19.32.53:113][214]LogModuleManager: Shutting down and abandoning module ProjectTargetPlatformEditor (479)
[2018.09.15-19.32.53:113][214]LogModuleManager: Shutting down and abandoning module EditorSettingsViewer (476)
[2018.09.15-19.32.53:113][214]LogModuleManager: Shutting down and abandoning module SettingsEditor (474)
[2018.09.15-19.32.53:113][214]LogModuleManager: Shutting down and abandoning module ProjectLauncher (472)
[2018.09.15-19.32.53:113][214]LogModuleManager: Shutting down and abandoning module SessionFrontend (470)
[2018.09.15-19.32.53:113][214]LogModuleManager: Shutting down and abandoning module ProfilerClient (468)
[2018.09.15-19.32.53:113][214]LogModuleManager: Shutting down and abandoning module DeviceManager (466)
[2018.09.15-19.32.53:113][214]LogModuleManager: Shutting down and abandoning module TargetDeviceServices (465)
[2018.09.15-19.32.53:167][214]LogModuleManager: Shutting down and abandoning module AutomationController (462)
[2018.09.15-19.32.53:167][214]LogModuleManager: Shutting down and abandoning module AutomationWindow (460)
[2018.09.15-19.32.53:167][214]LogModuleManager: Shutting down and abandoning module Layers (458)
[2018.09.15-19.32.53:167][214]LogModuleManager: Shutting down and abandoning module ComponentVisualizers (456)
[2018.09.15-19.32.53:167][214]LogModuleManager: Shutting down and abandoning module DetailCustomizations (454)
[2018.09.15-19.32.53:167][214]LogModuleManager: Shutting down and abandoning module PackagesDialog (452)
[2018.09.15-19.32.53:167][214]LogModuleManager: Shutting down and abandoning module Persona (450)
[2018.09.15-19.32.53:167][214]LogModuleManager: Shutting down and abandoning module AdvancedPreviewScene (449)
[2018.09.15-19.32.53:167][214]LogModuleManager: Shutting down and abandoning module AnimGraph (447)
[2018.09.15-19.32.53:167][214]LogModuleManager: Shutting down and abandoning module Kismet (444)
[2018.09.15-19.32.53:168][214]LogModuleManager: Shutting down and abandoning module GraphEditor (442)
[2018.09.15-19.32.53:168][214]LogModuleManager: Shutting down and abandoning module ClassViewer (440)
[2018.09.15-19.32.53:168][214]LogModuleManager: Shutting down and abandoning module Toolbox (438)
[2018.09.15-19.32.53:168][214]LogModuleManager: Shutting down and abandoning module ModuleUI (436)
[2018.09.15-19.32.53:168][214]LogModuleManager: Shutting down and abandoning module MovieSceneTools (434)
[2018.09.15-19.32.53:168][214]LogModuleManager: Shutting down and abandoning module OutputLog (432)
[2018.09.15-19.32.53:168][214]LogModuleManager: Shutting down and abandoning module GammaUI (430)
[2018.09.15-19.32.53:168][214]LogModuleManager: Shutting down and abandoning module Documentation (428)
[2018.09.15-19.32.53:168][214]LogModuleManager: Shutting down and abandoning module MovieSceneTracks (426)
[2018.09.15-19.32.53:168][214]LogModuleManager: Shutting down and abandoning module MovieScene (424)
[2018.09.15-19.32.53:168][214]LogModuleManager: Shutting down and abandoning module StreamingPauseRendering (422)
[2018.09.15-19.32.53:168][214]LogModuleManager: Shutting down and abandoning module LauncherPlatform (420)
[2018.09.15-19.32.53:168][214]LogModuleManager: Shutting down and abandoning module AnalyticsET (418)
[2018.09.15-19.32.53:168][214]LogModuleManager: Shutting down and abandoning module PortalServices (416)
[2018.09.15-19.32.53:168][214]LogModuleManager: Shutting down and abandoning module PortalRpc (414)
[2018.09.15-19.32.53:168][214]LogModuleManager: Shutting down and abandoning module MessagingRpc (412)
[2018.09.15-19.32.53:168][214]LogModuleManager: Shutting down and abandoning module AIModule (410)
[2018.09.15-19.32.53:168][214]LogModuleManager: Shutting down and abandoning module GameplayDebugger (409)
[2018.09.15-19.32.53:169][214]LogModuleManager: Shutting down and abandoning module AITestSuite (407)
[2018.09.15-19.32.53:169][214]LogModuleManager: Shutting down and abandoning module NavigationSystem (405)
[2018.09.15-19.32.53:169][214]LogModuleManager: Shutting down and abandoning module DesktopPlatform (402)
[2018.09.15-19.32.53:169][214]LogModuleManager: Shutting down and abandoning module ProfilerService (400)
[2018.09.15-19.32.53:417][214]LogModuleManager: Shutting down and abandoning module TaskGraph (398)
[2018.09.15-19.32.53:417][214]LogModuleManager: Shutting down and abandoning module SteamVRController (396)
[2018.09.15-19.32.53:417][214]LogModuleManager: Shutting down and abandoning module ProceduralMeshComponentEditor (394)
[2018.09.15-19.32.53:417][214]LogModuleManager: Shutting down and abandoning module ProceduralMeshComponent (392)
[2018.09.15-19.32.53:417][214]LogModuleManager: Shutting down and abandoning module OculusInput (390)
[2018.09.15-19.32.53:417][214]LogModuleManager: Shutting down and abandoning module MobilePatchingUtils (388)
[2018.09.15-19.32.53:417][214]LogModuleManager: Shutting down and abandoning module EditableMesh (386)
[2018.09.15-19.32.53:417][214]LogModuleManager: Shutting down and abandoning module CustomMeshComponent (384)
[2018.09.15-19.32.53:417][214]LogModuleManager: Shutting down and abandoning module CableComponent (382)
[2018.09.15-19.32.53:418][214]LogModuleManager: Shutting down and abandoning module AudioCapture (380)
[2018.09.15-19.32.53:418][214]LogModuleManager: Shutting down and abandoning module ArchVisCharacter (378)
[2018.09.15-19.32.53:418][214]LogModuleManager: Shutting down and abandoning module AndroidPermission (376)
[2018.09.15-19.32.53:418][214]LogModuleManager: Shutting down and abandoning module NUTUnrealEngine4 (374)
[2018.09.15-19.32.53:418][214]LogModuleManager: Shutting down and abandoning module NetcodeUnitTest (372)
[2018.09.15-19.32.53:418][214]LogModuleManager: Shutting down and abandoning module MediaCompositingEditor (370)
[2018.09.15-19.32.53:418][214]LogModuleManager: Shutting down and abandoning module MediaCompositing (368)
[2018.09.15-19.32.53:418][214]LogModuleManager: Shutting down and abandoning module LinearTimecode (366)
[2018.09.15-19.32.53:418][214]LogModuleManager: Shutting down and abandoning module ImgMedia (364)
[2018.09.15-19.32.53:424][214]LogModuleManager: Shutting down and abandoning module HTML5Networking (362)
[2018.09.15-19.32.53:425][214]LogModuleManager: Shutting down and abandoning module GeometryCacheTracks (360)
[2018.09.15-19.32.53:425][214]LogModuleManager: Shutting down and abandoning module GeometryCacheSequencer (358)
[2018.09.15-19.32.53:425][214]LogModuleManager: Shutting down and abandoning module BackChannel (356)
[2018.09.15-19.32.53:425][214]LogModuleManager: Shutting down and abandoning module AppleVision (354)
[2018.09.15-19.32.53:425][214]LogModuleManager: Shutting down and abandoning module AppleImageUtils (352)
[2018.09.15-19.32.53:425][214]LogModuleManager: Shutting down and abandoning module AlembicImporter (350)
[2018.09.15-19.32.53:425][214]LogModuleManager: Shutting down and abandoning module AlembicLibrary (349)
[2018.09.15-19.32.53:425][214]LogModuleManager: Shutting down and abandoning module GeometryCache (348)
[2018.09.15-19.32.53:425][214]LogModuleManager: Shutting down and abandoning module GeometryCacheEd (347)
[2018.09.15-19.32.53:425][214]LogModuleManager: Shutting down and abandoning module DatasmithContentEditor (342)
[2018.09.15-19.32.53:425][214]LogModuleManager: Shutting down and abandoning module DatasmithContent (340)
[2018.09.15-19.32.53:425][214]LogModuleManager: Shutting down and abandoning module SpeedTreeImporter (338)
[2018.09.15-19.32.53:425][214]LogModuleManager: Shutting down and abandoning module PluginBrowser (336)
[2018.09.15-19.32.53:425][214]LogModuleManager: Shutting down and abandoning module MobileLauncherProfileWizard (334)
[2018.09.15-19.32.53:426][214]LogModuleManager: Shutting down and abandoning module PolygonModeling (332)
[2018.09.15-19.32.53:426][214]LogModuleManager: Shutting down and abandoning module MeshEditor (330)
[2018.09.15-19.32.53:426][214]LogModuleManager: Shutting down and abandoning module CryptoKeysOpenSSL (328)
[2018.09.15-19.32.53:426][214]LogModuleManager: Shutting down and abandoning module CryptoKeys (326)
[2018.09.15-19.32.53:426][214]LogModuleManager: Shutting down and abandoning module VisualStudioSourceCodeAccess (324)
[2018.09.15-19.32.53:426][214]LogModuleManager: Shutting down and abandoning module VisualStudioCodeSourceCodeAccess (322)
[2018.09.15-19.32.53:426][214]LogModuleManager: Shutting down and abandoning module UObjectPlugin (320)
[2018.09.15-19.32.53:426][214]LogModuleManager: Shutting down and abandoning module SubversionSourceControl (318)
[2018.09.15-19.32.53:426][214]LogModuleManager: Shutting down and abandoning module PerforceSourceControl (316)
[2018.09.15-19.32.53:426][214]LogModuleManager: Shutting down and abandoning module GitSourceControl (314)
[2018.09.15-19.32.53:426][214]LogModuleManager: Shutting down and abandoning module SourceControl (313)
[2018.09.15-19.32.53:426][214]LogModuleManager: Shutting down and abandoning module CLionSourceCodeAccess (310)
[2018.09.15-19.32.53:426][214]LogModuleManager: Shutting down and abandoning module LightPropagationVolumeEditor (308)
[2018.09.15-19.32.53:426][214]LogModuleManager: Shutting down and abandoning module PaperTiledImporter (306)
[2018.09.15-19.32.53:426][214]LogModuleManager: Shutting down and abandoning module PaperSpriteSheetImporter (304)
[2018.09.15-19.32.53:426][214]LogModuleManager: Shutting down and abandoning module Paper2DEditor (302)
[2018.09.15-19.32.53:426][214]LogModuleManager: Shutting down and abandoning module MeshPaint (301)
[2018.09.15-19.32.53:426][214]LogModuleManager: Shutting down and abandoning module RuntimePhysXCooking (298)
[2018.09.15-19.32.53:426][214]LogModuleManager: Shutting down and abandoning module PhysXVehiclesEditor (296)
[2018.09.15-19.32.53:426][214]LogModuleManager: Shutting down and abandoning module PhysXVehicles (294)
[2018.09.15-19.32.53:426][214]LogModuleManager: Shutting down and abandoning module OculusEditor (292)
[2018.09.15-19.32.53:426][214]LogModuleManager: Shutting down and abandoning module LocationServicesBPLibrary (290)
[2018.09.15-19.32.53:426][214]LogModuleManager: Shutting down and abandoning module ImmediatePhysicsEditor (288)
[2018.09.15-19.32.53:426][214]LogModuleManager: Shutting down and abandoning module ImmediatePhysics (286)
[2018.09.15-19.32.53:426][214]LogModuleManager: Shutting down and abandoning module ActorSequence (284)
[2018.09.15-19.32.53:426][214]LogModuleManager: Shutting down and abandoning module UdpMessaging (282)
[2018.09.15-19.32.53:527][214]LogModuleManager: Shutting down and abandoning module TcpMessaging (280)
[2018.09.15-19.32.53:628][214]LogModuleManager: Shutting down and abandoning module MagicLeapAudio (278)
[2018.09.15-19.32.53:628][214]LogModuleManager: Shutting down and abandoning module GameplayTagsEditor (276)
[2018.09.15-19.32.53:628][214]LogModuleManager: Shutting down and abandoning module FacialAnimationEditor (274)
[2018.09.15-19.32.53:628][214]LogModuleManager: Shutting down and abandoning module FacialAnimation (272)
[2018.09.15-19.32.53:628][214]LogModuleManager: Shutting down and abandoning module DataValidation (270)
[2018.09.15-19.32.53:628][214]LogModuleManager: Shutting down and abandoning module AssetManagerEditor (268)
[2018.09.15-19.32.53:629][214]LogModuleManager: Shutting down and abandoning module LevelEditor (267)
[2018.09.15-19.32.53:632][214]LogModuleManager: Shutting down and abandoning module PixelInspectorModule (266)
[2018.09.15-19.32.53:632][214]LogModuleManager: Shutting down and abandoning module CommonMenuExtensions (264)
[2018.09.15-19.32.53:633][214]LogModuleManager: Shutting down and abandoning module MainFrame (262)
[2018.09.15-19.32.53:633][214]LogModuleManager: Shutting down and abandoning module HotReload (261)
[2018.09.15-19.32.53:635][214]LogModuleManager: Shutting down and abandoning module ContentBrowser (257)
[2018.09.15-19.32.53:637][214]LogModuleManager: Shutting down and abandoning module TreeMap (255)
[2018.09.15-19.32.53:637][214]LogModuleManager: Shutting down and abandoning module LightPropagationVolumeRuntime (252)
[2018.09.15-19.32.53:637][214]LogModuleManager: Shutting down and abandoning module AISupportModule (250)
[2018.09.15-19.32.53:637][214]LogModuleManager: Shutting down and abandoning module Paper2D (248)
[2018.09.15-19.32.53:638][214]LogModuleManager: Shutting down and abandoning module WindowsMoviePlayer (246)
[2018.09.15-19.32.53:638][214]LogModuleManager: Shutting down and abandoning module WmfMedia (244)
[2018.09.15-19.32.53:639][214]LogModuleManager: Shutting down and abandoning module Media (243)
[2018.09.15-19.32.53:645][214]LogModuleManager: Shutting down and abandoning module PacketHandler (240)
[2018.09.15-19.32.53:645][214]LogModuleManager: Shutting down and abandoning module ClothingSystemEditor (238)
[2018.09.15-19.32.53:645][214]LogModuleManager: Shutting down and abandoning module ClothingSystemRuntime (236)
[2018.09.15-19.32.53:645][214]LogModuleManager: Shutting down and abandoning module MediaAssets (234)
[2018.09.15-19.32.53:645][214]LogModuleManager: Shutting down and abandoning module Overlay (232)
[2018.09.15-19.32.53:645][214]LogModuleManager: Shutting down and abandoning module OverlayEditor (231)
[2018.09.15-19.32.53:646][214]LogModuleManager: Shutting down and abandoning module VREditor (228)
[2018.09.15-19.32.53:646][214]LogModuleManager: Shutting down and abandoning module StringTableEditor (226)
[2018.09.15-19.32.53:646][214]LogModuleManager: Shutting down and abandoning module GameplayTasksEditor (224)
[2018.09.15-19.32.53:646][214]LogModuleManager: Shutting down and abandoning module BehaviorTreeEditor (222)
[2018.09.15-19.32.53:646][214]LogModuleManager: Shutting down and abandoning module FunctionalTesting (220)
[2018.09.15-19.32.53:646][214]LogModuleManager: Shutting down and abandoning module CollisionAnalyzer (218)
[2018.09.15-19.32.53:646][214]LogModuleManager: Shutting down and abandoning module WorkspaceMenuStructure (217)
[2018.09.15-19.32.53:646][214]LogModuleManager: Shutting down and abandoning module UMG (214)
[2018.09.15-19.32.53:646][214]LogModuleManager: Shutting down and abandoning module UMGEditor (213)
[2018.09.15-19.32.53:646][214]LogModuleManager: Shutting down and abandoning module Sequencer (212)
[2018.09.15-19.32.53:646][214]LogModuleManager: Shutting down and abandoning module MessageLog (209)
[2018.09.15-19.32.53:646][214]LogModuleManager: Shutting down and abandoning module SlateReflector (204)
[2018.09.15-19.32.53:646][214]LogModuleManager: Shutting down and abandoning module Slate (202)
[2018.09.15-19.32.53:646][214]LogModuleManager: Shutting down and abandoning module EditorStyle (200)
[2018.09.15-19.32.53:648][214]LogModuleManager: Shutting down and abandoning module MRMesh (198)
[2018.09.15-19.32.53:648][214]LogModuleManager: Shutting down and abandoning module SourceCodeAccess (196)
[2018.09.15-19.32.53:648][214]LogModuleManager: Shutting down and abandoning module HeadMountedDisplay (194)
[2018.09.15-19.32.53:648][214]LogModuleManager: Shutting down and abandoning module XAudio2 (192)
[2018.09.15-19.32.53:648][214]LogModuleManager: Shutting down and abandoning module Networking (190)
[2018.09.15-19.32.53:648][214]LogModuleManager: Shutting down and abandoning module Core (188)
[2018.09.15-19.32.53:648][214]LogModuleManager: Shutting down and abandoning module LevelSequence (186)
[2018.09.15-19.32.53:648][214]LogModuleManager: Shutting down and abandoning module KismetCompiler (184)
[2018.09.15-19.32.53:648][214]LogModuleManager: Shutting down and abandoning module MeshUtilities (182)
[2018.09.15-19.32.53:648][214]LogModuleManager: Shutting down and abandoning module MeshMergeUtilities (181)
[2018.09.15-19.32.53:648][214]LogModuleManager: Shutting down and abandoning module MeshReductionInterface (180)
[2018.09.15-19.32.53:648][214]LogModuleManager: Shutting down and abandoning module SimplygonSwarm (179)
[2018.09.15-19.32.53:648][214]LogModuleManager: Shutting down and abandoning module ProxyLODMeshReduction (177)
[2018.09.15-19.32.53:648][214]LogModuleManager: Shutting down and abandoning module SimplygonMeshReduction (175)
[2018.09.15-19.32.53:648][214]LogModuleManager: Shutting down and abandoning module QuadricMeshReduction (173)
[2018.09.15-19.32.53:648][214]LogModuleManager: Shutting down and abandoning module MaterialBaking (169)
[2018.09.15-19.32.53:648][214]LogModuleManager: Shutting down and abandoning module DirectoryWatcher (165)
[2018.09.15-19.32.53:649][214]LogModuleManager: Shutting down and abandoning module DerivedDataCache (162)
[2018.09.15-19.32.53:732][214]LogDerivedDataCache: Shutdown
[2018.09.15-19.32.53:732][214]LogModuleManager: Shutting down and abandoning module XGEController (160)
[2018.09.15-19.32.53:732][214]LogModuleManager: Shutting down and abandoning module TargetPlatform (158)
[2018.09.15-19.32.53:732][214]LogModuleManager: Shutting down and abandoning module VulkanShaderFormat (157)
[2018.09.15-19.32.53:733][214]LogModuleManager: Shutting down and abandoning module ShaderFormatVectorVM (155)
[2018.09.15-19.32.53:733][214]LogModuleManager: Shutting down and abandoning module ShaderFormatOpenGL (153)
[2018.09.15-19.32.53:733][214]LogModuleManager: Shutting down and abandoning module ShaderFormatD3D (151)
[2018.09.15-19.32.53:733][214]LogModuleManager: Shutting down and abandoning module MetalShaderFormat (149)
[2018.09.15-19.32.53:733][214]LogModuleManager: Shutting down and abandoning module TextureFormatUncompressed (147)
[2018.09.15-19.32.53:733][214]LogModuleManager: Shutting down and abandoning module TextureFormatPVR (145)
[2018.09.15-19.32.53:733][214]LogModuleManager: Shutting down and abandoning module TextureFormatDXT (143)
[2018.09.15-19.32.53:733][214]LogModuleManager: Shutting down and abandoning module TextureFormatIntelISPCTexComp (141)
[2018.09.15-19.32.53:733][214]LogModuleManager: Shutting down and abandoning module TextureFormatASTC (139)
[2018.09.15-19.32.53:733][214]LogModuleManager: Shutting down and abandoning module ImageWrapper (138)
[2018.09.15-19.32.53:733][214]LogModuleManager: Shutting down and abandoning module TextureFormatAndroid (135)
[2018.09.15-19.32.53:733][214]LogModuleManager: Shutting down and abandoning module AudioFormatOpus (133)
[2018.09.15-19.32.53:733][214]LogModuleManager: Shutting down and abandoning module AudioFormatOgg (131)
[2018.09.15-19.32.53:733][214]LogModuleManager: Shutting down and abandoning module AudioFormatADPCM (129)
[2018.09.15-19.32.53:733][214]LogModuleManager: Shutting down and abandoning module LuminTargetPlatform (127)
[2018.09.15-19.32.53:733][214]LogModuleManager: Shutting down and abandoning module LinuxTargetPlatform (125)
[2018.09.15-19.32.53:733][214]LogModuleManager: Shutting down and abandoning module LinuxServerTargetPlatform (123)
[2018.09.15-19.32.53:733][214]LogModuleManager: Shutting down and abandoning module LinuxNoEditorTargetPlatform (121)
[2018.09.15-19.32.53:733][214]LogModuleManager: Shutting down and abandoning module LinuxClientTargetPlatform (119)
[2018.09.15-19.32.53:733][214]LogModuleManager: Shutting down and abandoning module TVOSTargetPlatform (117)
[2018.09.15-19.32.53:734][214]LogModuleManager: Shutting down and abandoning module Messaging (115)
[2018.09.15-19.32.53:734][214]LogModuleManager: Shutting down and abandoning module IOSTargetPlatform (113)
[2018.09.15-19.32.53:735][214]LogModuleManager: Shutting down and abandoning module HTML5TargetPlatform (111)
[2018.09.15-19.32.53:735][214]LogModuleManager: Shutting down and abandoning module AndroidTargetPlatform (109)
[2018.09.15-19.32.53:741][214]LogModuleManager: Shutting down and abandoning module WindowsTargetPlatform (107)
[2018.09.15-19.32.53:741][214]LogModuleManager: Shutting down and abandoning module WindowsServerTargetPlatform (105)
[2018.09.15-19.32.53:741][214]LogModuleManager: Shutting down and abandoning module WindowsNoEditorTargetPlatform (103)
[2018.09.15-19.32.53:741][214]LogModuleManager: Shutting down and abandoning module WindowsClientTargetPlatform (101)
[2018.09.15-19.32.53:741][214]LogModuleManager: Shutting down and abandoning module MacTargetPlatform (99)
[2018.09.15-19.32.53:741][214]LogModuleManager: Shutting down and abandoning module MacServerTargetPlatform (97)
[2018.09.15-19.32.53:741][214]LogModuleManager: Shutting down and abandoning module MacNoEditorTargetPlatform (95)
[2018.09.15-19.32.53:741][214]LogModuleManager: Shutting down and abandoning module MacClientTargetPlatform (93)
[2018.09.15-19.32.53:741][214]LogModuleManager: Shutting down and abandoning module AllDesktopTargetPlatform (91)
[2018.09.15-19.32.53:741][214]LogModuleManager: Shutting down and abandoning module InputCore (88)
[2018.09.15-19.32.53:741][214]LogModuleManager: Shutting down and abandoning module Settings (86)
[2018.09.15-19.32.53:741][214]LogModuleManager: Shutting down and abandoning module PhysXCooking (84)
[2018.09.15-19.32.53:741][214]LogModuleManager: Shutting down and abandoning module SteamVR (82)
[2018.09.15-19.32.53:741][214]LogModuleManager: Shutting down and abandoning module OculusHMD (80)
[2018.09.15-19.32.53:741][214]LogModuleManager: Shutting down and abandoning module ExampleDeviceProfileSelector (78)
[2018.09.15-19.32.53:741][214]LogModuleManager: Shutting down and abandoning module LauncherChunkInstaller (76)
[2018.09.15-19.32.53:741][214]LogModuleManager: Shutting down and abandoning module OnlineBlueprintSupport (74)
[2018.09.15-19.32.53:741][214]LogModuleManager: Shutting down and abandoning module OnlineSubsystem (70)
[2018.09.15-19.32.53:742][214]LogModuleManager: Shutting down and abandoning module XMPP (65)
[2018.09.15-19.32.53:742][214]LogModuleManager: Shutting down and abandoning module WebSockets (64)
[2018.09.15-19.32.53:756][214]LogModuleManager: Shutting down and abandoning module HTTP (61)
[2018.09.15-19.32.53:756][214]LogHttp: Display: Http module shutting down, but needs to wait on 1 outstanding Http requests:
[2018.09.15-19.32.53:756][214]LogHttp: Display: 	verb=[POST] url=[https://datarouter.ol.epicgames.com/datarouter/api/v1/public/data?SessionID=%7B7BB53291-4368-5352-B3BE-879ABB8EBCC7%7D&AppID=UEEditor.Rocket.Release&AppVersion=4.20.2-4302132%2B%2B%2BUE4%2BRelease-4.20&UserID=d9bfd1434c591597c1be5d8efff3d149%7Cc2c2ee9a13084a7da39cbb92193f0f01%7Cf443ed07-ffa7-4ed5-8b20-8cda05e5273d&AppEnvironment=datacollector-binary&UploadType=eteventstream] status=Processing
[2018.09.15-19.32.53:781][214]LogModuleManager: Shutting down and abandoning module SSL (60)
[2018.09.15-19.32.53:782][214]LogModuleManager: Shutting down and abandoning module MagicLeapEmulator (56)
[2018.09.15-19.32.53:782][214]LogModuleManager: Shutting down and abandoning module MagicLeapPrivileges (54)
[2018.09.15-19.32.53:782][214]LogModuleManager: Shutting down and abandoning module MagicLeapIdentity (52)
[2018.09.15-19.32.53:782][214]LogModuleManager: Shutting down and abandoning module MagicLeapHelperVulkan (50)
[2018.09.15-19.32.53:782][214]LogModuleManager: Shutting down and abandoning module MagicLeapHelperOpenGL (48)
[2018.09.15-19.32.53:782][214]LogModuleManager: Shutting down and abandoning module MagicLeapSecureStorage (46)
[2018.09.15-19.32.53:782][214]LogModuleManager: Shutting down and abandoning module MagicLeapGestures (44)
[2018.09.15-19.32.53:782][214]LogModuleManager: Shutting down and abandoning module MagicLeapEyeTracker (42)
[2018.09.15-19.32.53:782][214]LogModuleManager: Shutting down and abandoning module MagicLeapController (40)
[2018.09.15-19.32.53:783][214]LogSlate: Slate User Destroyed.  User Index 0, Is Virtual User: 0
[2018.09.15-19.32.53:783][214]LogModuleManager: Shutting down and abandoning module MagicLeap (38)
[2018.09.15-19.32.53:783][214]LogModuleManager: Shutting down and abandoning module AnimationModifiers (36)
[2018.09.15-19.32.53:783][214]LogModuleManager: Shutting down and abandoning module PropertyEditor (35)
[2018.09.15-19.32.53:783][214]LogModuleManager: Shutting down and abandoning module AudioEditor (32)
[2018.09.15-19.32.53:783][214]LogModuleManager: Shutting down and abandoning module TextureCompressor (30)
[2018.09.15-19.32.53:783][214]LogModuleManager: Shutting down and abandoning module ShaderCore (28)
[2018.09.15-19.32.53:783][214]LogModuleManager: Shutting down and abandoning module Landscape (26)
[2018.09.15-19.32.53:783][214]LogModuleManager: Shutting down and abandoning module SlateRHIRenderer (24)
[2018.09.15-19.32.53:783][214]LogModuleManager: Shutting down and abandoning module OpenGLDrv (22)
[2018.09.15-19.32.53:783][214]LogModuleManager: Shutting down and abandoning module D3D11RHI (20)
[2018.09.15-19.32.53:784][214]LogModuleManager: Shutting down and abandoning module AnimGraphRuntime (18)
[2018.09.15-19.32.53:784][214]LogModuleManager: Shutting down and abandoning module Renderer (16)
[2018.09.15-19.32.53:784][214]LogModuleManager: Shutting down and abandoning module Engine (14)
[2018.09.15-19.32.53:784][214]LogModuleManager: Shutting down and abandoning module CoreUObject (12)
[2018.09.15-19.32.53:784][214]LogModuleManager: Shutting down and abandoning module NetworkFile (10)
[2018.09.15-19.32.53:784][214]LogModuleManager: Shutting down and abandoning module CookedIterativeFile (8)
[2018.09.15-19.32.53:784][214]LogModuleManager: Shutting down and abandoning module StreamingFile (6)
[2018.09.15-19.32.53:784][214]LogModuleManager: Shutting down and abandoning module SandboxFile (4)
[2018.09.15-19.32.53:784][214]LogModuleManager: Shutting down and abandoning module PakFile (2)
[2018.09.15-19.32.53:792][214]LogExit: Exiting.
[2018.09.15-19.32.53:802][214]Log file closed, 09/15/18 21:32:53
