Log file open, 09/15/18 01:51:07
LogWindows: Failed to load 'aqProf.dll' (GetLastError=126)
LogWindows: File 'aqProf.dll' does not exist
LogWindows: Failed to load 'VSPerf140.dll' (GetLastError=126)
LogWindows: File 'VSPerf140.dll' does not exist
LogWindows: Failed to load 'VtuneApi.dll' (GetLastError=126)
LogWindows: File 'VtuneApi.dll' does not exist
LogWindows: Failed to load 'VtuneApi32e.dll' (GetLastError=126)
LogWindows: File 'VtuneApi32e.dll' does not exist
LogInit: Display: Running engine for game: OurGameBP
LogPlatformFile: Not using cached read wrapper
LogTaskGraph: Started task graph with 5 named threads and 23 total threads with 3 sets of task threads.
LogStats: Stats thread started at 0.317044
LogD3D11RHI: Loaded GFSDK_Aftermath_Lib.x64.dll
LogICUInternationalization: Display: ICU TimeZone Detection - Raw Offset: +1:00, Platform Override: ''
LogPluginManager: Mounting plugin Paper2D
LogPluginManager: Mounting plugin AISupport
LogPluginManager: Mounting plugin LightPropagationVolume
LogPluginManager: Mounting plugin CLionSourceCodeAccess
LogPluginManager: Mounting plugin CodeLiteSourceCodeAccess
LogPluginManager: Mounting plugin GitSourceControl
LogPluginManager: Mounting plugin KDevelopSourceCodeAccess
LogPluginManager: Mounting plugin NullSourceCodeAccess
LogPluginManager: Mounting plugin PerforceSourceControl
LogPluginManager: Mounting plugin SubversionSourceControl
LogPluginManager: Mounting plugin UObjectPlugin
LogPluginManager: Mounting plugin VisualStudioCodeSourceCodeAccess
LogPluginManager: Mounting plugin VisualStudioSourceCodeAccess
LogPluginManager: Mounting plugin XCodeSourceCodeAccess
LogPluginManager: Mounting plugin AssetManagerEditor
LogPluginManager: Mounting plugin CryptoKeys
LogPluginManager: Mounting plugin DataValidation
LogPluginManager: Mounting plugin FacialAnimation
LogPluginManager: Mounting plugin GameplayTagsEditor
LogPluginManager: Mounting plugin MacGraphicsSwitching
LogPluginManager: Mounting plugin MeshEditor
LogPluginManager: Mounting plugin MobileLauncherProfileWizard
LogPluginManager: Mounting plugin PluginBrowser
LogPluginManager: Mounting plugin SpeedTreeImporter
LogPluginManager: Mounting plugin DatasmithContent
LogPluginManager: Mounting plugin AlembicImporter
LogPluginManager: Mounting plugin AppleImageUtils
LogPluginManager: Mounting plugin AppleVision
LogPluginManager: Mounting plugin BackChannel
LogPluginManager: Mounting plugin CharacterAI
LogPluginManager: Mounting plugin GeometryCache
LogPluginManager: Mounting plugin HTML5Networking
LogPluginManager: Mounting plugin ProxyLODPlugin
LogPluginManager: Mounting plugin MagicLeap
LogPluginManager: Mounting plugin MagicLeapEmulator
LogPluginManager: Mounting plugin MagicLeapMedia
LogPluginManager: Mounting plugin AndroidMedia
LogPluginManager: Mounting plugin AvfMedia
LogPluginManager: Mounting plugin ImgMedia
LogPluginManager: Mounting plugin LinearTimecode
LogPluginManager: Mounting plugin MediaCompositing
LogPluginManager: Mounting plugin MediaPlayerEditor
LogPluginManager: Mounting plugin WmfMedia
LogPluginManager: Mounting plugin TcpMessaging
LogPluginManager: Mounting plugin UdpMessaging
LogPluginManager: Mounting plugin ActorSequence
LogPluginManager: Mounting plugin LevelSequenceEditor
LogPluginManager: Mounting plugin MatineeToLevelSequence
LogPluginManager: Mounting plugin NetcodeUnitTest
LogPluginManager: Mounting plugin NUTUnrealEngine4
LogPluginManager: Mounting plugin OnlineSubsystemGooglePlay
LogPluginManager: Mounting plugin OnlineSubsystemIOS
LogPluginManager: Mounting plugin OnlineSubsystem
LogPluginManager: Mounting plugin OnlineSubsystemNull
LogPluginManager: Mounting plugin OnlineSubsystemUtils
LogPluginManager: Mounting plugin LauncherChunkInstaller
LogPluginManager: Mounting plugin AndroidDeviceProfileSelector
LogPluginManager: Mounting plugin AndroidMoviePlayer
LogPluginManager: Mounting plugin AndroidPermission
LogPluginManager: Mounting plugin AppleMoviePlayer
LogPluginManager: Mounting plugin ArchVisCharacter
LogPluginManager: Mounting plugin AudioCapture
LogPluginManager: Mounting plugin CableComponent
LogPluginManager: Mounting plugin CustomMeshComponent
LogPluginManager: Mounting plugin EditableMesh
LogPluginManager: Mounting plugin ExampleDeviceProfileSelector
LogPluginManager: Mounting plugin GoogleCloudMessaging
LogPluginManager: Mounting plugin ImmediatePhysics
LogPluginManager: Mounting plugin IOSDeviceProfileSelector
LogPluginManager: Mounting plugin LinuxDeviceProfileSelector
LogPluginManager: Mounting plugin LocationServicesBPLibrary
LogPluginManager: Mounting plugin MobilePatchingUtils
LogPluginManager: Mounting plugin OculusVR
LogPluginManager: Plugin shader directory ../../../Engine/Plugins/Runtime/Oculus/OculusVR/Shaders found
LogPluginManager: Mapping shader source directory ../../../Engine/Plugins/Runtime/Oculus/OculusVR/Shaders to virtual directory /Plugin/OculusVR
LogPluginManager: Mounting plugin PhysXVehicles
LogPluginManager: Mounting plugin ProceduralMeshComponent
LogPluginManager: Mounting plugin RuntimePhysXCooking
LogPluginManager: Mounting plugin SteamVR
LogPluginManager: Mounting plugin WindowsMoviePlayer
LogStreaming: Display: Took  0.224s to configure plugins.
LogInit: Using libcurl 7.55.1-DEV
LogInit:  - built for x86_64-pc-win32
LogInit:  - supports SSL with OpenSSL/1.0.2h
LogInit:  - supports HTTP deflate (compression) using libz 1.2.8
LogInit:  - other features:
LogInit:      CURL_VERSION_SSL
LogInit:      CURL_VERSION_LIBZ
LogInit:      CURL_VERSION_IPV6
LogInit:      CURL_VERSION_ASYNCHDNS
LogInit:      CURL_VERSION_LARGEFILE
LogInit:      CURL_VERSION_IDN
LogInit:  CurlRequestOptions (configurable via config and command line):
LogInit:  - bVerifyPeer = false  - Libcurl will NOT verify peer certificate
LogInit:  - bUseHttpProxy = false  - Libcurl will NOT use HTTP proxy
LogInit:  - bDontReuseConnections = false  - Libcurl will reuse connections
LogInit:  - CertBundlePath = nullptr  - Libcurl will use whatever was configured at build time.
LogInit:  - MaxHostConnections = 16  - Libcurl will limit the number of connections to a host
LogInit:  - LocalHostAddr = Default
LogInit:  - BufferSize = 65536
LogInit: WinSock: version 1.1 (2.2), MaxSocks=32767, MaxUdp=65467
LogInit: Build: ++UE4+Release-4.20-CL-4302132
LogInit: Engine Version: 4.20.2-4302132+++UE4+Release-4.20
LogInit: Compatible Engine Version: 4.20.0-4212847+++UE4+Release-4.20
LogInit: Net CL: 4212847
LogInit: OS: Windows 10 (), CPU: AMD Ryzen 5 2400G with Radeon Vega Graphics    , GPU: Radeon RX 560 Series
LogInit: Compiled (64-bit): Aug 21 2018 02:06:06
LogInit: Compiled with Visual C++: 19.13.26129.00
LogInit: Build Configuration: Development
LogInit: Branch Name: ++UE4+Release-4.20
LogInit: Command Line: 
LogInit: Base Directory: C:/Program Files/Epic Games/UE_4.20/Engine/Binaries/Win64/
LogInit: Installed Engine Build: 1
LogDevObjectVersion: Number of dev versions registered: 20
LogDevObjectVersion:   Dev-Blueprints (B0D832E4-1F89-4F0D-ACCF-7EB736FD4AA2): 10
LogDevObjectVersion:   Dev-Build (E1C64328-A22C-4D53-A36C-8E866417BD8C): 0
LogDevObjectVersion:   Dev-Core (375EC13C-06E4-48FB-B500-84F0262A717E): 2
LogDevObjectVersion:   Dev-Editor (E4B068ED-F494-42E9-A231-DA0B2E46BB41): 24
LogDevObjectVersion:   Dev-Framework (CFFC743F-43B0-4480-9391-14DF171D2073): 34
LogDevObjectVersion:   Dev-Mobile (B02B49B5-BB20-44E9-A304-32B752E40360): 2
LogDevObjectVersion:   Dev-Networking (A4E4105C-59A1-49B5-A7C5-40C4547EDFEE): 0
LogDevObjectVersion:   Dev-Online (39C831C9-5AE6-47DC-9A44-9C173E1C8E7C): 0
LogDevObjectVersion:   Dev-Physics (78F01B33-EBEA-4F98-B9B4-84EACCB95AA2): 0
LogDevObjectVersion:   Dev-Platform (6631380F-2D4D-43E0-8009-CF276956A95A): 0
LogDevObjectVersion:   Dev-Rendering (12F88B9F-8875-4AFC-A67C-D90C383ABD29): 26
LogDevObjectVersion:   Dev-Sequencer (7B5AE74C-D270-4C10-A958-57980B212A5A): 9
LogDevObjectVersion:   Dev-VR (D7296918-1DD6-4BDD-9DE2-64A83CC13884): 2
LogDevObjectVersion:   Dev-LoadTimes (C2A15278-BFE7-4AFE-6C17-90FF531DF755): 1
LogDevObjectVersion:   Private-Geometry (6EACA3D4-40EC-4CC1-B786-8BED09428FC5): 3
LogDevObjectVersion:   Dev-AnimPhys (29E575DD-E0A3-4627-9D10-D276232CDCEA): 17
LogDevObjectVersion:   Dev-ReflectionCapture (6B266CEC-1EC7-4B8F-A30B-E4D90942FC07): 1
LogDevObjectVersion:   Dev-Automation (0DF73D61-A23F-47EA-B727-89E90C41499A): 1
LogDevObjectVersion:   FortniteMain (601D1886-AC64-4F84-AA16-D3DE0DEAC7D6): 12
LogDevObjectVersion:   Dev-Enterprise (9DFFBCD6-494F-0158-E221-12823C92A888): 1
LogStreaming: Display: Took  0.017s to delete old logs.
LogInit: Presizing for max 8388607 objects, including 0 objects not considered by GC, pre-allocating 0 bytes for permanent pool.
LogInit: Object subsystem initialized
[2018.09.14-23.51.08:379][  0]LogInit: Selected Device Profile: [Windows]
[2018.09.14-23.51.08:379][  0]LogInit: Applying CVar settings loaded from the selected device profile: [Windows]
[2018.09.14-23.51.08:424][  0]LogHAL: Display: Platform has ~ 8 GB [8536748032 / 8589934592 / 8], which maps to Default [LargestMinGB=32, LargerMinGB=12, DefaultMinGB=8, SmallerMinGB=6, SmallestMinGB=0)
[2018.09.14-23.51.08:424][  0]LogInit: Setting Device Profile CVar: [[r.Vulkan.UseRealUBs:1]]
[2018.09.14-23.51.08:424][  0]LogInit: Going up to parent DeviceProfile []
[2018.09.14-23.51.08:424][  0]LogInit: Computer: DESKTOP-2UN8804
[2018.09.14-23.51.08:424][  0]LogInit: User: Bogdan
[2018.09.14-23.51.08:424][  0]LogInit: CPU Page size=4096, Cores=4
[2018.09.14-23.51.08:424][  0]LogInit: High frequency timer resolution =3.509036 MHz
[2018.09.14-23.51.08:425][  0]LogMemory: Memory total: Physical=8.0GB (8GB approx)
[2018.09.14-23.51.08:425][  0]LogMemory: Platform Memory Stats for Windows
[2018.09.14-23.51.08:425][  0]LogMemory: Process Physical Memory: 100.40 MB used, 100.40 MB peak
[2018.09.14-23.51.08:425][  0]LogMemory: Process Virtual Memory: 90.90 MB used, 90.90 MB peak
[2018.09.14-23.51.08:425][  0]LogMemory: Physical Memory: 3154.48 MB used,  4986.80 MB free, 8141.28 MB total
[2018.09.14-23.51.08:425][  0]LogMemory: Virtual Memory: 543.62 MB used,  4986.80 MB free, 134217728.00 MB total
[2018.09.14-23.51.08:441][  0]LogInit: Using OS detected language (en-US).
[2018.09.14-23.51.08:441][  0]LogInit: Using OS detected locale (en-US).
[2018.09.14-23.51.08:442][  0]LogTextLocalizationManager: No specific localization for 'en-US' exists, so the 'en' localization will be used.
[2018.09.14-23.51.09:002][  0]LogStreaming: Display: Took  0.561s to InitEngineTextLocalization.
[2018.09.14-23.51.09:003][  0]LogInit: Setting process to per monitor DPI aware
[2018.09.14-23.51.09:071][  0]LogSlate: New Slate User Created.  User Index 0, Is Virtual User: 0
[2018.09.14-23.51.09:071][  0]LogSlate: Slate User Registered.  User Index 0, Is Virtual User: 0
[2018.09.14-23.51.09:362][  0]LogHMD: Failed to initialize OpenVR with code 110
[2018.09.14-23.51.09:362][  0]LogD3D11RHI: D3D11 adapters:
[2018.09.14-23.51.09:421][  0]LogD3D11RHI:    0. 'Radeon RX 560 Series' (Feature Level 11_0)
[2018.09.14-23.51.09:421][  0]LogD3D11RHI:       1993/0/4070 MB DedicatedVideo/DedicatedSystem/SharedSystem, Outputs:1, VendorId:0x1002
[2018.09.14-23.51.09:423][  0]LogD3D11RHI:    1. 'Microsoft Basic Render Driver' (Feature Level 11_0)
[2018.09.14-23.51.09:423][  0]LogD3D11RHI:       0/0/4070 MB DedicatedVideo/DedicatedSystem/SharedSystem, Outputs:0, VendorId:0x1414
[2018.09.14-23.51.09:423][  0]LogD3D11RHI: Chosen D3D11 Adapter: 0
[2018.09.14-23.51.09:432][  0]LogD3D11RHI: Creating new Direct3DDevice
[2018.09.14-23.51.09:433][  0]LogD3D11RHI:     GPU DeviceId: 0x67ef (for the marketing name, search the web for "GPU Device Id")
[2018.09.14-23.51.09:433][  0]LogWindows: EnumDisplayDevices:
[2018.09.14-23.51.09:433][  0]LogWindows:    0. 'Radeon RX 560 Series' (P:1 D:1)
[2018.09.14-23.51.09:433][  0]LogWindows:    1. 'Radeon RX 560 Series' (P:0 D:0)
[2018.09.14-23.51.09:433][  0]LogWindows:    2. 'Radeon RX 560 Series' (P:0 D:0)
[2018.09.14-23.51.09:433][  0]LogWindows:    3. 'Radeon RX 560 Series' (P:0 D:0)
[2018.09.14-23.51.09:434][  0]LogWindows:    4. 'Radeon RX 560 Series' (P:0 D:0)
[2018.09.14-23.51.09:434][  0]LogWindows:    5. 'Radeon RX 560 Series' (P:0 D:0)
[2018.09.14-23.51.09:434][  0]LogWindows: DebugString: FoundDriverCount:6 
[2018.09.14-23.51.09:434][  0]LogD3D11RHI:     Adapter Name: Radeon RX 560 Series
[2018.09.14-23.51.09:434][  0]LogD3D11RHI:   Driver Version: Adrenalin 18.8.1 (internal:24.20.13001.1010, unified:24.20.13001.1010)
[2018.09.14-23.51.09:434][  0]LogD3D11RHI:      Driver Date: 8-2-2018
[2018.09.14-23.51.09:434][  0]LogRHI: Texture pool is 1395 MB (70% of 1993 MB)
[2018.09.14-23.51.09:484][  0]LogD3D11RHI: Async texture creation enabled
[2018.09.14-23.51.09:500][  0]LogD3D11RHI: GPU Timing Frequency: 25.000000 (Debug: 2 1)
[2018.09.14-23.51.09:504][  0]LogShaderCompilers: Guid format shader working directory is -19 characters bigger than the processId version (../../../../../../Users/Bogdan/Documents/Unreal Projects/OurGameBP/Intermediate/Shaders/WorkingDirectory/2496/).
[2018.09.14-23.51.09:504][  0]LogShaderCompilers: Cleaned the shader compiler working directory 'C:/Users/Bogdan/AppData/Local/Temp/UnrealShaderWorkingDir/B41B37904A9E5134F1743D984A703C3D/'.
[2018.09.14-23.51.09:872][  0]LogTemp: Display: Loaded TP AllDesktopTargetPlatform
[2018.09.14-23.51.09:901][  0]LogTemp: Display: Loaded TP MacClientTargetPlatform
[2018.09.14-23.51.09:933][  0]LogTemp: Display: Loaded TP MacNoEditorTargetPlatform
[2018.09.14-23.51.09:950][  0]LogTemp: Display: Loaded TP MacServerTargetPlatform
[2018.09.14-23.51.09:966][  0]LogTemp: Display: Loaded TP MacTargetPlatform
[2018.09.14-23.51.09:983][  0]LogTemp: Display: Loaded TP WindowsClientTargetPlatform
[2018.09.14-23.51.09:998][  0]LogTemp: Display: Loaded TP WindowsNoEditorTargetPlatform
[2018.09.14-23.51.10:024][  0]LogTemp: Display: Loaded TP WindowsServerTargetPlatform
[2018.09.14-23.51.10:031][  0]LogTemp: Display: Loaded TP WindowsTargetPlatform
[2018.09.14-23.51.10:174][  0]LogTemp: Display: Loaded TP AndroidTargetPlatform
[2018.09.14-23.51.10:174][  0]LogTemp: Display: Loaded TP AndroidTargetPlatform
[2018.09.14-23.51.10:174][  0]LogTemp: Display: Loaded TP AndroidTargetPlatform
[2018.09.14-23.51.10:174][  0]LogTemp: Display: Loaded TP AndroidTargetPlatform
[2018.09.14-23.51.10:174][  0]LogTemp: Display: Loaded TP AndroidTargetPlatform
[2018.09.14-23.51.10:174][  0]LogTemp: Display: Loaded TP AndroidTargetPlatform
[2018.09.14-23.51.10:174][  0]LogTemp: Display: Loaded TP AndroidTargetPlatform
[2018.09.14-23.51.10:174][  0]LogTemp: Display: Loaded TP AndroidTargetPlatform
[2018.09.14-23.51.10:174][  0]LogTemp: Display: Loaded TP AndroidTargetPlatform
[2018.09.14-23.51.10:174][  0]LogTemp: Display: Loaded TP AndroidTargetPlatform
[2018.09.14-23.51.10:174][  0]LogTemp: Display: Loaded TP AndroidTargetPlatform
[2018.09.14-23.51.10:174][  0]LogTemp: Display: Loaded TP AndroidTargetPlatform
[2018.09.14-23.51.10:174][  0]LogTemp: Display: Loaded TP AndroidTargetPlatform
[2018.09.14-23.51.10:174][  0]LogTemp: Display: Loaded TP AndroidTargetPlatform
[2018.09.14-23.51.10:174][  0]LogTemp: Display: Loaded TP AndroidTargetPlatform
[2018.09.14-23.51.10:174][  0]LogTemp: Display: Loaded TP AndroidTargetPlatform
[2018.09.14-23.51.10:174][  0]LogTemp: Display: Loaded TP AndroidTargetPlatform
[2018.09.14-23.51.10:174][  0]LogTemp: Display: Loaded TP AndroidTargetPlatform
[2018.09.14-23.51.10:175][  0]LogTemp: Display: Loaded TP HTML5TargetPlatform
[2018.09.14-23.51.10:265][  0]LogTemp: Display: Loaded TP IOSTargetPlatform
[2018.09.14-23.51.10:265][  0]LogTemp: Display: Loaded TP IOSTargetPlatform
[2018.09.14-23.51.10:303][  0]LogTemp: Display: Loaded TP TVOSTargetPlatform
[2018.09.14-23.51.10:303][  0]LogTemp: Display: Loaded TP TVOSTargetPlatform
[2018.09.14-23.51.10:322][  0]LogTemp: Display: Loaded TP LinuxClientTargetPlatform
[2018.09.14-23.51.10:347][  0]LogTemp: Display: Loaded TP LinuxNoEditorTargetPlatform
[2018.09.14-23.51.10:399][  0]LogTemp: Display: Loaded TP LinuxServerTargetPlatform
[2018.09.14-23.51.10:441][  0]LogTemp: Display: Loaded TP LinuxTargetPlatform
[2018.09.14-23.51.10:451][  0]LogTemp: Display: Loaded TP LuminTargetPlatform
[2018.09.14-23.51.10:451][  0]LogTargetPlatformManager: Display: Building Assets For Windows
[2018.09.14-23.51.10:547][  0]LogXGEController: Cannot use XGE Controller as Incredibuild is not installed on this machine.
[2018.09.14-23.51.10:547][  0]LogShaderCompilers: Cannot use XGE Shader Compiler as Incredibuild is not installed on this machine.
[2018.09.14-23.51.10:547][  0]LogShaderCompilers: Display: Using Local Shader Compiler.
[2018.09.14-23.51.11:745][  0]LogDerivedDataCache: Display: Max Cache Size: 512 MB
[2018.09.14-23.51.11:820][  0]LogDerivedDataCache: Loaded boot cache 0.07s 71MB C:/Users/Bogdan/AppData/Local/UnrealEngine/4.20/DerivedDataCache/Boot.ddc.
[2018.09.14-23.51.11:820][  0]LogDerivedDataCache: Display: Loaded Boot cache: C:/Users/Bogdan/AppData/Local/UnrealEngine/4.20/DerivedDataCache/Boot.ddc
[2018.09.14-23.51.11:821][  0]LogDerivedDataCache: FDerivedDataBackendGraph:  Pak pak cache file ../../../../../../Users/Bogdan/Documents/Unreal Projects/OurGameBP/DerivedDataCache/DDC.ddp not found, will not use a pak cache.
[2018.09.14-23.51.11:821][  0]LogDerivedDataCache: Unable to find inner node Pak for hierarchical cache Hierarchy.
[2018.09.14-23.51.11:821][  0]LogDerivedDataCache: FDerivedDataBackendGraph:  CompressedPak pak cache file ../../../../../../Users/Bogdan/Documents/Unreal Projects/OurGameBP/DerivedDataCache/Compressed.ddp not found, will not use a pak cache.
[2018.09.14-23.51.11:821][  0]LogDerivedDataCache: Unable to find inner node CompressedPak for hierarchical cache Hierarchy.
[2018.09.14-23.51.11:833][  0]LogDerivedDataCache: Display: Pak cache opened for reading ../../../Engine/DerivedDataCache/Compressed.ddp.
[2018.09.14-23.51.11:846][  0]LogDerivedDataCache: Using Local data cache path C:/Users/Bogdan/AppData/Local/UnrealEngine/Common/DerivedDataCache: Writable
[2018.09.14-23.51.11:846][  0]LogDerivedDataCache: Shared data cache path not found in *engine.ini, will not use an Shared cache.
[2018.09.14-23.51.11:846][  0]LogDerivedDataCache: Unable to find inner node Shared for hierarchical cache Hierarchy.
[2018.09.14-23.51.11:865][  0]LogMaterial: Verifying Global Shaders for PCD3D_SM5
[2018.09.14-23.51.11:866][  0]LogSlate: Using FreeType 2.6.0
[2018.09.14-23.51.11:867][  0]LogSlate: SlateFontServices - WITH_FREETYPE: 1, WITH_HARFBUZZ: 1
[2018.09.14-23.51.11:960][  0]LogAssetRegistry: FAssetRegistry took 0.0279 seconds to start up
[2018.09.14-23.51.12:569][  0]LogInit: Selected Device Profile: [Windows]
[2018.09.14-23.51.12:727][  0]LogSimplygon: Simplygon DLL not present - disabling.
[2018.09.14-23.51.12:732][  0]LogMeshReduction: Using SimplygonSwarm for distributed automatic mesh merging
[2018.09.14-23.51.12:732][  0]LogMeshReduction: Using ProxyLODMeshReduction for automatic mesh merging
[2018.09.14-23.51.12:732][  0]LogMeshReduction: Using QuadricMeshReduction for automatic static mesh reduction
[2018.09.14-23.51.12:732][  0]LogMeshReduction: No automatic skeletal mesh reduction module available
[2018.09.14-23.51.12:756][  0]LogNetVersion: OurGameBP 1.0.0, NetCL: 4212847, EngineNetVer: 5, GameNetVer: 0 (Checksum: 2791728059)
[2018.09.14-23.51.13:463][  0]LogPackageLocalizationCache: Processed 11 localized package path(s) for 2 prioritized culture(s) in 0.204210 seconds
[2018.09.14-23.51.13:501][  0]LogUObjectArray: 38425 objects as part of root set at end of initial load.
[2018.09.14-23.51.13:501][  0]LogUObjectAllocator: 6690864 out of 0 bytes used by permanent object pool.
[2018.09.14-23.51.13:501][  0]LogUObjectArray: CloseDisregardForGC: 0/0 objects in disregard for GC pool
[2018.09.14-23.51.14:527][  0]LogTcpMessaging: Initializing TcpMessaging bridge
[2018.09.14-23.51.14:541][  0]LogUdpMessaging: Initializing bridge on interface 0.0.0.0:0 to multicast group 230.0.0.1:6666.
[2018.09.14-23.51.14:712][  0]SourceControl: Source control is disabled
[2018.09.14-23.51.15:687][  0]LogAndroidPermission: UAndroidPermissionCallbackProxy::GetInstance
[2018.09.14-23.51.15:782][  0]LogOcInput: OculusInput pre-init called
[2018.09.14-23.51.15:897][  0]LogEngine: Initializing Engine...
[2018.09.14-23.51.15:898][  0]LogHMD: Failed to initialize OpenVR with code 110
[2018.09.14-23.51.15:901][  0]LogStats: UGameplayTagsManager::ConstructGameplayTagTree: ImportINI prefixes -  0.000 s
[2018.09.14-23.51.15:901][  0]LogStats: UGameplayTagsManager::ConstructGameplayTagTree: Construct from data asset -  0.000 s
[2018.09.14-23.51.15:901][  0]LogStats: UGameplayTagsManager::ConstructGameplayTagTree: ImportINI -  0.000 s
[2018.09.14-23.51.15:901][  0]LogStats: UGameplayTagsManager::ConstructGameplayTagTree: GameplayTagTreeChangedEvent.Broadcast -  0.000 s
[2018.09.14-23.51.16:144][  0]LogInit: Initializing FReadOnlyCVARCache
[2018.09.14-23.51.16:172][  0]LogAIModule: Creating AISystem for world Untitled
[2018.09.14-23.51.16:192][  0]LogInit: XAudio2 using 'Speakers (Realtek High Definition Audio)' : 2 channels at 48 kHz using 32 bits per sample (channel mask 0x3)
[2018.09.14-23.51.16:212][  0]LogInit: FAudioDevice initialized.
[2018.09.14-23.51.16:212][  0]LogNetVersion: Set ProjectVersion to 1.0.0.0. Version Checksum will be recalculated on next use.
[2018.09.14-23.51.16:331][  0]LogDerivedDataCache: Saved boot cache 0.12s 71MB C:/Users/Bogdan/AppData/Local/UnrealEngine/4.20/DerivedDataCache/Boot.ddc.
[2018.09.14-23.51.16:339][  0]LogInit: Texture streaming: Enabled
[2018.09.14-23.51.16:361][  0]LogEngineSessionManager: EngineSessionManager initialized
[2018.09.14-23.51.16:413][  0]LogInit: Transaction tracking system initialized
[2018.09.14-23.51.16:439][  0]BlueprintLog: New page: Editor Load
[2018.09.14-23.51.16:556][  0]LocalizationService: Localization service is disabled
[2018.09.14-23.51.16:913][  0]LogCook: Display: Max memory allowance for cook 16384mb min free memory 0mb
[2018.09.14-23.51.16:913][  0]LogCook: Display: Mobile HDR setting 1
[2018.09.14-23.51.16:913][  0]LogGameplayTags: Display: UGameplayTagsManager::DoneAddingNativeTags. DelegateIsBound: 0
[2018.09.14-23.51.16:913][  0]LogStats: UGameplayTagsManager::ConstructGameplayTagTree: ImportINI prefixes -  0.000 s
[2018.09.14-23.51.16:913][  0]LogStats: UGameplayTagsManager::ConstructGameplayTagTree: Construct from data asset -  0.000 s
[2018.09.14-23.51.16:914][  0]LogStats: UGameplayTagsManager::ConstructGameplayTagTree: ImportINI -  0.000 s
[2018.09.14-23.51.16:914][  0]LogStats: UGameplayTagsManager::ConstructGameplayTagTree: GameplayTagTreeChangedEvent.Broadcast -  0.000 s
[2018.09.14-23.51.17:111][  0]LogFileCache: Scanning file cache for directory 'C:/Users/Bogdan/Documents/Unreal Projects/OurGameBP/Content/' took 0.03s
[2018.09.14-23.51.17:111][  0]Cmd: MAP LOAD FILE="../../../../../../Users/Bogdan/Documents/Unreal Projects/OurGameBP/Content/Maps/Mapa1.umap" TEMPLATE=0 SHOWPROGRESS=1 FEATURELEVEL=3
[2018.09.14-23.51.17:111][  0]LightingResults: New page: Lighting Build
[2018.09.14-23.51.17:115][  0]MapCheck: New page: Map Check
[2018.09.14-23.51.17:115][  0]LightingResults: New page: Lighting Build
[2018.09.14-23.51.34:795][  0]LogAIModule: Creating AISystem for world Mapa1
[2018.09.14-23.51.34:868][  0]LogEditorServer: Finished looking for orphan Actors (0.000 secs)
[2018.09.14-23.51.34:928][  0]Cmd: MAP CHECKDEP NOCLEARLOG
[2018.09.14-23.51.35:106][  0]MapCheck: Map check complete: 0 Error(s), 0 Warning(s), took 177.479ms to complete.
[2018.09.14-23.51.35:106][  0]LogFileHelpers: Loading map 'Mapa1' took 17.995
[2018.09.14-23.51.35:302][  0]LogSlate: Updating window title bar state: overlay mode, drag disabled, window buttons hidden, title bar hidden
[2018.09.14-23.51.35:316][  0]LogSlate: Updating window title bar state: overlay mode, drag disabled, window buttons hidden, title bar hidden
[2018.09.14-23.51.35:337][  0]LogCollectionManager: Loaded 0 collections in 0.002036 seconds
[2018.09.14-23.51.35:404][  0]LogFileCache: Scanning file cache for directory 'C:/Users/Bogdan/Documents/Unreal Projects/OurGameBP/Saved/Collections/' took 0.01s
[2018.09.14-23.51.35:404][  0]LogFileCache: Scanning file cache for directory 'C:/Users/Bogdan/Documents/Unreal Projects/OurGameBP/Content/Developers/Bogdan/Collections/' took 0.01s
[2018.09.14-23.51.35:404][  0]LogFileCache: Scanning file cache for directory 'C:/Users/Bogdan/Documents/Unreal Projects/OurGameBP/Content/Collections/' took 0.01s
[2018.09.14-23.51.35:405][  0]LogCollectionManager: Rebuilt the GUID cache for 0 collections in 0.000000 seconds
[2018.09.14-23.51.35:428][  0]LogContentBrowser: Native class hierarchy populated in 0.0232 seconds. Added 2572 classes and 603 folders.
[2018.09.14-23.51.35:457][  0]LogContentBrowser: Native class hierarchy updated for 'WidgetCarousel' in 0.0004 seconds. Added 0 classes and 0 folders.
[2018.09.14-23.51.36:925][  0]LogContentBrowser: Native class hierarchy updated for 'AddContentDialog' in 0.0005 seconds. Added 0 classes and 0 folders.
[2018.09.14-23.51.36:953][  0]LogContentBrowser: Native class hierarchy updated for 'SceneOutliner' in 0.0004 seconds. Added 1 classes and 2 folders.
[2018.09.14-23.51.36:983][  0]LogSlate: Took 0.001361 seconds to synchronously load lazily loaded font '../../../Engine/Content/Slate/Fonts/Roboto-Regular.ttf' (155K)
[2018.09.14-23.51.36:988][  0]LogSlate: Took 0.000270 seconds to synchronously load lazily loaded font '../../../Engine/Content/Slate/Fonts/Roboto-Bold.ttf' (160K)
[2018.09.14-23.51.37:026][  0]LogSlate: Took 0.019822 seconds to synchronously load lazily loaded font '../../../Engine/Content/Editor/Slate/Fonts/FontAwesome.ttf' (139K)
[2018.09.14-23.51.37:275][  0]LogRenderer: Reallocating scene render targets to support 1212x484 Format 10 NumSamples 1 (Frame:1).
[2018.09.14-23.51.37:377][  0]LogSlate: Took 0.020745 seconds to synchronously load lazily loaded font '../../../Engine/Content/Slate/Fonts/Roboto-Light.ttf' (167K)
[2018.09.14-23.51.37:534][  0]LogContentBrowser: Native class hierarchy updated for 'HierarchicalLODOutliner' in 0.0003 seconds. Added 0 classes and 0 folders.
[2018.09.14-23.51.37:534][  0]LogLoad: (Engine Initialization) Total time: 32.15 seconds
[2018.09.14-23.51.37:534][  0]LogLoad: (Engine Initialization) Total Blueprint compile time: 0.00 seconds
[2018.09.14-23.51.37:544][  0]LogWindowsTextInputMethodSystem: Display: IME system now deactivated.
[2018.09.14-23.51.37:582][  0]LogContentStreaming: Texture pool size now 1000 MB
[2018.09.14-23.51.37:851][  1]LogRenderer: Reallocating scene render targets to support 1212x500 Format 10 NumSamples 1 (Frame:3).
[2018.09.14-23.51.38:080][  3]LogAssetRegistry: Asset discovery search completed in 26.1425 seconds
[2018.09.14-23.51.38:084][  3]LogCollectionManager: Rebuilt the object cache for 0 collections in 0.000002 seconds (found 0 objects)
[2018.09.14-23.51.38:084][  3]LogCollectionManager: Fixed up redirectors for 0 collections in 0.000158 seconds (updated 0 objects)
[2018.09.14-23.51.48:589][843]LogSlate: FSceneViewport::OnFocusLost() reason 0
[2018.09.14-23.51.48:773][857]LogActorFactory: Actor Factory created Cube
[2018.09.14-23.51.49:583][918]LogActorFactory: Actor Factory created Cube
[2018.09.14-23.52.25:822][374]LogEditorViewport: Clicking Background
[2018.09.14-23.52.28:810][621]LogEditorViewport: Clicking on Actor (LMB): StaticMeshActor (Cube106)
[2018.09.14-23.53.05:452][ 87]LogSlate: Took 0.000235 seconds to synchronously load lazily loaded font '../../../Engine/Content/Slate/Fonts/Roboto-Light.ttf' (167K)
[2018.09.14-23.53.05:471][ 87]LogSlate: FSceneViewport::OnFocusLost() reason 2
[2018.09.14-23.53.05:586][ 87]LogFactory: FactoryCreateFile: Texture with ReimportTextureFactory (0 0 C:\Users\Bogdan\Documents\SPACE_BOTS_Data\Intro\car1.png)
[2018.09.14-23.53.05:606][ 87]LogTexture: Display: Building textures: car1 (BGRA8, 645X326)
[2018.09.14-23.53.05:759][ 87]LogFactory: FactoryCreateFile: Texture with ReimportTextureFactory (0 0 C:\Users\Bogdan\Documents\SPACE_BOTS_Data\Intro\car2.jpg)
[2018.09.14-23.53.05:769][ 87]LogTexture: Display: Building textures: car2 (BGRA8, 278X182)
[2018.09.14-23.53.05:903][ 87]LogFactory: FactoryCreateFile: Texture with ReimportTextureFactory (0 0 C:\Users\Bogdan\Documents\SPACE_BOTS_Data\Intro\car3.png)
[2018.09.14-23.53.05:921][ 87]LogTexture: Display: Building textures: car3 (BGRA8, 614X304)
[2018.09.14-23.53.06:062][ 87]LogFactory: FactoryCreateFile: Texture with ReimportTextureFactory (0 0 C:\Users\Bogdan\Documents\SPACE_BOTS_Data\Intro\car4.png)
[2018.09.14-23.53.06:073][ 87]LogTexture: Display: Building textures: car4 (BGRA8, 280X210)
[2018.09.14-23.53.18:897][424]LogSlate: FSceneViewport::OnFocusLost() reason 0
[2018.09.14-23.53.21:397][480]LogSlate: Window 'Delete Assets' being destroyed
[2018.09.14-23.53.23:804][533]LogSlate: Window 'Delete Assets' being destroyed
[2018.09.14-23.53.26:244][585]LogSlate: Window 'Delete Assets' being destroyed
[2018.09.14-23.53.28:006][676]LogMaterial: Display: Missing cached shader map for material car2_Mat, compiling. 
[2018.09.14-23.53.28:082][676]LogShaderCompilers: Display: Shaders left to compile 22
[2018.09.14-23.53.28:082][676]LogShaderCompilers: Display: Shaders left to compile 12
[2018.09.14-23.53.28:082][676]LogShaderCompilers: Display: Shaders left to compile 2
[2018.09.14-23.53.58:409][615]LogEditorViewport: Clicking on Actor (LMB): StaticMeshActor (WaterNewYork2)
[2018.09.14-23.54.03:501][976]LogEditorViewport: Clicking on Actor (LMB): StaticMeshActor (Cube106)
[2018.09.14-23.54.23:534][320]LogEditorViewport: Clicking Background
[2018.09.14-23.54.53:335][972]LogSlate: FSceneViewport::OnFocusLost() reason 2
[2018.09.14-23.54.53:426][972]LogFactory: FactoryCreateFile: Texture with ReimportTextureFactory (0 0 C:\Users\Bogdan\Documents\SPACE_BOTS_Data\Intro\carGREEN.jpg)
[2018.09.14-23.54.53:483][972]LogTexture: Display: Building textures: carGREEN (BGRA8, 1300X866)
[2018.09.14-23.54.55:045][ 67]LogEditorViewport: Clicking on Actor (LMB): StaticMeshActor (Cube106)
[2018.09.14-23.54.59:455][357]LogSlate: FSceneViewport::OnFocusLost() reason 0
[2018.09.14-23.55.00:267][420]LogMaterial: Display: Missing cached shader map for material carGREEN_Mat, compiling. 
[2018.09.14-23.55.00:302][420]LogShaderCompilers: Display: Shaders left to compile 22
[2018.09.14-23.55.00:302][420]LogShaderCompilers: Display: Shaders left to compile 12
[2018.09.14-23.55.00:302][420]LogShaderCompilers: Display: Shaders left to compile 2
[2018.09.14-23.55.36:107][904]LogEditorViewport: Clicking Background
[2018.09.14-23.55.54:657][615]LogEditorViewport: Clicking on Actor (LMB): StaticMeshActor (Cube108)
[2018.09.14-23.56.06:240][433]LogEditorViewport: Clicking Background
[2018.09.14-23.56.08:648][646]LogEditorViewport: Clicking on Actor (LMB): StaticMeshActor (WaterNewYork16)
[2018.09.14-23.56.09:256][675]LogEditorViewport: Clicking on Actor (LMB): StaticMeshActor (Cube109)
[2018.09.14-23.56.15:449][144]LogEditorViewport: Clicking Background
[2018.09.14-23.56.18:477][417]LogEditorViewport: Clicking on Actor (LMB): StaticMeshActor (Cube108)
[2018.09.14-23.56.29:183][217]LogEditorViewport: Clicking Background
[2018.09.14-23.57.18:600][870]LogSlate: FSceneViewport::OnFocusLost() reason 2
[2018.09.14-23.57.18:735][870]LogFactory: FactoryCreateFile: Texture with ReimportTextureFactory (0 0 C:\Users\Bogdan\Documents\SPACE_BOTS_Data\Intro\CarSide1.jpg)
[2018.09.14-23.57.18:751][870]LogTexture: Display: Building textures: CarSide1 (BGRA8, 645X326)
[2018.09.14-23.57.21:339][  4]LogEditorViewport: Clicking on Actor (LMB): StaticMeshActor (Cube109)
[2018.09.14-23.57.31:180][598]LogSlate: FSceneViewport::OnFocusLost() reason 0
[2018.09.14-23.57.31:818][639]LogMaterial: Display: Missing cached shader map for material CarSide1_Mat, compiling. 
[2018.09.14-23.57.31:837][639]LogShaderCompilers: Display: Shaders left to compile 22
[2018.09.14-23.57.31:837][639]LogShaderCompilers: Display: Shaders left to compile 12
[2018.09.14-23.57.31:837][639]LogShaderCompilers: Display: Shaders left to compile 2
[2018.09.14-23.57.58:464][326]LogEditorViewport: Clicking on Actor (LMB): StaticMeshActor (Cube110)
[2018.09.14-23.58.03:590][664]LogEditorViewport: Clicking on Actor (LMB): StaticMeshActor (Cube54)
[2018.09.14-23.58.58:968][590]LogSlate: FSceneViewport::OnFocusLost() reason 0
[2018.09.14-23.58.59:231][596]Cmd: OBJ SAVEPACKAGE PACKAGE="/Game/Maps/Mapa1" FILE="../../../../../../Users/Bogdan/Documents/Unreal Projects/OurGameBP/Content/Maps/Mapa1.umap" SILENT=true AUTOSAVING=false KEEPDIRTY=false
[2018.09.14-23.59.00:188][596]LogSavePackage: Moving '../../../../../../Users/Bogdan/Documents/Unreal Projects/OurGameBP/Saved/Mapa12EC77F354C19013D83741DBD0E9A8D56.tmp' to '../../../../../../Users/Bogdan/Documents/Unreal Projects/OurGameBP/Content/Maps/Mapa1.umap'
[2018.09.14-23.59.00:414][596]Cmd: OBJ SAVEPACKAGE PACKAGE="/Game/Maps/Mapa1_BuiltData" FILE="../../../../../../Users/Bogdan/Documents/Unreal Projects/OurGameBP/Content/Maps/Mapa1_BuiltData.uasset" SILENT=true
[2018.09.14-23.59.02:552][596]LogSavePackage: Moving '../../../../../../Users/Bogdan/Documents/Unreal Projects/OurGameBP/Saved/Mapa1_BuiltDataD14E5FAF49E2081E4712268BE805050B.tmp' to '../../../../../../Users/Bogdan/Documents/Unreal Projects/OurGameBP/Content/Maps/Mapa1_BuiltData.uasset'
[2018.09.15-00.08.59:422][379]LogFileHelpers: Editor autosave (incl. sublevels) for '/Game/Maps/Mapa1' took 0.048
[2018.09.15-00.08.59:424][379]OBJ SavePackage: Generating thumbnails for [1] asset(s) in package [/Game/Igra/INTRO/carGREEN_Mat] ([1] browsable assets)...
[2018.09.15-00.08.59:504][379]OBJ SavePackage:     Rendered thumbnail for [Material /Game/Igra/INTRO/carGREEN_Mat.carGREEN_Mat]
[2018.09.15-00.08.59:504][379]OBJ SavePackage: Finished generating thumbnails for package [/Game/Igra/INTRO/carGREEN_Mat]
[2018.09.15-00.08.59:558][379]LogSavePackage: Moving '../../../../../../Users/Bogdan/Documents/Unreal Projects/OurGameBP/Saved/carGREEN_Mat_Auto1D4822E784747D4966424FFB3B0153FE2.tmp' to '../../../../../../Users/Bogdan/Documents/Unreal Projects/OurGameBP/Saved/Autosaves/Game/Igra/INTRO/carGREEN_Mat_Auto1.uasset'
[2018.09.15-00.08.59:560][379]OBJ SavePackage: Generating thumbnails for [1] asset(s) in package [/Game/Igra/INTRO/car2] ([1] browsable assets)...
[2018.09.15-00.08.59:582][379]OBJ SavePackage:     Rendered thumbnail for [Texture2D /Game/Igra/INTRO/car2.car2]
[2018.09.15-00.08.59:582][379]OBJ SavePackage: Finished generating thumbnails for package [/Game/Igra/INTRO/car2]
[2018.09.15-00.08.59:601][379]LogSavePackage: Moving '../../../../../../Users/Bogdan/Documents/Unreal Projects/OurGameBP/Saved/car2_Auto17F0F88D54A125451B3B7A9BD16DA174F.tmp' to '../../../../../../Users/Bogdan/Documents/Unreal Projects/OurGameBP/Saved/Autosaves/Game/Igra/INTRO/car2_Auto1.uasset'
[2018.09.15-00.08.59:606][379]OBJ SavePackage: Generating thumbnails for [1] asset(s) in package [/Game/Igra/INTRO/car2_Mat] ([1] browsable assets)...
[2018.09.15-00.08.59:642][379]OBJ SavePackage:     Rendered thumbnail for [Material /Game/Igra/INTRO/car2_Mat.car2_Mat]
[2018.09.15-00.08.59:642][379]OBJ SavePackage: Finished generating thumbnails for package [/Game/Igra/INTRO/car2_Mat]
[2018.09.15-00.08.59:684][379]LogSavePackage: Moving '../../../../../../Users/Bogdan/Documents/Unreal Projects/OurGameBP/Saved/car2_Mat_Auto134885BC64BAA2E384A495EB947F4C41D.tmp' to '../../../../../../Users/Bogdan/Documents/Unreal Projects/OurGameBP/Saved/Autosaves/Game/Igra/INTRO/car2_Mat_Auto1.uasset'
[2018.09.15-00.08.59:702][379]OBJ SavePackage: Generating thumbnails for [1] asset(s) in package [/Game/Igra/INTRO/carGREEN] ([1] browsable assets)...
[2018.09.15-00.08.59:710][379]OBJ SavePackage:     Rendered thumbnail for [Texture2D /Game/Igra/INTRO/carGREEN.carGREEN]
[2018.09.15-00.08.59:711][379]OBJ SavePackage: Finished generating thumbnails for package [/Game/Igra/INTRO/carGREEN]
[2018.09.15-00.08.59:737][379]LogSavePackage: Moving '../../../../../../Users/Bogdan/Documents/Unreal Projects/OurGameBP/Saved/carGREEN_Auto138F956774A7EA1B8ED2B15A6F391D38C.tmp' to '../../../../../../Users/Bogdan/Documents/Unreal Projects/OurGameBP/Saved/Autosaves/Game/Igra/INTRO/carGREEN_Auto1.uasset'
[2018.09.15-00.08.59:742][379]OBJ SavePackage: Generating thumbnails for [1] asset(s) in package [/Game/Igra/INTRO/CarSide1] ([1] browsable assets)...
[2018.09.15-00.08.59:751][379]OBJ SavePackage:     Rendered thumbnail for [Texture2D /Game/Igra/INTRO/CarSide1.CarSide1]
[2018.09.15-00.08.59:751][379]OBJ SavePackage: Finished generating thumbnails for package [/Game/Igra/INTRO/CarSide1]
[2018.09.15-00.08.59:769][379]LogSavePackage: Moving '../../../../../../Users/Bogdan/Documents/Unreal Projects/OurGameBP/Saved/CarSide1_Auto103900F7A4EE7C2EEFADB3B815699685C.tmp' to '../../../../../../Users/Bogdan/Documents/Unreal Projects/OurGameBP/Saved/Autosaves/Game/Igra/INTRO/CarSide1_Auto1.uasset'
[2018.09.15-00.08.59:771][379]OBJ SavePackage: Generating thumbnails for [1] asset(s) in package [/Game/Igra/INTRO/CarSide1_Mat] ([1] browsable assets)...
[2018.09.15-00.08.59:807][379]OBJ SavePackage:     Rendered thumbnail for [Material /Game/Igra/INTRO/CarSide1_Mat.CarSide1_Mat]
[2018.09.15-00.08.59:807][379]OBJ SavePackage: Finished generating thumbnails for package [/Game/Igra/INTRO/CarSide1_Mat]
[2018.09.15-00.08.59:848][379]LogSavePackage: Moving '../../../../../../Users/Bogdan/Documents/Unreal Projects/OurGameBP/Saved/CarSide1_Mat_Auto1C00E362E419252FF70930BAC95D9F2CB.tmp' to '../../../../../../Users/Bogdan/Documents/Unreal Projects/OurGameBP/Saved/Autosaves/Game/Igra/INTRO/CarSide1_Mat_Auto1.uasset'
[2018.09.15-00.08.59:859][379]LogFileHelpers: Auto-saving content packages took 0.436
[2018.09.15-02.16.39:575][552]LogAssetEditorManager: Opening Asset editor for LevelSequence /Game/Cinematics/Sequences/MasterSeq/MasterSeqMaster.MasterSeqMaster
[2018.09.15-02.16.45:981][831]LogEditorViewport: Clicking on Actor (LMB): Brush (Brush)
[2018.09.15-02.17.30:672][727]LogSlate: FSceneViewport::OnFocusLost() reason 0
[2018.09.15-02.18.38:738][ 39]LogFileHelpers: Editor autosave (incl. sublevels) for '/Game/Maps/Mapa1' took 0.084
[2018.09.15-02.18.38:741][ 39]OBJ SavePackage: Generating thumbnails for [0] asset(s) in package [/Game/Cinematics/Sequences/MasterSeq/MasterSeqMaster] ([1] browsable assets)...
[2018.09.15-02.18.38:741][ 39]OBJ SavePackage: Finished generating thumbnails for package [/Game/Cinematics/Sequences/MasterSeq/MasterSeqMaster]
[2018.09.15-02.18.38:828][ 39]LogSavePackage: Moving '../../../../../../Users/Bogdan/Documents/Unreal Projects/OurGameBP/Saved/MasterSeqMaster_Auto27610D4D14FC9DF1E9191179864A2BA7C.tmp' to '../../../../../../Users/Bogdan/Documents/Unreal Projects/OurGameBP/Saved/Autosaves/Game/Cinematics/Sequences/MasterSeq/MasterSeqMaster_Auto2.uasset'
[2018.09.15-02.18.38:833][ 39]LogFileHelpers: Auto-saving content packages took 0.093
[2018.09.15-02.24.58:836][314]LogSavePackage: Moving '../../../../../../Users/Bogdan/Documents/Unreal Projects/OurGameBP/Saved/MasterSeqMasterC776495D44BA83CB1D99B08BF12E39C1.tmp' to '../../../../../../Users/Bogdan/Documents/Unreal Projects/OurGameBP/Content/Cinematics/Sequences/MasterSeq/MasterSeqMaster.uasset'
[2018.09.15-02.25.18:511][955]LogFactory: FactoryCreateFile: SoundWave with ReimportSoundFactory (0 0 C:\Users\Bogdan\Downloads\Sea  Ocean Wave Sound Effect  Royalty Free Sound Effects  Sound Effects  Good Vibes.wav)
[2018.09.15-02.25.48:295][140]LogFactory: FactoryCreateFile: SoundWave with ReimportSoundFactory (0 0 C:\Users\Bogdan\Documents\SPACE_BOTS_Data\Intro\POPULAR WHOOSH SOUND EFFECTS FOR EDITS.wav)
[2018.09.15-02.25.58:512][950]LogAudioDerivedData: Display: Building compressed audio format OGG hash OGG wave Sea__Ocean_Wave_Sound_Effect__Royalty_Free_Sound_Effects__Sound_Effects__Good_Vibes...
[2018.09.15-02.25.58:516][950]LogTemp: Couldn't find amount to resample to.
[2018.09.15-02.25.59:100][950]LogAudioDerivedData: Display: Updated SoundWave->RawPCMDataSize from 0 to 2990080 while cooking SoundWave /Game/Igra/INTRO/Intro_SOUND/Sea__Ocean_Wave_Sound_Effect__Royalty_Free_Sound_Effects__Sound_Effects__Good_Vibes.Sea__Ocean_Wave_Sound_Effect__Royalty_Free_Sound_Effects__Sound_Effects__Good_Vibes.
[2018.09.15-02.28.31:445][628]LogEditorViewport: Clicking on Actor (LMB): StaticMeshActor (land5)
[2018.09.15-02.28.32:281][672]LogSlate: FSceneViewport::OnFocusLost() reason 0
[2018.09.15-02.29.17:778][264]LogFactory: FactoryCreateFile: SoundWave with ReimportSoundFactory (0 0 C:\Users\Bogdan\Documents\SPACE_BOTS_Data\Intro\Jungle Sound Effect.wav)
[2018.09.15-02.29.24:250][758]LogAudioDerivedData: Display: Building compressed audio format OGG hash OGG wave Jungle_Sound_Effect...
[2018.09.15-02.29.24:252][758]LogTemp: Couldn't find amount to resample to.
[2018.09.15-02.29.25:808][758]LogAudioDerivedData: Display: Updated SoundWave->RawPCMDataSize from 0 to 10948608 while cooking SoundWave /Game/Igra/INTRO/Intro_SOUND/Jungle_Sound_Effect.Jungle_Sound_Effect.
[2018.09.15-02.32.45:749][884]LogEditorViewport: Clicking on Actor (LMB): StaticMeshActor (land5)
[2018.09.15-02.32.46:386][917]LogSlate: FSceneViewport::OnFocusLost() reason 0
[2018.09.15-02.36.57:570][121]LogFileHelpers: Editor autosave (incl. sublevels) for '/Game/Maps/Mapa1' took 0.035
[2018.09.15-02.36.57:576][121]OBJ SavePackage: Generating thumbnails for [0] asset(s) in package [/Game/Cinematics/Sequences/MasterSeq/MasterSeqMaster] ([1] browsable assets)...
[2018.09.15-02.36.57:576][121]OBJ SavePackage: Finished generating thumbnails for package [/Game/Cinematics/Sequences/MasterSeq/MasterSeqMaster]
[2018.09.15-02.36.57:635][121]LogSavePackage: Moving '../../../../../../Users/Bogdan/Documents/Unreal Projects/OurGameBP/Saved/MasterSeqMaster_Auto344906D244710F659E276719E2FC02921.tmp' to '../../../../../../Users/Bogdan/Documents/Unreal Projects/OurGameBP/Saved/Autosaves/Game/Cinematics/Sequences/MasterSeq/MasterSeqMaster_Auto3.uasset'
[2018.09.15-02.36.57:649][121]OBJ SavePackage: Generating thumbnails for [1] asset(s) in package [/Game/Igra/INTRO/Intro_SOUND/Sea__Ocean_Wave_Sound_Effect__Royalty_Free_Sound_Effects__Sound_Effects__Good_Vibes] ([1] browsable assets)...
[2018.09.15-02.36.57:659][121]OBJ SavePackage:     Rendered thumbnail for [SoundWave /Game/Igra/INTRO/Intro_SOUND/Sea__Ocean_Wave_Sound_Effect__Royalty_Free_Sound_Effects__Sound_Effects__Good_Vibes.Sea__Ocean_Wave_Sound_Effect__Royalty_Free_Sound_Effects__Sound_Effects__Good_Vibes]
[2018.09.15-02.36.57:659][121]OBJ SavePackage: Finished generating thumbnails for package [/Game/Igra/INTRO/Intro_SOUND/Sea__Ocean_Wave_Sound_Effect__Royalty_Free_Sound_Effects__Sound_Effects__Good_Vibes]
[2018.09.15-02.36.57:693][121]LogSavePackage: Moving '../../../../../../Users/Bogdan/Documents/Unreal Projects/OurGameBP/Saved/Sea__Ocean_Wave_Sound_Effect__Ro15740A014281D7D594FC0FBFCE74CC7A.tmp' to '../../../../../../Users/Bogdan/Documents/Unreal Projects/OurGameBP/Saved/Autosaves/Game/Igra/INTRO/Intro_SOUND/Sea__Ocean_Wave_Sound_Effect__Royalty_Free_Sound_Effects__Sound_Effects__Good_Vibes_Auto3.uasset'
[2018.09.15-02.36.57:695][121]OBJ SavePackage: Generating thumbnails for [1] asset(s) in package [/Game/Igra/INTRO/Intro_SOUND/POPULAR_WHOOSH_SOUND_EFFECTS_FOR_EDITS] ([1] browsable assets)...
[2018.09.15-02.36.57:710][121]OBJ SavePackage:     Rendered thumbnail for [SoundWave /Game/Igra/INTRO/Intro_SOUND/POPULAR_WHOOSH_SOUND_EFFECTS_FOR_EDITS.POPULAR_WHOOSH_SOUND_EFFECTS_FOR_EDITS]
[2018.09.15-02.36.57:711][121]OBJ SavePackage: Finished generating thumbnails for package [/Game/Igra/INTRO/Intro_SOUND/POPULAR_WHOOSH_SOUND_EFFECTS_FOR_EDITS]
[2018.09.15-02.36.57:738][121]LogSavePackage: Moving '../../../../../../Users/Bogdan/Documents/Unreal Projects/OurGameBP/Saved/POPULAR_WHOOSH_SOUND_EFFECTS_FOR26FACBDA484D9D72A33A1A89A398C6DB.tmp' to '../../../../../../Users/Bogdan/Documents/Unreal Projects/OurGameBP/Saved/Autosaves/Game/Igra/INTRO/Intro_SOUND/POPULAR_WHOOSH_SOUND_EFFECTS_FOR_EDITS_Auto3.uasset'
[2018.09.15-02.36.57:747][121]OBJ SavePackage: Generating thumbnails for [1] asset(s) in package [/Game/Igra/INTRO/Intro_SOUND/Jungle_Sound_Effect] ([1] browsable assets)...
[2018.09.15-02.36.57:769][121]OBJ SavePackage:     Rendered thumbnail for [SoundWave /Game/Igra/INTRO/Intro_SOUND/Jungle_Sound_Effect.Jungle_Sound_Effect]
[2018.09.15-02.36.57:769][121]OBJ SavePackage: Finished generating thumbnails for package [/Game/Igra/INTRO/Intro_SOUND/Jungle_Sound_Effect]
[2018.09.15-02.36.57:825][121]LogSavePackage: Moving '../../../../../../Users/Bogdan/Documents/Unreal Projects/OurGameBP/Saved/Jungle_Sound_Effect_Auto30AD197DD4ABADDEF3BDE55AF1CD06E3B.tmp' to '../../../../../../Users/Bogdan/Documents/Unreal Projects/OurGameBP/Saved/Autosaves/Game/Igra/INTRO/Intro_SOUND/Jungle_Sound_Effect_Auto3.uasset'
[2018.09.15-02.36.57:827][121]LogFileHelpers: Auto-saving content packages took 0.252
[2018.09.15-02.37.10:540][879]LogSlate: Window 'Save Content' being destroyed
[2018.09.15-02.37.11:133][879]LogSavePackage: Moving '../../../../../../Users/Bogdan/Documents/Unreal Projects/OurGameBP/Saved/MasterSeqMaster6EFEA2CF4B178FF75E4E26B43AF929F5.tmp' to '../../../../../../Users/Bogdan/Documents/Unreal Projects/OurGameBP/Content/Cinematics/Sequences/MasterSeq/MasterSeqMaster.uasset'
[2018.09.15-02.37.11:153][879]Cmd: OBJ SAVEPACKAGE PACKAGE="/Game/Igra/INTRO/car2" FILE="../../../../../../Users/Bogdan/Documents/Unreal Projects/OurGameBP/Content/Igra/INTRO/car2.uasset" SILENT=true
[2018.09.15-02.37.11:232][879]LogSavePackage: Moving '../../../../../../Users/Bogdan/Documents/Unreal Projects/OurGameBP/Saved/car2B0936F9A4E5BB4A8A713ED83370A67AC.tmp' to '../../../../../../Users/Bogdan/Documents/Unreal Projects/OurGameBP/Content/Igra/INTRO/car2.uasset'
[2018.09.15-02.37.11:646][879]Cmd: OBJ SAVEPACKAGE PACKAGE="/Game/Igra/INTRO/car2_Mat" FILE="../../../../../../Users/Bogdan/Documents/Unreal Projects/OurGameBP/Content/Igra/INTRO/car2_Mat.uasset" SILENT=true
[2018.09.15-02.37.11:663][879]LogSavePackage: Moving '../../../../../../Users/Bogdan/Documents/Unreal Projects/OurGameBP/Saved/car2_Mat4A5BE5B548E51573C3F1F88D05CD627D.tmp' to '../../../../../../Users/Bogdan/Documents/Unreal Projects/OurGameBP/Content/Igra/INTRO/car2_Mat.uasset'
[2018.09.15-02.37.12:110][879]Cmd: OBJ SAVEPACKAGE PACKAGE="/Game/Igra/INTRO/carGREEN" FILE="../../../../../../Users/Bogdan/Documents/Unreal Projects/OurGameBP/Content/Igra/INTRO/carGREEN.uasset" SILENT=true
[2018.09.15-02.37.12:269][879]LogSavePackage: Moving '../../../../../../Users/Bogdan/Documents/Unreal Projects/OurGameBP/Saved/carGREEN216B82454E9B627D434F05B70FB028F9.tmp' to '../../../../../../Users/Bogdan/Documents/Unreal Projects/OurGameBP/Content/Igra/INTRO/carGREEN.uasset'
[2018.09.15-02.37.12:641][879]Cmd: OBJ SAVEPACKAGE PACKAGE="/Game/Igra/INTRO/carGREEN_Mat" FILE="../../../../../../Users/Bogdan/Documents/Unreal Projects/OurGameBP/Content/Igra/INTRO/carGREEN_Mat.uasset" SILENT=true
[2018.09.15-02.37.12:652][879]LogSavePackage: Moving '../../../../../../Users/Bogdan/Documents/Unreal Projects/OurGameBP/Saved/carGREEN_Mat18885EAE4B383F0239ED23AB31E68C9B.tmp' to '../../../../../../Users/Bogdan/Documents/Unreal Projects/OurGameBP/Content/Igra/INTRO/carGREEN_Mat.uasset'
[2018.09.15-02.37.13:003][879]Cmd: OBJ SAVEPACKAGE PACKAGE="/Game/Igra/INTRO/CarSide1" FILE="../../../../../../Users/Bogdan/Documents/Unreal Projects/OurGameBP/Content/Igra/INTRO/CarSide1.uasset" SILENT=true
[2018.09.15-02.37.13:057][879]LogSavePackage: Moving '../../../../../../Users/Bogdan/Documents/Unreal Projects/OurGameBP/Saved/CarSide1527644AD4FF04095D79E01ABE91DD210.tmp' to '../../../../../../Users/Bogdan/Documents/Unreal Projects/OurGameBP/Content/Igra/INTRO/CarSide1.uasset'
[2018.09.15-02.37.13:569][879]Cmd: OBJ SAVEPACKAGE PACKAGE="/Game/Igra/INTRO/CarSide1_Mat" FILE="../../../../../../Users/Bogdan/Documents/Unreal Projects/OurGameBP/Content/Igra/INTRO/CarSide1_Mat.uasset" SILENT=true
[2018.09.15-02.37.13:583][879]LogSavePackage: Moving '../../../../../../Users/Bogdan/Documents/Unreal Projects/OurGameBP/Saved/CarSide1_MatBAA286634F5AB081469857B2553CAE12.tmp' to '../../../../../../Users/Bogdan/Documents/Unreal Projects/OurGameBP/Content/Igra/INTRO/CarSide1_Mat.uasset'
[2018.09.15-02.37.14:023][879]LogSavePackage: Moving '../../../../../../Users/Bogdan/Documents/Unreal Projects/OurGameBP/Saved/Jungle_Sound_EffectBC6B17D64CB64FD52AD5C7AB74671385.tmp' to '../../../../../../Users/Bogdan/Documents/Unreal Projects/OurGameBP/Content/Igra/INTRO/Intro_SOUND/Jungle_Sound_Effect.uasset'
[2018.09.15-02.37.16:012][879]LogSavePackage: Moving '../../../../../../Users/Bogdan/Documents/Unreal Projects/OurGameBP/Saved/POPULAR_WHOOSH_SOUND_EFFECTS_FORFAF75AB342D914DE3FC788A1B77CE359.tmp' to '../../../../../../Users/Bogdan/Documents/Unreal Projects/OurGameBP/Content/Igra/INTRO/Intro_SOUND/POPULAR_WHOOSH_SOUND_EFFECTS_FOR_EDITS.uasset'
[2018.09.15-02.37.17:237][879]LogSavePackage: Moving '../../../../../../Users/Bogdan/Documents/Unreal Projects/OurGameBP/Saved/Sea__Ocean_Wave_Sound_Effect__Ro9F097BE94B053A371B7E76A04B8D3573.tmp' to '../../../../../../Users/Bogdan/Documents/Unreal Projects/OurGameBP/Content/Igra/INTRO/Intro_SOUND/Sea__Ocean_Wave_Sound_Effect__Royalty_Free_Sound_Effects__Sound_Effects__Good_Vibes.uasset'
[2018.09.15-02.37.18:544][879]LogSlate: Window 'OurGameBP - Unreal Editor' being destroyed
[2018.09.15-02.37.18:862][880]Cmd: QUIT_EDITOR
[2018.09.15-02.37.18:939][880]LogWindowsTextInputMethodSystem: Display: IME system now deactivated.
[2018.09.15-02.37.19:006][880]LogExit: Preparing to exit.
[2018.09.15-02.37.20:016][880]LogExit: Editor shut down
[2018.09.15-02.37.20:018][880]LogExit: Transaction tracking system shut down
[2018.09.15-02.37.20:613][880]LogExit: Object subsystem successfully closed.
[2018.09.15-02.37.20:662][880]LogShaderCompilers: Display: Shaders left to compile 0
[2018.09.15-02.37.20:676][880]LogD3D11RHI: Shutdown
[2018.09.15-02.37.20:676][880]LogD3D11RHI: CleanupD3DDevice
[2018.09.15-02.37.20:722][880]LogD3D11RHI: ~FD3D11DynamicRHI
[2018.09.15-02.37.20:773][880]LogModuleManager: Shutting down and abandoning module SequencerWidgets (612)
[2018.09.15-02.37.20:773][880]LogModuleManager: Shutting down and abandoning module HierarchicalLODOutliner (610)
[2018.09.15-02.37.20:773][880]LogModuleManager: Shutting down and abandoning module SceneOutliner (608)
[2018.09.15-02.37.20:773][880]LogModuleManager: Shutting down and abandoning module AddContentDialog (606)
[2018.09.15-02.37.20:804][880]LogModuleManager: Shutting down and abandoning module WidgetCarousel (605)
[2018.09.15-02.37.20:806][880]LogModuleManager: Shutting down and abandoning module EditorWidgets (602)
[2018.09.15-02.37.20:806][880]LogModuleManager: Shutting down and abandoning module CollectionManager (600)
[2018.09.15-02.37.20:806][880]LogModuleManager: Shutting down and abandoning module StatsViewer (598)
[2018.09.15-02.37.20:806][880]LogModuleManager: Shutting down and abandoning module FoliageEdit (596)
[2018.09.15-02.37.20:806][880]LogModuleManager: Shutting down and abandoning module LandscapeEditor (594)
[2018.09.15-02.37.20:806][880]LogModuleManager: Shutting down and abandoning module MeshPaintMode (592)
[2018.09.15-02.37.20:806][880]LogModuleManager: Shutting down and abandoning module SceneDepthPickerMode (590)
[2018.09.15-02.37.20:806][880]LogModuleManager: Shutting down and abandoning module ActorPickerMode (588)
[2018.09.15-02.37.20:806][880]LogModuleManager: Shutting down and abandoning module GeometryMode (586)
[2018.09.15-02.37.20:806][880]LogModuleManager: Shutting down and abandoning module TextureAlignMode (584)
[2018.09.15-02.37.20:806][880]LogModuleManager: Shutting down and abandoning module BspMode (582)
[2018.09.15-02.37.20:807][880]LogModuleManager: Shutting down and abandoning module PIEPreviewDeviceProfileSelector (580)
[2018.09.15-02.37.20:807][880]LogModuleManager: Shutting down and abandoning module SequenceRecorderSections (578)
[2018.09.15-02.37.20:807][880]LogModuleManager: Shutting down and abandoning module AutomationWorker (576)
[2018.09.15-02.37.20:807][880]LogModuleManager: Shutting down and abandoning module AudioCaptureEditor (574)
[2018.09.15-02.37.20:807][880]LogModuleManager: Shutting down and abandoning module SequenceRecorder (573)
[2018.09.15-02.37.20:807][880]LogModuleManager: Shutting down and abandoning module MatineeToLevelSequence (570)
[2018.09.15-02.37.20:807][880]LogModuleManager: Shutting down and abandoning module LevelSequenceEditor (568)
[2018.09.15-02.37.20:807][880]LogModuleManager: Shutting down and abandoning module PlacementMode (567)
[2018.09.15-02.37.20:807][880]LogModuleManager: Shutting down and abandoning module MaterialEditor (566)
[2018.09.15-02.37.20:807][880]LogModuleManager: Shutting down and abandoning module WmfMediaFactory (562)
[2018.09.15-02.37.20:807][880]LogModuleManager: Shutting down and abandoning module WmfMediaEditor (560)
[2018.09.15-02.37.20:807][880]LogModuleManager: Shutting down and abandoning module MediaPlayerEditor (558)
[2018.09.15-02.37.20:807][880]LogModuleManager: Shutting down and abandoning module OpenExrWrapper (556)
[2018.09.15-02.37.20:807][880]LogModuleManager: Shutting down and abandoning module ImgMediaFactory (554)
[2018.09.15-02.37.20:807][880]LogModuleManager: Shutting down and abandoning module ImgMediaEditor (552)
[2018.09.15-02.37.20:807][880]LogModuleManager: Shutting down and abandoning module AvfMediaFactory (550)
[2018.09.15-02.37.20:807][880]LogModuleManager: Shutting down and abandoning module AvfMediaEditor (548)
[2018.09.15-02.37.20:807][880]LogModuleManager: Shutting down and abandoning module AndroidMediaFactory (546)
[2018.09.15-02.37.20:807][880]LogModuleManager: Shutting down and abandoning module AndroidMediaEditor (544)
[2018.09.15-02.37.20:807][880]LogModuleManager: Shutting down and abandoning module MagicLeapCameraPreviewFactory (542)
[2018.09.15-02.37.20:807][880]LogModuleManager: Shutting down and abandoning module MagicLeapMediaFactory (540)
[2018.09.15-02.37.20:807][880]LogModuleManager: Shutting down and abandoning module MagicLeapMediaEditor (538)
[2018.09.15-02.37.20:807][880]LogModuleManager: Shutting down and abandoning module CharacterAI (536)
[2018.09.15-02.37.20:807][880]LogModuleManager: Shutting down and abandoning module SmartSnapping (534)
[2018.09.15-02.37.20:807][880]LogModuleManager: Shutting down and abandoning module SessionServices (532)
[2018.09.15-02.37.20:807][880]LogModuleManager: Shutting down and abandoning module ViewportSnapping (530)
[2018.09.15-02.37.20:807][880]LogModuleManager: Shutting down and abandoning module ViewportInteraction (528)
[2018.09.15-02.37.20:808][880]LogModuleManager: Shutting down and abandoning module ClothPainter (526)
[2018.09.15-02.37.20:808][880]LogModuleManager: Shutting down and abandoning module SkeletalMeshEditor (525)
[2018.09.15-02.37.20:808][880]LogModuleManager: Shutting down and abandoning module LogVisualizer (522)
[2018.09.15-02.37.20:808][880]LogModuleManager: Shutting down and abandoning module IntroTutorials (520)
[2018.09.15-02.37.20:808][880]LogModuleManager: Shutting down and abandoning module GameProjectGeneration (519)
[2018.09.15-02.37.20:808][880]LogModuleManager: Shutting down and abandoning module LuminPlatformEditor (516)
[2018.09.15-02.37.20:808][880]LogModuleManager: Shutting down and abandoning module IOSPlatformEditor (514)
[2018.09.15-02.37.20:808][880]LogModuleManager: Shutting down and abandoning module HTML5PlatformEditor (512)
[2018.09.15-02.37.20:808][880]LogModuleManager: Shutting down and abandoning module AndroidPlatformEditor (510)
[2018.09.15-02.37.20:808][880]LogModuleManager: Shutting down and abandoning module AndroidDeviceDetection (509)
[2018.09.15-02.37.21:642][880]LogModuleManager: Shutting down and abandoning module WindowsPlatformEditor (506)
[2018.09.15-02.37.21:642][880]LogModuleManager: Shutting down and abandoning module LuminRuntimeSettings (504)
[2018.09.15-02.37.21:643][880]LogModuleManager: Shutting down and abandoning module IOSRuntimeSettings (502)
[2018.09.15-02.37.21:643][880]LogModuleManager: Shutting down and abandoning module AndroidRuntimeSettings (500)
[2018.09.15-02.37.21:643][880]LogModuleManager: Shutting down and abandoning module InputBindingEditor (498)
[2018.09.15-02.37.21:643][880]LogModuleManager: Shutting down and abandoning module MergeActors (496)
[2018.09.15-02.37.21:643][880]LogModuleManager: Shutting down and abandoning module LocalizationDashboard (494)
[2018.09.15-02.37.21:643][880]LogModuleManager: Shutting down and abandoning module LocalizationService (493)
[2018.09.15-02.37.21:643][880]LogModuleManager: Shutting down and abandoning module HardwareTargeting (490)
[2018.09.15-02.37.21:643][880]LogModuleManager: Shutting down and abandoning module DeviceProfileEditor (488)
[2018.09.15-02.37.21:643][880]LogModuleManager: Shutting down and abandoning module UndoHistory (486)
[2018.09.15-02.37.21:643][880]LogModuleManager: Shutting down and abandoning module XmlParser (484)
[2018.09.15-02.37.21:643][880]LogModuleManager: Shutting down and abandoning module Blutility (482)
[2018.09.15-02.37.21:643][880]LogModuleManager: Shutting down and abandoning module ProjectSettingsViewer (480)
[2018.09.15-02.37.21:643][880]LogModuleManager: Shutting down and abandoning module ProjectTargetPlatformEditor (479)
[2018.09.15-02.37.21:643][880]LogModuleManager: Shutting down and abandoning module EditorSettingsViewer (476)
[2018.09.15-02.37.21:643][880]LogModuleManager: Shutting down and abandoning module SettingsEditor (474)
[2018.09.15-02.37.21:643][880]LogModuleManager: Shutting down and abandoning module ProjectLauncher (472)
[2018.09.15-02.37.21:643][880]LogModuleManager: Shutting down and abandoning module SessionFrontend (470)
[2018.09.15-02.37.21:644][880]LogModuleManager: Shutting down and abandoning module ProfilerClient (468)
[2018.09.15-02.37.21:644][880]LogModuleManager: Shutting down and abandoning module DeviceManager (466)
[2018.09.15-02.37.21:644][880]LogModuleManager: Shutting down and abandoning module TargetDeviceServices (465)
[2018.09.15-02.37.21:697][880]LogModuleManager: Shutting down and abandoning module AutomationController (462)
[2018.09.15-02.37.21:697][880]LogModuleManager: Shutting down and abandoning module AutomationWindow (460)
[2018.09.15-02.37.21:697][880]LogModuleManager: Shutting down and abandoning module Layers (458)
[2018.09.15-02.37.21:697][880]LogModuleManager: Shutting down and abandoning module ComponentVisualizers (456)
[2018.09.15-02.37.21:697][880]LogModuleManager: Shutting down and abandoning module DetailCustomizations (454)
[2018.09.15-02.37.21:697][880]LogModuleManager: Shutting down and abandoning module PackagesDialog (452)
[2018.09.15-02.37.21:697][880]LogModuleManager: Shutting down and abandoning module Persona (450)
[2018.09.15-02.37.21:697][880]LogModuleManager: Shutting down and abandoning module AdvancedPreviewScene (449)
[2018.09.15-02.37.21:697][880]LogModuleManager: Shutting down and abandoning module AnimGraph (447)
[2018.09.15-02.37.21:698][880]LogModuleManager: Shutting down and abandoning module Kismet (444)
[2018.09.15-02.37.21:699][880]LogModuleManager: Shutting down and abandoning module GraphEditor (442)
[2018.09.15-02.37.21:699][880]LogModuleManager: Shutting down and abandoning module ClassViewer (440)
[2018.09.15-02.37.21:699][880]LogModuleManager: Shutting down and abandoning module Toolbox (438)
[2018.09.15-02.37.21:699][880]LogModuleManager: Shutting down and abandoning module ModuleUI (436)
[2018.09.15-02.37.21:699][880]LogModuleManager: Shutting down and abandoning module MovieSceneTools (434)
[2018.09.15-02.37.21:699][880]LogModuleManager: Shutting down and abandoning module OutputLog (432)
[2018.09.15-02.37.21:699][880]LogModuleManager: Shutting down and abandoning module GammaUI (430)
[2018.09.15-02.37.21:699][880]LogModuleManager: Shutting down and abandoning module Documentation (428)
[2018.09.15-02.37.21:699][880]LogModuleManager: Shutting down and abandoning module MovieSceneTracks (426)
[2018.09.15-02.37.21:699][880]LogModuleManager: Shutting down and abandoning module MovieScene (424)
[2018.09.15-02.37.21:699][880]LogModuleManager: Shutting down and abandoning module StreamingPauseRendering (422)
[2018.09.15-02.37.21:699][880]LogModuleManager: Shutting down and abandoning module LauncherPlatform (420)
[2018.09.15-02.37.21:699][880]LogModuleManager: Shutting down and abandoning module AnalyticsET (418)
[2018.09.15-02.37.21:699][880]LogModuleManager: Shutting down and abandoning module PortalServices (416)
[2018.09.15-02.37.21:699][880]LogModuleManager: Shutting down and abandoning module PortalRpc (414)
[2018.09.15-02.37.21:699][880]LogModuleManager: Shutting down and abandoning module MessagingRpc (412)
[2018.09.15-02.37.21:699][880]LogModuleManager: Shutting down and abandoning module AIModule (410)
[2018.09.15-02.37.21:699][880]LogModuleManager: Shutting down and abandoning module GameplayDebugger (409)
[2018.09.15-02.37.21:699][880]LogModuleManager: Shutting down and abandoning module AITestSuite (407)
[2018.09.15-02.37.21:699][880]LogModuleManager: Shutting down and abandoning module NavigationSystem (405)
[2018.09.15-02.37.21:699][880]LogModuleManager: Shutting down and abandoning module DesktopPlatform (402)
[2018.09.15-02.37.21:699][880]LogModuleManager: Shutting down and abandoning module ProfilerService (400)
[2018.09.15-02.37.21:872][880]LogModuleManager: Shutting down and abandoning module TaskGraph (398)
[2018.09.15-02.37.21:872][880]LogModuleManager: Shutting down and abandoning module SteamVRController (396)
[2018.09.15-02.37.21:872][880]LogModuleManager: Shutting down and abandoning module ProceduralMeshComponentEditor (394)
[2018.09.15-02.37.21:872][880]LogModuleManager: Shutting down and abandoning module ProceduralMeshComponent (392)
[2018.09.15-02.37.21:872][880]LogModuleManager: Shutting down and abandoning module OculusInput (390)
[2018.09.15-02.37.21:872][880]LogModuleManager: Shutting down and abandoning module MobilePatchingUtils (388)
[2018.09.15-02.37.21:872][880]LogModuleManager: Shutting down and abandoning module EditableMesh (386)
[2018.09.15-02.37.21:872][880]LogModuleManager: Shutting down and abandoning module CustomMeshComponent (384)
[2018.09.15-02.37.21:872][880]LogModuleManager: Shutting down and abandoning module CableComponent (382)
[2018.09.15-02.37.21:872][880]LogModuleManager: Shutting down and abandoning module AudioCapture (380)
[2018.09.15-02.37.21:872][880]LogModuleManager: Shutting down and abandoning module ArchVisCharacter (378)
[2018.09.15-02.37.21:872][880]LogModuleManager: Shutting down and abandoning module AndroidPermission (376)
[2018.09.15-02.37.21:872][880]LogModuleManager: Shutting down and abandoning module NUTUnrealEngine4 (374)
[2018.09.15-02.37.21:872][880]LogModuleManager: Shutting down and abandoning module NetcodeUnitTest (372)
[2018.09.15-02.37.21:873][880]LogModuleManager: Shutting down and abandoning module MediaCompositingEditor (370)
[2018.09.15-02.37.21:873][880]LogModuleManager: Shutting down and abandoning module MediaCompositing (368)
[2018.09.15-02.37.21:873][880]LogModuleManager: Shutting down and abandoning module LinearTimecode (366)
[2018.09.15-02.37.21:873][880]LogModuleManager: Shutting down and abandoning module ImgMedia (364)
[2018.09.15-02.37.21:878][880]LogModuleManager: Shutting down and abandoning module HTML5Networking (362)
[2018.09.15-02.37.21:878][880]LogModuleManager: Shutting down and abandoning module GeometryCacheTracks (360)
[2018.09.15-02.37.21:878][880]LogModuleManager: Shutting down and abandoning module GeometryCacheSequencer (358)
[2018.09.15-02.37.21:878][880]LogModuleManager: Shutting down and abandoning module BackChannel (356)
[2018.09.15-02.37.21:878][880]LogModuleManager: Shutting down and abandoning module AppleVision (354)
[2018.09.15-02.37.21:878][880]LogModuleManager: Shutting down and abandoning module AppleImageUtils (352)
[2018.09.15-02.37.21:878][880]LogModuleManager: Shutting down and abandoning module AlembicImporter (350)
[2018.09.15-02.37.21:878][880]LogModuleManager: Shutting down and abandoning module AlembicLibrary (349)
[2018.09.15-02.37.21:878][880]LogModuleManager: Shutting down and abandoning module GeometryCache (348)
[2018.09.15-02.37.21:878][880]LogModuleManager: Shutting down and abandoning module GeometryCacheEd (347)
[2018.09.15-02.37.21:878][880]LogModuleManager: Shutting down and abandoning module DatasmithContentEditor (342)
[2018.09.15-02.37.21:878][880]LogModuleManager: Shutting down and abandoning module DatasmithContent (340)
[2018.09.15-02.37.21:880][880]LogModuleManager: Shutting down and abandoning module SpeedTreeImporter (338)
[2018.09.15-02.37.21:880][880]LogModuleManager: Shutting down and abandoning module PluginBrowser (336)
[2018.09.15-02.37.21:880][880]LogModuleManager: Shutting down and abandoning module MobileLauncherProfileWizard (334)
[2018.09.15-02.37.21:880][880]LogModuleManager: Shutting down and abandoning module PolygonModeling (332)
[2018.09.15-02.37.21:880][880]LogModuleManager: Shutting down and abandoning module MeshEditor (330)
[2018.09.15-02.37.21:880][880]LogModuleManager: Shutting down and abandoning module CryptoKeysOpenSSL (328)
[2018.09.15-02.37.21:880][880]LogModuleManager: Shutting down and abandoning module CryptoKeys (326)
[2018.09.15-02.37.21:880][880]LogModuleManager: Shutting down and abandoning module VisualStudioSourceCodeAccess (324)
[2018.09.15-02.37.21:880][880]LogModuleManager: Shutting down and abandoning module VisualStudioCodeSourceCodeAccess (322)
[2018.09.15-02.37.21:880][880]LogModuleManager: Shutting down and abandoning module UObjectPlugin (320)
[2018.09.15-02.37.21:880][880]LogModuleManager: Shutting down and abandoning module SubversionSourceControl (318)
[2018.09.15-02.37.21:880][880]LogModuleManager: Shutting down and abandoning module PerforceSourceControl (316)
[2018.09.15-02.37.21:880][880]LogModuleManager: Shutting down and abandoning module GitSourceControl (314)
[2018.09.15-02.37.21:880][880]LogModuleManager: Shutting down and abandoning module SourceControl (313)
[2018.09.15-02.37.21:880][880]LogModuleManager: Shutting down and abandoning module CLionSourceCodeAccess (310)
[2018.09.15-02.37.21:880][880]LogModuleManager: Shutting down and abandoning module LightPropagationVolumeEditor (308)
[2018.09.15-02.37.21:880][880]LogModuleManager: Shutting down and abandoning module PaperTiledImporter (306)
[2018.09.15-02.37.21:880][880]LogModuleManager: Shutting down and abandoning module PaperSpriteSheetImporter (304)
[2018.09.15-02.37.21:880][880]LogModuleManager: Shutting down and abandoning module Paper2DEditor (302)
[2018.09.15-02.37.21:880][880]LogModuleManager: Shutting down and abandoning module MeshPaint (301)
[2018.09.15-02.37.21:880][880]LogModuleManager: Shutting down and abandoning module RuntimePhysXCooking (298)
[2018.09.15-02.37.21:880][880]LogModuleManager: Shutting down and abandoning module PhysXVehiclesEditor (296)
[2018.09.15-02.37.21:880][880]LogModuleManager: Shutting down and abandoning module PhysXVehicles (294)
[2018.09.15-02.37.21:880][880]LogModuleManager: Shutting down and abandoning module OculusEditor (292)
[2018.09.15-02.37.21:880][880]LogModuleManager: Shutting down and abandoning module LocationServicesBPLibrary (290)
[2018.09.15-02.37.21:881][880]LogModuleManager: Shutting down and abandoning module ImmediatePhysicsEditor (288)
[2018.09.15-02.37.21:881][880]LogModuleManager: Shutting down and abandoning module ImmediatePhysics (286)
[2018.09.15-02.37.21:881][880]LogModuleManager: Shutting down and abandoning module ActorSequence (284)
[2018.09.15-02.37.21:881][880]LogModuleManager: Shutting down and abandoning module UdpMessaging (282)
[2018.09.15-02.37.21:981][880]LogModuleManager: Shutting down and abandoning module TcpMessaging (280)
[2018.09.15-02.37.22:082][880]LogModuleManager: Shutting down and abandoning module MagicLeapAudio (278)
[2018.09.15-02.37.22:082][880]LogModuleManager: Shutting down and abandoning module GameplayTagsEditor (276)
[2018.09.15-02.37.22:082][880]LogModuleManager: Shutting down and abandoning module FacialAnimationEditor (274)
[2018.09.15-02.37.22:082][880]LogModuleManager: Shutting down and abandoning module FacialAnimation (272)
[2018.09.15-02.37.22:082][880]LogModuleManager: Shutting down and abandoning module DataValidation (270)
[2018.09.15-02.37.22:082][880]LogModuleManager: Shutting down and abandoning module AssetManagerEditor (268)
[2018.09.15-02.37.22:082][880]LogModuleManager: Shutting down and abandoning module LevelEditor (267)
[2018.09.15-02.37.22:084][880]LogModuleManager: Shutting down and abandoning module PixelInspectorModule (266)
[2018.09.15-02.37.22:084][880]LogModuleManager: Shutting down and abandoning module CommonMenuExtensions (264)
[2018.09.15-02.37.22:084][880]LogModuleManager: Shutting down and abandoning module MainFrame (262)
[2018.09.15-02.37.22:085][880]LogModuleManager: Shutting down and abandoning module HotReload (261)
[2018.09.15-02.37.22:085][880]LogModuleManager: Shutting down and abandoning module ContentBrowser (257)
[2018.09.15-02.37.22:088][880]LogModuleManager: Shutting down and abandoning module TreeMap (255)
[2018.09.15-02.37.22:089][880]LogModuleManager: Shutting down and abandoning module LightPropagationVolumeRuntime (252)
[2018.09.15-02.37.22:089][880]LogModuleManager: Shutting down and abandoning module AISupportModule (250)
[2018.09.15-02.37.22:089][880]LogModuleManager: Shutting down and abandoning module Paper2D (248)
[2018.09.15-02.37.22:089][880]LogModuleManager: Shutting down and abandoning module WindowsMoviePlayer (246)
[2018.09.15-02.37.22:089][880]LogModuleManager: Shutting down and abandoning module WmfMedia (244)
[2018.09.15-02.37.22:092][880]LogModuleManager: Shutting down and abandoning module Media (243)
[2018.09.15-02.37.22:098][880]LogModuleManager: Shutting down and abandoning module PacketHandler (240)
[2018.09.15-02.37.22:099][880]LogModuleManager: Shutting down and abandoning module ClothingSystemEditor (238)
[2018.09.15-02.37.22:099][880]LogModuleManager: Shutting down and abandoning module ClothingSystemRuntime (236)
[2018.09.15-02.37.22:099][880]LogModuleManager: Shutting down and abandoning module MediaAssets (234)
[2018.09.15-02.37.22:099][880]LogModuleManager: Shutting down and abandoning module Overlay (232)
[2018.09.15-02.37.22:099][880]LogModuleManager: Shutting down and abandoning module OverlayEditor (231)
[2018.09.15-02.37.22:099][880]LogModuleManager: Shutting down and abandoning module VREditor (228)
[2018.09.15-02.37.22:099][880]LogModuleManager: Shutting down and abandoning module StringTableEditor (226)
[2018.09.15-02.37.22:099][880]LogModuleManager: Shutting down and abandoning module GameplayTasksEditor (224)
[2018.09.15-02.37.22:099][880]LogModuleManager: Shutting down and abandoning module BehaviorTreeEditor (222)
[2018.09.15-02.37.22:099][880]LogModuleManager: Shutting down and abandoning module FunctionalTesting (220)
[2018.09.15-02.37.22:099][880]LogModuleManager: Shutting down and abandoning module CollisionAnalyzer (218)
[2018.09.15-02.37.22:099][880]LogModuleManager: Shutting down and abandoning module WorkspaceMenuStructure (217)
[2018.09.15-02.37.22:099][880]LogModuleManager: Shutting down and abandoning module UMG (214)
[2018.09.15-02.37.22:099][880]LogModuleManager: Shutting down and abandoning module UMGEditor (213)
[2018.09.15-02.37.22:099][880]LogModuleManager: Shutting down and abandoning module Sequencer (212)
[2018.09.15-02.37.22:099][880]LogModuleManager: Shutting down and abandoning module MessageLog (209)
[2018.09.15-02.37.22:099][880]LogModuleManager: Shutting down and abandoning module SlateReflector (204)
[2018.09.15-02.37.22:099][880]LogModuleManager: Shutting down and abandoning module Slate (202)
[2018.09.15-02.37.22:099][880]LogModuleManager: Shutting down and abandoning module EditorStyle (200)
[2018.09.15-02.37.22:102][880]LogModuleManager: Shutting down and abandoning module MRMesh (198)
[2018.09.15-02.37.22:103][880]LogModuleManager: Shutting down and abandoning module SourceCodeAccess (196)
[2018.09.15-02.37.22:103][880]LogModuleManager: Shutting down and abandoning module HeadMountedDisplay (194)
[2018.09.15-02.37.22:103][880]LogModuleManager: Shutting down and abandoning module XAudio2 (192)
[2018.09.15-02.37.22:103][880]LogModuleManager: Shutting down and abandoning module Networking (190)
[2018.09.15-02.37.22:103][880]LogModuleManager: Shutting down and abandoning module Core (188)
[2018.09.15-02.37.22:103][880]LogModuleManager: Shutting down and abandoning module LevelSequence (186)
[2018.09.15-02.37.22:103][880]LogModuleManager: Shutting down and abandoning module KismetCompiler (184)
[2018.09.15-02.37.22:103][880]LogModuleManager: Shutting down and abandoning module MeshUtilities (182)
[2018.09.15-02.37.22:103][880]LogModuleManager: Shutting down and abandoning module MeshMergeUtilities (181)
[2018.09.15-02.37.22:103][880]LogModuleManager: Shutting down and abandoning module MeshReductionInterface (180)
[2018.09.15-02.37.22:103][880]LogModuleManager: Shutting down and abandoning module SimplygonSwarm (179)
[2018.09.15-02.37.22:103][880]LogModuleManager: Shutting down and abandoning module ProxyLODMeshReduction (177)
[2018.09.15-02.37.22:103][880]LogModuleManager: Shutting down and abandoning module SimplygonMeshReduction (175)
[2018.09.15-02.37.22:103][880]LogModuleManager: Shutting down and abandoning module QuadricMeshReduction (173)
[2018.09.15-02.37.22:103][880]LogModuleManager: Shutting down and abandoning module MaterialBaking (169)
[2018.09.15-02.37.22:103][880]LogModuleManager: Shutting down and abandoning module DirectoryWatcher (165)
[2018.09.15-02.37.22:104][880]LogModuleManager: Shutting down and abandoning module DerivedDataCache (162)
[2018.09.15-02.37.22:205][880]LogDerivedDataCache: Shutdown
[2018.09.15-02.37.22:205][880]LogModuleManager: Shutting down and abandoning module XGEController (160)
[2018.09.15-02.37.22:205][880]LogModuleManager: Shutting down and abandoning module TargetPlatform (158)
[2018.09.15-02.37.22:205][880]LogModuleManager: Shutting down and abandoning module VulkanShaderFormat (157)
[2018.09.15-02.37.22:205][880]LogModuleManager: Shutting down and abandoning module ShaderFormatVectorVM (155)
[2018.09.15-02.37.22:205][880]LogModuleManager: Shutting down and abandoning module ShaderFormatOpenGL (153)
[2018.09.15-02.37.22:205][880]LogModuleManager: Shutting down and abandoning module ShaderFormatD3D (151)
[2018.09.15-02.37.22:206][880]LogModuleManager: Shutting down and abandoning module MetalShaderFormat (149)
[2018.09.15-02.37.22:206][880]LogModuleManager: Shutting down and abandoning module TextureFormatUncompressed (147)
[2018.09.15-02.37.22:206][880]LogModuleManager: Shutting down and abandoning module TextureFormatPVR (145)
[2018.09.15-02.37.22:206][880]LogModuleManager: Shutting down and abandoning module TextureFormatDXT (143)
[2018.09.15-02.37.22:206][880]LogModuleManager: Shutting down and abandoning module TextureFormatIntelISPCTexComp (141)
[2018.09.15-02.37.22:206][880]LogModuleManager: Shutting down and abandoning module TextureFormatASTC (139)
[2018.09.15-02.37.22:206][880]LogModuleManager: Shutting down and abandoning module ImageWrapper (138)
[2018.09.15-02.37.22:206][880]LogModuleManager: Shutting down and abandoning module TextureFormatAndroid (135)
[2018.09.15-02.37.22:206][880]LogModuleManager: Shutting down and abandoning module AudioFormatOpus (133)
[2018.09.15-02.37.22:206][880]LogModuleManager: Shutting down and abandoning module AudioFormatOgg (131)
[2018.09.15-02.37.22:206][880]LogModuleManager: Shutting down and abandoning module AudioFormatADPCM (129)
[2018.09.15-02.37.22:206][880]LogModuleManager: Shutting down and abandoning module LuminTargetPlatform (127)
[2018.09.15-02.37.22:206][880]LogModuleManager: Shutting down and abandoning module LinuxTargetPlatform (125)
[2018.09.15-02.37.22:207][880]LogModuleManager: Shutting down and abandoning module LinuxServerTargetPlatform (123)
[2018.09.15-02.37.22:207][880]LogModuleManager: Shutting down and abandoning module LinuxNoEditorTargetPlatform (121)
[2018.09.15-02.37.22:207][880]LogModuleManager: Shutting down and abandoning module LinuxClientTargetPlatform (119)
[2018.09.15-02.37.22:208][880]LogModuleManager: Shutting down and abandoning module TVOSTargetPlatform (117)
[2018.09.15-02.37.22:222][880]LogModuleManager: Shutting down and abandoning module Messaging (115)
[2018.09.15-02.37.22:222][880]LogModuleManager: Shutting down and abandoning module IOSTargetPlatform (113)
[2018.09.15-02.37.22:227][880]LogModuleManager: Shutting down and abandoning module HTML5TargetPlatform (111)
[2018.09.15-02.37.22:227][880]LogModuleManager: Shutting down and abandoning module AndroidTargetPlatform (109)
[2018.09.15-02.37.22:267][880]LogModuleManager: Shutting down and abandoning module WindowsTargetPlatform (107)
[2018.09.15-02.37.22:267][880]LogModuleManager: Shutting down and abandoning module WindowsServerTargetPlatform (105)
[2018.09.15-02.37.22:268][880]LogModuleManager: Shutting down and abandoning module WindowsNoEditorTargetPlatform (103)
[2018.09.15-02.37.22:268][880]LogModuleManager: Shutting down and abandoning module WindowsClientTargetPlatform (101)
[2018.09.15-02.37.22:268][880]LogModuleManager: Shutting down and abandoning module MacTargetPlatform (99)
[2018.09.15-02.37.22:268][880]LogModuleManager: Shutting down and abandoning module MacServerTargetPlatform (97)
[2018.09.15-02.37.22:268][880]LogModuleManager: Shutting down and abandoning module MacNoEditorTargetPlatform (95)
[2018.09.15-02.37.22:268][880]LogModuleManager: Shutting down and abandoning module MacClientTargetPlatform (93)
[2018.09.15-02.37.22:268][880]LogModuleManager: Shutting down and abandoning module AllDesktopTargetPlatform (91)
[2018.09.15-02.37.22:268][880]LogModuleManager: Shutting down and abandoning module InputCore (88)
[2018.09.15-02.37.22:268][880]LogModuleManager: Shutting down and abandoning module Settings (86)
[2018.09.15-02.37.22:268][880]LogModuleManager: Shutting down and abandoning module PhysXCooking (84)
[2018.09.15-02.37.22:268][880]LogModuleManager: Shutting down and abandoning module SteamVR (82)
[2018.09.15-02.37.22:268][880]LogModuleManager: Shutting down and abandoning module OculusHMD (80)
[2018.09.15-02.37.22:268][880]LogModuleManager: Shutting down and abandoning module ExampleDeviceProfileSelector (78)
[2018.09.15-02.37.22:268][880]LogModuleManager: Shutting down and abandoning module LauncherChunkInstaller (76)
[2018.09.15-02.37.22:268][880]LogModuleManager: Shutting down and abandoning module OnlineBlueprintSupport (74)
[2018.09.15-02.37.22:268][880]LogModuleManager: Shutting down and abandoning module OnlineSubsystem (70)
[2018.09.15-02.37.22:272][880]LogModuleManager: Shutting down and abandoning module XMPP (65)
[2018.09.15-02.37.22:272][880]LogModuleManager: Shutting down and abandoning module WebSockets (64)
[2018.09.15-02.37.22:299][880]LogModuleManager: Shutting down and abandoning module HTTP (61)
[2018.09.15-02.37.22:299][880]LogHttp: Display: Http module shutting down, but needs to wait on 1 outstanding Http requests:
[2018.09.15-02.37.22:300][880]LogHttp: Display: 	verb=[POST] url=[https://datarouter.ol.epicgames.com/datarouter/api/v1/public/data?SessionID=%7BC8FE6F37-4A3E-7ECE-DA83-C9AFBB867D4C%7D&AppID=UEEditor.Rocket.Release&AppVersion=4.20.2-4302132%2B%2B%2BUE4%2BRelease-4.20&UserID=d9bfd1434c591597c1be5d8efff3d149%7Cc2c2ee9a13084a7da39cbb92193f0f01%7Cf443ed07-ffa7-4ed5-8b20-8cda05e5273d&AppEnvironment=datacollector-binary&UploadType=eteventstream] status=Processing
[2018.09.15-02.37.22:310][880]LogModuleManager: Shutting down and abandoning module SSL (60)
[2018.09.15-02.37.22:312][880]LogModuleManager: Shutting down and abandoning module MagicLeapEmulator (56)
[2018.09.15-02.37.22:313][880]LogModuleManager: Shutting down and abandoning module MagicLeapPrivileges (54)
[2018.09.15-02.37.22:313][880]LogModuleManager: Shutting down and abandoning module MagicLeapIdentity (52)
[2018.09.15-02.37.22:313][880]LogModuleManager: Shutting down and abandoning module MagicLeapHelperVulkan (50)
[2018.09.15-02.37.22:313][880]LogModuleManager: Shutting down and abandoning module MagicLeapHelperOpenGL (48)
[2018.09.15-02.37.22:313][880]LogModuleManager: Shutting down and abandoning module MagicLeapSecureStorage (46)
[2018.09.15-02.37.22:313][880]LogModuleManager: Shutting down and abandoning module MagicLeapGestures (44)
[2018.09.15-02.37.22:313][880]LogModuleManager: Shutting down and abandoning module MagicLeapEyeTracker (42)
[2018.09.15-02.37.22:313][880]LogModuleManager: Shutting down and abandoning module MagicLeapController (40)
[2018.09.15-02.37.22:314][880]LogSlate: Slate User Destroyed.  User Index 0, Is Virtual User: 0
[2018.09.15-02.37.22:314][880]LogModuleManager: Shutting down and abandoning module MagicLeap (38)
[2018.09.15-02.37.22:314][880]LogModuleManager: Shutting down and abandoning module AnimationModifiers (36)
[2018.09.15-02.37.22:314][880]LogModuleManager: Shutting down and abandoning module PropertyEditor (35)
[2018.09.15-02.37.22:314][880]LogModuleManager: Shutting down and abandoning module AudioEditor (32)
[2018.09.15-02.37.22:314][880]LogModuleManager: Shutting down and abandoning module TextureCompressor (30)
[2018.09.15-02.37.22:348][880]LogModuleManager: Shutting down and abandoning module ShaderCore (28)
[2018.09.15-02.37.22:349][880]LogModuleManager: Shutting down and abandoning module Landscape (26)
[2018.09.15-02.37.22:349][880]LogModuleManager: Shutting down and abandoning module SlateRHIRenderer (24)
[2018.09.15-02.37.22:350][880]LogModuleManager: Shutting down and abandoning module OpenGLDrv (22)
[2018.09.15-02.37.22:350][880]LogModuleManager: Shutting down and abandoning module D3D11RHI (20)
[2018.09.15-02.37.22:350][880]LogModuleManager: Shutting down and abandoning module AnimGraphRuntime (18)
[2018.09.15-02.37.22:350][880]LogModuleManager: Shutting down and abandoning module Renderer (16)
[2018.09.15-02.37.22:350][880]LogModuleManager: Shutting down and abandoning module Engine (14)
[2018.09.15-02.37.22:350][880]LogModuleManager: Shutting down and abandoning module CoreUObject (12)
[2018.09.15-02.37.22:350][880]LogModuleManager: Shutting down and abandoning module NetworkFile (10)
[2018.09.15-02.37.22:350][880]LogModuleManager: Shutting down and abandoning module CookedIterativeFile (8)
[2018.09.15-02.37.22:350][880]LogModuleManager: Shutting down and abandoning module StreamingFile (6)
[2018.09.15-02.37.22:350][880]LogModuleManager: Shutting down and abandoning module SandboxFile (4)
[2018.09.15-02.37.22:350][880]LogModuleManager: Shutting down and abandoning module PakFile (2)
[2018.09.15-02.37.22:370][880]LogExit: Exiting.
[2018.09.15-02.37.22:388][880]Log file closed, 09/15/18 04:37:22
