Log file open, 09/11/18 16:46:10
LogWindows: Failed to load 'aqProf.dll' (GetLastError=126)
LogWindows: File 'aqProf.dll' does not exist
LogWindows: Failed to load 'VSPerf140.dll' (GetLastError=126)
LogWindows: File 'VSPerf140.dll' does not exist
LogWindows: Failed to load 'VtuneApi.dll' (GetLastError=126)
LogWindows: File 'VtuneApi.dll' does not exist
LogWindows: Failed to load 'VtuneApi32e.dll' (GetLastError=126)
LogWindows: File 'VtuneApi32e.dll' does not exist
LogInit: Display: Running engine for game: OurGameBP
LogPlatformFile: Not using cached read wrapper
LogTaskGraph: Started task graph with 5 named threads and 23 total threads with 3 sets of task threads.
LogStats: Stats thread started at 0.365903
LogD3D11RHI: Loaded GFSDK_Aftermath_Lib.x64.dll
LogICUInternationalization: Display: ICU TimeZone Detection - Raw Offset: +1:00, Platform Override: ''
LogPluginManager: Mounting plugin Paper2D
LogPluginManager: Mounting plugin AISupport
LogPluginManager: Mounting plugin LightPropagationVolume
LogPluginManager: Mounting plugin CLionSourceCodeAccess
LogPluginManager: Mounting plugin CodeLiteSourceCodeAccess
LogPluginManager: Mounting plugin GitSourceControl
LogPluginManager: Mounting plugin KDevelopSourceCodeAccess
LogPluginManager: Mounting plugin NullSourceCodeAccess
LogPluginManager: Mounting plugin PerforceSourceControl
LogPluginManager: Mounting plugin SubversionSourceControl
LogPluginManager: Mounting plugin UObjectPlugin
LogPluginManager: Mounting plugin VisualStudioCodeSourceCodeAccess
LogPluginManager: Mounting plugin VisualStudioSourceCodeAccess
LogPluginManager: Mounting plugin XCodeSourceCodeAccess
LogPluginManager: Mounting plugin AssetManagerEditor
LogPluginManager: Mounting plugin CryptoKeys
LogPluginManager: Mounting plugin DataValidation
LogPluginManager: Mounting plugin FacialAnimation
LogPluginManager: Mounting plugin GameplayTagsEditor
LogPluginManager: Mounting plugin MacGraphicsSwitching
LogPluginManager: Mounting plugin MeshEditor
LogPluginManager: Mounting plugin MobileLauncherProfileWizard
LogPluginManager: Mounting plugin PluginBrowser
LogPluginManager: Mounting plugin SpeedTreeImporter
LogPluginManager: Mounting plugin DatasmithContent
LogPluginManager: Mounting plugin AlembicImporter
LogPluginManager: Mounting plugin AppleImageUtils
LogPluginManager: Mounting plugin AppleVision
LogPluginManager: Mounting plugin BackChannel
LogPluginManager: Mounting plugin CharacterAI
LogPluginManager: Mounting plugin GeometryCache
LogPluginManager: Mounting plugin HTML5Networking
LogPluginManager: Mounting plugin ProxyLODPlugin
LogPluginManager: Mounting plugin MagicLeap
LogPluginManager: Mounting plugin MagicLeapEmulator
LogPluginManager: Mounting plugin MagicLeapMedia
LogPluginManager: Mounting plugin AndroidMedia
LogPluginManager: Mounting plugin AvfMedia
LogPluginManager: Mounting plugin ImgMedia
LogPluginManager: Mounting plugin LinearTimecode
LogPluginManager: Mounting plugin MediaCompositing
LogPluginManager: Mounting plugin MediaPlayerEditor
LogPluginManager: Mounting plugin WmfMedia
LogPluginManager: Mounting plugin TcpMessaging
LogPluginManager: Mounting plugin UdpMessaging
LogPluginManager: Mounting plugin ActorSequence
LogPluginManager: Mounting plugin LevelSequenceEditor
LogPluginManager: Mounting plugin MatineeToLevelSequence
LogPluginManager: Mounting plugin NetcodeUnitTest
LogPluginManager: Mounting plugin NUTUnrealEngine4
LogPluginManager: Mounting plugin OnlineSubsystemGooglePlay
LogPluginManager: Mounting plugin OnlineSubsystemIOS
LogPluginManager: Mounting plugin OnlineSubsystem
LogPluginManager: Mounting plugin OnlineSubsystemNull
LogPluginManager: Mounting plugin OnlineSubsystemUtils
LogPluginManager: Mounting plugin LauncherChunkInstaller
LogPluginManager: Mounting plugin AndroidDeviceProfileSelector
LogPluginManager: Mounting plugin AndroidMoviePlayer
LogPluginManager: Mounting plugin AndroidPermission
LogPluginManager: Mounting plugin AppleMoviePlayer
LogPluginManager: Mounting plugin ArchVisCharacter
LogPluginManager: Mounting plugin AudioCapture
LogPluginManager: Mounting plugin CableComponent
LogPluginManager: Mounting plugin CustomMeshComponent
LogPluginManager: Mounting plugin EditableMesh
LogPluginManager: Mounting plugin ExampleDeviceProfileSelector
LogPluginManager: Mounting plugin GoogleCloudMessaging
LogPluginManager: Mounting plugin ImmediatePhysics
LogPluginManager: Mounting plugin IOSDeviceProfileSelector
LogPluginManager: Mounting plugin LinuxDeviceProfileSelector
LogPluginManager: Mounting plugin LocationServicesBPLibrary
LogPluginManager: Mounting plugin MobilePatchingUtils
LogPluginManager: Mounting plugin OculusVR
LogPluginManager: Plugin shader directory ../../../Engine/Plugins/Runtime/Oculus/OculusVR/Shaders found
LogPluginManager: Mapping shader source directory ../../../Engine/Plugins/Runtime/Oculus/OculusVR/Shaders to virtual directory /Plugin/OculusVR
LogPluginManager: Mounting plugin PhysXVehicles
LogPluginManager: Mounting plugin ProceduralMeshComponent
LogPluginManager: Mounting plugin RuntimePhysXCooking
LogPluginManager: Mounting plugin SteamVR
LogPluginManager: Mounting plugin WindowsMoviePlayer
LogStreaming: Display: Took  0.191s to configure plugins.
LogInit: Using libcurl 7.55.1-DEV
LogInit:  - built for x86_64-pc-win32
LogInit:  - supports SSL with OpenSSL/1.0.2h
LogInit:  - supports HTTP deflate (compression) using libz 1.2.8
LogInit:  - other features:
LogInit:      CURL_VERSION_SSL
LogInit:      CURL_VERSION_LIBZ
LogInit:      CURL_VERSION_IPV6
LogInit:      CURL_VERSION_ASYNCHDNS
LogInit:      CURL_VERSION_LARGEFILE
LogInit:      CURL_VERSION_IDN
LogInit:  CurlRequestOptions (configurable via config and command line):
LogInit:  - bVerifyPeer = false  - Libcurl will NOT verify peer certificate
LogInit:  - bUseHttpProxy = false  - Libcurl will NOT use HTTP proxy
LogInit:  - bDontReuseConnections = false  - Libcurl will reuse connections
LogInit:  - CertBundlePath = nullptr  - Libcurl will use whatever was configured at build time.
LogInit:  - MaxHostConnections = 16  - Libcurl will limit the number of connections to a host
LogInit:  - LocalHostAddr = Default
LogInit:  - BufferSize = 65536
LogInit: WinSock: version 1.1 (2.2), MaxSocks=32767, MaxUdp=65467
LogInit: Build: ++UE4+Release-4.20-CL-4302132
LogInit: Engine Version: 4.20.2-4302132+++UE4+Release-4.20
LogInit: Compatible Engine Version: 4.20.0-4212847+++UE4+Release-4.20
LogInit: Net CL: 4212847
LogInit: OS: Windows 10 (), CPU: AMD Ryzen 5 2400G with Radeon Vega Graphics    , GPU: Radeon RX 560 Series
LogInit: Compiled (64-bit): Aug 21 2018 02:06:06
LogInit: Compiled with Visual C++: 19.13.26129.00
LogInit: Build Configuration: Development
LogInit: Branch Name: ++UE4+Release-4.20
LogInit: Command Line: 
LogInit: Base Directory: C:/Program Files/Epic Games/UE_4.20/Engine/Binaries/Win64/
LogInit: Installed Engine Build: 1
LogDevObjectVersion: Number of dev versions registered: 20
LogDevObjectVersion:   Dev-Blueprints (B0D832E4-1F89-4F0D-ACCF-7EB736FD4AA2): 10
LogDevObjectVersion:   Dev-Build (E1C64328-A22C-4D53-A36C-8E866417BD8C): 0
LogDevObjectVersion:   Dev-Core (375EC13C-06E4-48FB-B500-84F0262A717E): 2
LogDevObjectVersion:   Dev-Editor (E4B068ED-F494-42E9-A231-DA0B2E46BB41): 24
LogDevObjectVersion:   Dev-Framework (CFFC743F-43B0-4480-9391-14DF171D2073): 34
LogDevObjectVersion:   Dev-Mobile (B02B49B5-BB20-44E9-A304-32B752E40360): 2
LogDevObjectVersion:   Dev-Networking (A4E4105C-59A1-49B5-A7C5-40C4547EDFEE): 0
LogDevObjectVersion:   Dev-Online (39C831C9-5AE6-47DC-9A44-9C173E1C8E7C): 0
LogDevObjectVersion:   Dev-Physics (78F01B33-EBEA-4F98-B9B4-84EACCB95AA2): 0
LogDevObjectVersion:   Dev-Platform (6631380F-2D4D-43E0-8009-CF276956A95A): 0
LogDevObjectVersion:   Dev-Rendering (12F88B9F-8875-4AFC-A67C-D90C383ABD29): 26
LogDevObjectVersion:   Dev-Sequencer (7B5AE74C-D270-4C10-A958-57980B212A5A): 9
LogDevObjectVersion:   Dev-VR (D7296918-1DD6-4BDD-9DE2-64A83CC13884): 2
LogDevObjectVersion:   Dev-LoadTimes (C2A15278-BFE7-4AFE-6C17-90FF531DF755): 1
LogDevObjectVersion:   Private-Geometry (6EACA3D4-40EC-4CC1-B786-8BED09428FC5): 3
LogDevObjectVersion:   Dev-AnimPhys (29E575DD-E0A3-4627-9D10-D276232CDCEA): 17
LogDevObjectVersion:   Dev-ReflectionCapture (6B266CEC-1EC7-4B8F-A30B-E4D90942FC07): 1
LogDevObjectVersion:   Dev-Automation (0DF73D61-A23F-47EA-B727-89E90C41499A): 1
LogDevObjectVersion:   FortniteMain (601D1886-AC64-4F84-AA16-D3DE0DEAC7D6): 12
LogDevObjectVersion:   Dev-Enterprise (9DFFBCD6-494F-0158-E221-12823C92A888): 1
LogStreaming: Display: Took  0.005s to delete old logs.
LogInit: Presizing for max 8388607 objects, including 0 objects not considered by GC, pre-allocating 0 bytes for permanent pool.
LogInit: Object subsystem initialized
[2018.09.11-14.46.11:158][  0]LogInit: Selected Device Profile: [Windows]
[2018.09.11-14.46.11:158][  0]LogInit: Applying CVar settings loaded from the selected device profile: [Windows]
[2018.09.11-14.46.11:188][  0]LogHAL: Display: Platform has ~ 8 GB [8536748032 / 8589934592 / 8], which maps to Default [LargestMinGB=32, LargerMinGB=12, DefaultMinGB=8, SmallerMinGB=6, SmallestMinGB=0)
[2018.09.11-14.46.11:188][  0]LogInit: Setting Device Profile CVar: [[r.Vulkan.UseRealUBs:1]]
[2018.09.11-14.46.11:188][  0]LogInit: Going up to parent DeviceProfile []
[2018.09.11-14.46.11:188][  0]LogInit: Computer: DESKTOP-2UN8804
[2018.09.11-14.46.11:188][  0]LogInit: User: Bogdan
[2018.09.11-14.46.11:188][  0]LogInit: CPU Page size=4096, Cores=4
[2018.09.11-14.46.11:188][  0]LogInit: High frequency timer resolution =3.509038 MHz
[2018.09.11-14.46.11:189][  0]LogMemory: Memory total: Physical=8.0GB (8GB approx)
[2018.09.11-14.46.11:189][  0]LogMemory: Platform Memory Stats for Windows
[2018.09.11-14.46.11:189][  0]LogMemory: Process Physical Memory: 100.40 MB used, 100.40 MB peak
[2018.09.11-14.46.11:189][  0]LogMemory: Process Virtual Memory: 90.77 MB used, 90.77 MB peak
[2018.09.11-14.46.11:189][  0]LogMemory: Physical Memory: 4062.01 MB used,  4079.27 MB free, 8141.28 MB total
[2018.09.11-14.46.11:189][  0]LogMemory: Virtual Memory: 543.62 MB used,  4079.27 MB free, 134217728.00 MB total
[2018.09.11-14.46.11:207][  0]LogInit: Using OS detected language (en-US).
[2018.09.11-14.46.11:207][  0]LogInit: Using OS detected locale (en-US).
[2018.09.11-14.46.11:208][  0]LogTextLocalizationManager: No specific localization for 'en-US' exists, so the 'en' localization will be used.
[2018.09.11-14.46.11:829][  0]LogStreaming: Display: Took  0.622s to InitEngineTextLocalization.
[2018.09.11-14.46.11:829][  0]LogInit: Setting process to per monitor DPI aware
[2018.09.11-14.46.11:876][  0]LogSlate: New Slate User Created.  User Index 0, Is Virtual User: 0
[2018.09.11-14.46.11:876][  0]LogSlate: Slate User Registered.  User Index 0, Is Virtual User: 0
[2018.09.11-14.46.12:244][  0]LogHMD: Failed to initialize OpenVR with code 110
[2018.09.11-14.46.12:244][  0]LogD3D11RHI: D3D11 adapters:
[2018.09.11-14.46.12:297][  0]LogD3D11RHI:    0. 'Radeon RX 560 Series' (Feature Level 11_0)
[2018.09.11-14.46.12:297][  0]LogD3D11RHI:       1993/0/4070 MB DedicatedVideo/DedicatedSystem/SharedSystem, Outputs:1, VendorId:0x1002
[2018.09.11-14.46.12:299][  0]LogD3D11RHI:    1. 'Microsoft Basic Render Driver' (Feature Level 11_0)
[2018.09.11-14.46.12:299][  0]LogD3D11RHI:       0/0/4070 MB DedicatedVideo/DedicatedSystem/SharedSystem, Outputs:0, VendorId:0x1414
[2018.09.11-14.46.12:299][  0]LogD3D11RHI: Chosen D3D11 Adapter: 0
[2018.09.11-14.46.12:309][  0]LogD3D11RHI: Creating new Direct3DDevice
[2018.09.11-14.46.12:309][  0]LogD3D11RHI:     GPU DeviceId: 0x67ef (for the marketing name, search the web for "GPU Device Id")
[2018.09.11-14.46.12:309][  0]LogWindows: EnumDisplayDevices:
[2018.09.11-14.46.12:309][  0]LogWindows:    0. 'Radeon RX 560 Series' (P:1 D:1)
[2018.09.11-14.46.12:309][  0]LogWindows:    1. 'Radeon RX 560 Series' (P:0 D:0)
[2018.09.11-14.46.12:309][  0]LogWindows:    2. 'Radeon RX 560 Series' (P:0 D:0)
[2018.09.11-14.46.12:310][  0]LogWindows:    3. 'Radeon RX 560 Series' (P:0 D:0)
[2018.09.11-14.46.12:310][  0]LogWindows:    4. 'Radeon RX 560 Series' (P:0 D:0)
[2018.09.11-14.46.12:310][  0]LogWindows:    5. 'Radeon RX 560 Series' (P:0 D:0)
[2018.09.11-14.46.12:310][  0]LogWindows: DebugString: FoundDriverCount:6 
[2018.09.11-14.46.12:310][  0]LogD3D11RHI:     Adapter Name: Radeon RX 560 Series
[2018.09.11-14.46.12:310][  0]LogD3D11RHI:   Driver Version: Adrenalin 18.8.1 (internal:24.20.13001.1010, unified:24.20.13001.1010)
[2018.09.11-14.46.12:310][  0]LogD3D11RHI:      Driver Date: 8-2-2018
[2018.09.11-14.46.12:310][  0]LogRHI: Texture pool is 1395 MB (70% of 1993 MB)
[2018.09.11-14.46.12:384][  0]LogD3D11RHI: Async texture creation enabled
[2018.09.11-14.46.12:399][  0]LogD3D11RHI: GPU Timing Frequency: 25.000000 (Debug: 2 1)
[2018.09.11-14.46.12:406][  0]LogShaderCompilers: Guid format shader working directory is -19 characters bigger than the processId version (../../../../../../Users/Bogdan/Documents/Unreal Projects/OurGameBP/Intermediate/Shaders/WorkingDirectory/5744/).
[2018.09.11-14.46.12:406][  0]LogShaderCompilers: Cleaned the shader compiler working directory 'C:/Users/Bogdan/AppData/Local/Temp/UnrealShaderWorkingDir/D80182D544083C0CC04E06830721FA62/'.
[2018.09.11-14.46.12:834][  0]LogTemp: Display: Loaded TP AllDesktopTargetPlatform
[2018.09.11-14.46.12:864][  0]LogTemp: Display: Loaded TP MacClientTargetPlatform
[2018.09.11-14.46.12:897][  0]LogTemp: Display: Loaded TP MacNoEditorTargetPlatform
[2018.09.11-14.46.12:953][  0]LogTemp: Display: Loaded TP MacServerTargetPlatform
[2018.09.11-14.46.12:988][  0]LogTemp: Display: Loaded TP MacTargetPlatform
[2018.09.11-14.46.13:009][  0]LogTemp: Display: Loaded TP WindowsClientTargetPlatform
[2018.09.11-14.46.13:026][  0]LogTemp: Display: Loaded TP WindowsNoEditorTargetPlatform
[2018.09.11-14.46.13:057][  0]LogTemp: Display: Loaded TP WindowsServerTargetPlatform
[2018.09.11-14.46.13:065][  0]LogTemp: Display: Loaded TP WindowsTargetPlatform
[2018.09.11-14.46.13:225][  0]LogTemp: Display: Loaded TP AndroidTargetPlatform
[2018.09.11-14.46.13:225][  0]LogTemp: Display: Loaded TP AndroidTargetPlatform
[2018.09.11-14.46.13:225][  0]LogTemp: Display: Loaded TP AndroidTargetPlatform
[2018.09.11-14.46.13:225][  0]LogTemp: Display: Loaded TP AndroidTargetPlatform
[2018.09.11-14.46.13:225][  0]LogTemp: Display: Loaded TP AndroidTargetPlatform
[2018.09.11-14.46.13:225][  0]LogTemp: Display: Loaded TP AndroidTargetPlatform
[2018.09.11-14.46.13:226][  0]LogTemp: Display: Loaded TP AndroidTargetPlatform
[2018.09.11-14.46.13:226][  0]LogTemp: Display: Loaded TP AndroidTargetPlatform
[2018.09.11-14.46.13:226][  0]LogTemp: Display: Loaded TP AndroidTargetPlatform
[2018.09.11-14.46.13:226][  0]LogTemp: Display: Loaded TP AndroidTargetPlatform
[2018.09.11-14.46.13:226][  0]LogTemp: Display: Loaded TP AndroidTargetPlatform
[2018.09.11-14.46.13:226][  0]LogTemp: Display: Loaded TP AndroidTargetPlatform
[2018.09.11-14.46.13:226][  0]LogTemp: Display: Loaded TP AndroidTargetPlatform
[2018.09.11-14.46.13:226][  0]LogTemp: Display: Loaded TP AndroidTargetPlatform
[2018.09.11-14.46.13:226][  0]LogTemp: Display: Loaded TP AndroidTargetPlatform
[2018.09.11-14.46.13:226][  0]LogTemp: Display: Loaded TP AndroidTargetPlatform
[2018.09.11-14.46.13:226][  0]LogTemp: Display: Loaded TP AndroidTargetPlatform
[2018.09.11-14.46.13:226][  0]LogTemp: Display: Loaded TP AndroidTargetPlatform
[2018.09.11-14.46.13:227][  0]LogTemp: Display: Loaded TP HTML5TargetPlatform
[2018.09.11-14.46.13:309][  0]LogTemp: Display: Loaded TP IOSTargetPlatform
[2018.09.11-14.46.13:309][  0]LogTemp: Display: Loaded TP IOSTargetPlatform
[2018.09.11-14.46.13:355][  0]LogTemp: Display: Loaded TP TVOSTargetPlatform
[2018.09.11-14.46.13:355][  0]LogTemp: Display: Loaded TP TVOSTargetPlatform
[2018.09.11-14.46.13:380][  0]LogTemp: Display: Loaded TP LinuxClientTargetPlatform
[2018.09.11-14.46.13:399][  0]LogTemp: Display: Loaded TP LinuxNoEditorTargetPlatform
[2018.09.11-14.46.13:439][  0]LogTemp: Display: Loaded TP LinuxServerTargetPlatform
[2018.09.11-14.46.13:476][  0]LogTemp: Display: Loaded TP LinuxTargetPlatform
[2018.09.11-14.46.13:490][  0]LogTemp: Display: Loaded TP LuminTargetPlatform
[2018.09.11-14.46.13:490][  0]LogTargetPlatformManager: Display: Building Assets For Windows
[2018.09.11-14.46.13:626][  0]LogXGEController: Cannot use XGE Controller as Incredibuild is not installed on this machine.
[2018.09.11-14.46.13:626][  0]LogShaderCompilers: Cannot use XGE Shader Compiler as Incredibuild is not installed on this machine.
[2018.09.11-14.46.13:626][  0]LogShaderCompilers: Display: Using Local Shader Compiler.
[2018.09.11-14.46.14:935][  0]LogDerivedDataCache: Display: Max Cache Size: 512 MB
[2018.09.11-14.46.15:070][  0]LogDerivedDataCache: Loaded boot cache 0.08s 71MB C:/Users/Bogdan/AppData/Local/UnrealEngine/4.20/DerivedDataCache/Boot.ddc.
[2018.09.11-14.46.15:070][  0]LogDerivedDataCache: Display: Loaded Boot cache: C:/Users/Bogdan/AppData/Local/UnrealEngine/4.20/DerivedDataCache/Boot.ddc
[2018.09.11-14.46.15:070][  0]LogDerivedDataCache: FDerivedDataBackendGraph:  Pak pak cache file ../../../../../../Users/Bogdan/Documents/Unreal Projects/OurGameBP/DerivedDataCache/DDC.ddp not found, will not use a pak cache.
[2018.09.11-14.46.15:070][  0]LogDerivedDataCache: Unable to find inner node Pak for hierarchical cache Hierarchy.
[2018.09.11-14.46.15:070][  0]LogDerivedDataCache: FDerivedDataBackendGraph:  CompressedPak pak cache file ../../../../../../Users/Bogdan/Documents/Unreal Projects/OurGameBP/DerivedDataCache/Compressed.ddp not found, will not use a pak cache.
[2018.09.11-14.46.15:070][  0]LogDerivedDataCache: Unable to find inner node CompressedPak for hierarchical cache Hierarchy.
[2018.09.11-14.46.15:091][  0]LogDerivedDataCache: Display: Pak cache opened for reading ../../../Engine/DerivedDataCache/Compressed.ddp.
[2018.09.11-14.46.15:103][  0]LogDerivedDataCache: Using Local data cache path C:/Users/Bogdan/AppData/Local/UnrealEngine/Common/DerivedDataCache: Writable
[2018.09.11-14.46.15:103][  0]LogDerivedDataCache: Shared data cache path not found in *engine.ini, will not use an Shared cache.
[2018.09.11-14.46.15:103][  0]LogDerivedDataCache: Unable to find inner node Shared for hierarchical cache Hierarchy.
[2018.09.11-14.46.15:136][  0]LogMaterial: Verifying Global Shaders for PCD3D_SM5
[2018.09.11-14.46.15:138][  0]LogSlate: Using FreeType 2.6.0
[2018.09.11-14.46.15:139][  0]LogSlate: SlateFontServices - WITH_FREETYPE: 1, WITH_HARFBUZZ: 1
[2018.09.11-14.46.15:245][  0]LogAssetRegistry: FAssetRegistry took 0.0279 seconds to start up
[2018.09.11-14.46.15:800][  0]LogInit: Selected Device Profile: [Windows]
[2018.09.11-14.46.15:991][  0]LogSimplygon: Simplygon DLL not present - disabling.
[2018.09.11-14.46.16:001][  0]LogMeshReduction: Using SimplygonSwarm for distributed automatic mesh merging
[2018.09.11-14.46.16:001][  0]LogMeshReduction: Using ProxyLODMeshReduction for automatic mesh merging
[2018.09.11-14.46.16:001][  0]LogMeshReduction: Using QuadricMeshReduction for automatic static mesh reduction
[2018.09.11-14.46.16:001][  0]LogMeshReduction: No automatic skeletal mesh reduction module available
[2018.09.11-14.46.16:027][  0]LogNetVersion: OurGameBP 1.0.0, NetCL: 4212847, EngineNetVer: 5, GameNetVer: 0 (Checksum: 2791728059)
[2018.09.11-14.46.16:822][  0]LogPackageLocalizationCache: Processed 11 localized package path(s) for 2 prioritized culture(s) in 0.180002 seconds
[2018.09.11-14.46.16:836][  0]LogUObjectArray: 38425 objects as part of root set at end of initial load.
[2018.09.11-14.46.16:836][  0]LogUObjectAllocator: 6690872 out of 0 bytes used by permanent object pool.
[2018.09.11-14.46.16:836][  0]LogUObjectArray: CloseDisregardForGC: 0/0 objects in disregard for GC pool
[2018.09.11-14.46.18:180][  0]LogTcpMessaging: Initializing TcpMessaging bridge
[2018.09.11-14.46.18:196][  0]LogUdpMessaging: Initializing bridge on interface 0.0.0.0:0 to multicast group 230.0.0.1:6666.
[2018.09.11-14.46.18:407][  0]SourceControl: Source control is disabled
[2018.09.11-14.46.19:183][  0]LogAndroidPermission: UAndroidPermissionCallbackProxy::GetInstance
[2018.09.11-14.46.19:256][  0]LogOcInput: OculusInput pre-init called
[2018.09.11-14.46.19:353][  0]LogEngine: Initializing Engine...
[2018.09.11-14.46.19:354][  0]LogHMD: Failed to initialize OpenVR with code 110
[2018.09.11-14.46.19:357][  0]LogStats: UGameplayTagsManager::ConstructGameplayTagTree: ImportINI prefixes -  0.000 s
[2018.09.11-14.46.19:357][  0]LogStats: UGameplayTagsManager::ConstructGameplayTagTree: Construct from data asset -  0.000 s
[2018.09.11-14.46.19:357][  0]LogStats: UGameplayTagsManager::ConstructGameplayTagTree: ImportINI -  0.000 s
[2018.09.11-14.46.19:357][  0]LogStats: UGameplayTagsManager::ConstructGameplayTagTree: GameplayTagTreeChangedEvent.Broadcast -  0.000 s
[2018.09.11-14.46.19:662][  0]LogInit: Initializing FReadOnlyCVARCache
[2018.09.11-14.46.19:682][  0]LogAIModule: Creating AISystem for world Untitled
[2018.09.11-14.46.19:705][  0]LogInit: XAudio2 using 'Speakers (Realtek High Definition Audio)' : 2 channels at 48 kHz using 32 bits per sample (channel mask 0x3)
[2018.09.11-14.46.19:729][  0]LogInit: FAudioDevice initialized.
[2018.09.11-14.46.19:732][  0]LogNetVersion: Set ProjectVersion to 1.0.0.0. Version Checksum will be recalculated on next use.
[2018.09.11-14.46.19:858][  0]LogDerivedDataCache: Saved boot cache 0.13s 71MB C:/Users/Bogdan/AppData/Local/UnrealEngine/4.20/DerivedDataCache/Boot.ddc.
[2018.09.11-14.46.19:867][  0]LogInit: Texture streaming: Enabled
[2018.09.11-14.46.19:893][  0]LogEngineSessionManager: EngineSessionManager initialized
[2018.09.11-14.46.19:910][  0]LogInit: Transaction tracking system initialized
[2018.09.11-14.46.19:951][  0]BlueprintLog: New page: Editor Load
[2018.09.11-14.46.20:135][  0]LocalizationService: Localization service is disabled
[2018.09.11-14.46.20:519][  0]LogCook: Display: Max memory allowance for cook 16384mb min free memory 0mb
[2018.09.11-14.46.20:519][  0]LogCook: Display: Mobile HDR setting 1
[2018.09.11-14.46.20:519][  0]LogGameplayTags: Display: UGameplayTagsManager::DoneAddingNativeTags. DelegateIsBound: 0
[2018.09.11-14.46.20:519][  0]LogStats: UGameplayTagsManager::ConstructGameplayTagTree: ImportINI prefixes -  0.000 s
[2018.09.11-14.46.20:519][  0]LogStats: UGameplayTagsManager::ConstructGameplayTagTree: Construct from data asset -  0.000 s
[2018.09.11-14.46.20:519][  0]LogStats: UGameplayTagsManager::ConstructGameplayTagTree: ImportINI -  0.000 s
[2018.09.11-14.46.20:519][  0]LogStats: UGameplayTagsManager::ConstructGameplayTagTree: GameplayTagTreeChangedEvent.Broadcast -  0.000 s
[2018.09.11-14.46.20:708][  0]LogFileCache: Scanning file cache for directory 'C:/Users/Bogdan/Documents/Unreal Projects/OurGameBP/Content/' took 0.02s
[2018.09.11-14.46.20:709][  0]Cmd: MAP LOAD FILE="../../../../../../Users/Bogdan/Documents/Unreal Projects/OurGameBP/Content/Maps/Mapa1.umap" TEMPLATE=0 SHOWPROGRESS=1 FEATURELEVEL=3
[2018.09.11-14.46.20:709][  0]LightingResults: New page: Lighting Build
[2018.09.11-14.46.20:714][  0]MapCheck: New page: Map Check
[2018.09.11-14.46.20:714][  0]LightingResults: New page: Lighting Build
[2018.09.11-14.46.23:345][  0]LogAIModule: Creating AISystem for world Mapa1
[2018.09.11-14.46.23:397][  0]LogEditorServer: Finished looking for orphan Actors (0.000 secs)
[2018.09.11-14.46.23:436][  0]Cmd: MAP CHECKDEP NOCLEARLOG
[2018.09.11-14.46.23:613][  0]MapCheck: Map check complete: 0 Error(s), 0 Warning(s), took 175.787ms to complete.
[2018.09.11-14.46.23:613][  0]LogFileHelpers: Loading map 'Mapa1' took 2.904
[2018.09.11-14.46.23:737][  0]LogSlate: Updating window title bar state: overlay mode, drag disabled, window buttons hidden, title bar hidden
[2018.09.11-14.46.23:749][  0]LogSlate: Updating window title bar state: overlay mode, drag disabled, window buttons hidden, title bar hidden
[2018.09.11-14.46.23:767][  0]LogCollectionManager: Loaded 0 collections in 0.010861 seconds
[2018.09.11-14.46.23:812][  0]LogFileCache: Scanning file cache for directory 'C:/Users/Bogdan/Documents/Unreal Projects/OurGameBP/Saved/Collections/' took 0.01s
[2018.09.11-14.46.23:812][  0]LogFileCache: Scanning file cache for directory 'C:/Users/Bogdan/Documents/Unreal Projects/OurGameBP/Content/Developers/Bogdan/Collections/' took 0.01s
[2018.09.11-14.46.23:812][  0]LogFileCache: Scanning file cache for directory 'C:/Users/Bogdan/Documents/Unreal Projects/OurGameBP/Content/Collections/' took 0.01s
[2018.09.11-14.46.23:812][  0]LogCollectionManager: Rebuilt the GUID cache for 0 collections in 0.000000 seconds
[2018.09.11-14.46.23:838][  0]LogContentBrowser: Native class hierarchy populated in 0.0264 seconds. Added 2572 classes and 603 folders.
[2018.09.11-14.46.23:853][  0]LogContentBrowser: Native class hierarchy updated for 'WidgetCarousel' in 0.0005 seconds. Added 0 classes and 0 folders.
[2018.09.11-14.46.23:937][  0]LogContentBrowser: Native class hierarchy updated for 'AddContentDialog' in 0.0004 seconds. Added 0 classes and 0 folders.
[2018.09.11-14.46.23:945][  0]LogContentBrowser: Native class hierarchy updated for 'SceneOutliner' in 0.0006 seconds. Added 1 classes and 2 folders.
[2018.09.11-14.46.23:965][  0]LogSlate: Took 0.000649 seconds to synchronously load lazily loaded font '../../../Engine/Content/Slate/Fonts/Roboto-Regular.ttf' (155K)
[2018.09.11-14.46.23:969][  0]LogSlate: Took 0.000354 seconds to synchronously load lazily loaded font '../../../Engine/Content/Slate/Fonts/Roboto-Bold.ttf' (160K)
[2018.09.11-14.46.23:978][  0]LogSlate: Took 0.000374 seconds to synchronously load lazily loaded font '../../../Engine/Content/Editor/Slate/Fonts/FontAwesome.ttf' (139K)
[2018.09.11-14.46.24:118][  0]LogRenderer: Reallocating scene render targets to support 1212x520 Format 10 NumSamples 1 (Frame:1).
[2018.09.11-14.46.24:222][  0]LogSlate: Took 0.000208 seconds to synchronously load lazily loaded font '../../../Engine/Content/Slate/Fonts/Roboto-Light.ttf' (167K)
[2018.09.11-14.46.24:424][  0]LogContentBrowser: Native class hierarchy updated for 'HierarchicalLODOutliner' in 0.0003 seconds. Added 0 classes and 0 folders.
[2018.09.11-14.46.24:424][  0]LogLoad: (Engine Initialization) Total time: 16.00 seconds
[2018.09.11-14.46.24:424][  0]LogLoad: (Engine Initialization) Total Blueprint compile time: 0.00 seconds
[2018.09.11-14.46.24:434][  0]LogWindowsTextInputMethodSystem: Display: IME system now deactivated.
[2018.09.11-14.46.24:469][  0]LogContentStreaming: Texture pool size now 1000 MB
[2018.09.11-14.46.24:735][  2]LogAssetRegistry: Asset discovery search completed in 9.5135 seconds
[2018.09.11-14.46.24:737][  2]LogCollectionManager: Rebuilt the object cache for 0 collections in 0.000000 seconds (found 0 objects)
[2018.09.11-14.46.24:738][  2]LogCollectionManager: Fixed up redirectors for 0 collections in 0.000115 seconds (updated 0 objects)
[2018.09.11-14.46.25:482][ 33]LogSlate: Took 0.000392 seconds to synchronously load lazily loaded font '../../../Engine/Content/Slate/Fonts/Roboto-Light.ttf' (167K)
[2018.09.11-14.47.31:899][ 81]LogSlate: FSceneViewport::OnFocusLost() reason 0
[2018.09.11-14.47.32:176][ 89]LogAssetEditorManager: Opening Asset editor for LevelSequence /Game/Cinematics/Sequences/MasterSeq/MasterSeqMaster.MasterSeqMaster
[2018.09.11-14.48.41:767][ 21]LogAssetEditorManager: Opening Asset editor for LevelSequence /Game/LevSeq_6.LevSeq_6
[2018.09.11-14.48.43:790][149]LogEditorViewport: Clicking on Actor (context menu): CineCameraActor (CineCamera6)
[2018.09.11-14.48.43:913][149]LogSlate: FSceneViewport::OnFocusLost() reason 2
[2018.09.11-14.48.45:214][234]LogSlate: Took 0.000319 seconds to synchronously load lazily loaded font '../../../Engine/Content/Slate/Fonts/Roboto-BoldCondensed.ttf' (158K)
[2018.09.11-14.48.46:568][318]LogSlate: FSceneViewport::OnFocusLost() reason 0
[2018.09.11-14.49.01:225][174]LogSlate: FSceneViewport::OnFocusLost() reason 0
[2018.09.11-14.49.01:384][185]LogActorFactory: Actor Factory created Cube
[2018.09.11-14.49.02:813][255]LogActorFactory: Actor Factory created Cube
[2018.09.11-14.49.49:476][395]LogSlate: FSceneViewport::OnFocusLost() reason 0
[2018.09.11-14.50.35:702][639]LogMaterial: Display: Missing cached shader map for material Italian_Building_Mat, compiling. 
[2018.09.11-14.50.35:775][639]LogShaderCompilers: Display: Shaders left to compile 22
[2018.09.11-14.50.35:775][639]LogShaderCompilers: Display: Shaders left to compile 12
[2018.09.11-14.50.35:775][639]LogShaderCompilers: Display: Shaders left to compile 2
[2018.09.11-14.50.50:576][430]LogSlate: FSceneViewport::OnFocusLost() reason 0
[2018.09.11-14.51.45:811][ 78]LogSlate: FSceneViewport::OnFocusLost() reason 0
[2018.09.11-14.52.15:922][ 78]LogSlate: FSceneViewport::OnFocusLost() reason 0
[2018.09.11-14.53.05:254][543]LogEditorViewport: Clicking on Actor (LMB): StaticMeshActor (Tavern)
[2018.09.11-14.53.16:331][321]LogEditorViewport: Clicking on Actor (LMB): StaticMeshActor (Tavern2)
[2018.09.11-14.53.18:115][437]LogSlate: FSceneViewport::OnFocusLost() reason 0
[2018.09.11-14.53.30:890][317]LogMaterial: Display: Missing cached shader map for material Roman_Mat, compiling. 
[2018.09.11-14.53.30:914][317]LogShaderCompilers: Display: Shaders left to compile 22
[2018.09.11-14.53.30:914][317]LogShaderCompilers: Display: Shaders left to compile 12
[2018.09.11-14.53.30:914][317]LogShaderCompilers: Display: Shaders left to compile 2
[2018.09.11-14.53.51:722][635]LogSlate: FSceneViewport::OnFocusLost() reason 0
[2018.09.11-14.53.59:217][190]LogEditorViewport: Clicking on Actor (LMB): StaticMeshActor (RomanBild)
[2018.09.11-14.54.01:820][373]LogSlate: FSceneViewport::OnFocusLost() reason 0
[2018.09.11-14.54.31:734][574]LogEditorViewport: Clicking on Actor (LMB): StaticMeshActor (Tavern)
[2018.09.11-14.54.32:810][641]LogEditorViewport: Clicking on Actor (LMB): StaticMeshActor (RomanBild)
[2018.09.11-14.54.38:456][ 31]LogSlate: FSceneViewport::OnFocusLost() reason 2
[2018.09.11-14.54.45:540][506]LogSlate: FSceneViewport::OnFocusLost() reason 0
[2018.09.11-14.54.54:581][159]LogSlate: FSceneViewport::OnFocusLost() reason 0
[2018.09.11-14.55.00:893][543]LogEditorViewport: Clicking on Actor (LMB): StaticMeshActor (GroundBIG2)
[2018.09.11-14.56.25:192][546]LogSavePackage: Moving '../../../../../../Users/Bogdan/Documents/Unreal Projects/OurGameBP/Saved/Mapa1_Auto156F5945A4CED2A5A9A090F976012D5CA.tmp' to '../../../../../../Users/Bogdan/Documents/Unreal Projects/OurGameBP/Saved/Autosaves/Game/Maps/Mapa1_Auto1.umap'
[2018.09.11-14.56.25:200][546]LogFileHelpers: Editor autosave (incl. sublevels) for '/Game/Maps/Mapa1' took 0.512
[2018.09.11-14.56.25:200][546]LogFileHelpers: Editor autosave (incl. sublevels) for all levels took 0.512
[2018.09.11-14.56.25:210][546]OBJ SavePackage: Generating thumbnails for [0] asset(s) in package [/Game/LevSeq_6] ([1] browsable assets)...
[2018.09.11-14.56.25:210][546]OBJ SavePackage: Finished generating thumbnails for package [/Game/LevSeq_6]
[2018.09.11-14.56.25:211][546]Cmd: OBJ SAVEPACKAGE PACKAGE="/Game/LevSeq_6" FILE="../../../../../../Users/Bogdan/Documents/Unreal Projects/OurGameBP/Saved/Autosaves/Game/LevSeq_6_Auto1.uasset" SILENT=false AUTOSAVING=true
[2018.09.11-14.56.25:539][546]LogSavePackage: Moving '../../../../../../Users/Bogdan/Documents/Unreal Projects/OurGameBP/Saved/LevSeq_6_Auto1ADA9AFDF409C67125EC865AF20B8F193.tmp' to '../../../../../../Users/Bogdan/Documents/Unreal Projects/OurGameBP/Saved/Autosaves/Game/LevSeq_6_Auto1.uasset'
[2018.09.11-14.56.25:540][546]OBJ SavePackage: Generating thumbnails for [1] asset(s) in package [/Game/Igra/INTRO/Italian_Building_Mat] ([1] browsable assets)...
[2018.09.11-14.56.25:583][546]OBJ SavePackage:     Rendered thumbnail for [Material /Game/Igra/INTRO/Italian_Building_Mat.Italian_Building_Mat]
[2018.09.11-14.56.25:583][546]OBJ SavePackage: Finished generating thumbnails for package [/Game/Igra/INTRO/Italian_Building_Mat]
[2018.09.11-14.56.25:628][546]LogSavePackage: Moving '../../../../../../Users/Bogdan/Documents/Unreal Projects/OurGameBP/Saved/Italian_Building_Mat_Auto186C653C844D77DABB60587846F46FA97.tmp' to '../../../../../../Users/Bogdan/Documents/Unreal Projects/OurGameBP/Saved/Autosaves/Game/Igra/INTRO/Italian_Building_Mat_Auto1.uasset'
[2018.09.11-14.56.25:631][546]OBJ SavePackage: Generating thumbnails for [1] asset(s) in package [/Game/Igra/INTRO/Roman_Mat] ([1] browsable assets)...
[2018.09.11-14.56.25:663][546]OBJ SavePackage:     Rendered thumbnail for [Material /Game/Igra/INTRO/Roman_Mat.Roman_Mat]
[2018.09.11-14.56.25:663][546]OBJ SavePackage: Finished generating thumbnails for package [/Game/Igra/INTRO/Roman_Mat]
[2018.09.11-14.56.25:705][546]LogSavePackage: Moving '../../../../../../Users/Bogdan/Documents/Unreal Projects/OurGameBP/Saved/Roman_Mat_Auto1D60819D040C597FD428ABAB0966B710B.tmp' to '../../../../../../Users/Bogdan/Documents/Unreal Projects/OurGameBP/Saved/Autosaves/Game/Igra/INTRO/Roman_Mat_Auto1.uasset'
[2018.09.11-14.56.25:707][546]LogFileHelpers: Auto-saving content packages took 0.501
[2018.09.11-15.12.53:230][582]LogSlate: FSceneViewport::OnFocusLost() reason 0
[2018.09.11-15.13.00:571][ 22]LogSlate: FSceneViewport::OnFocusLost() reason 0
[2018.09.11-15.13.00:850][ 32]LogActorFactory: Actor Factory created Cube
[2018.09.11-15.13.01:713][ 75]LogActorFactory: Actor Factory created Cube
[2018.09.11-15.13.13:943][852]LogEditorViewport: Clicking on Actor (LMB): StaticMeshActor (GroundBIG2)
[2018.09.11-15.13.14:688][888]LogEditorViewport: Clicking on Actor (LMB): StaticMeshActor (Cube6)
[2018.09.11-15.13.17:883][ 69]LogEditorViewport: Clicking on Actor (LMB): StaticMeshActor (GroundBIG2)
[2018.09.11-15.13.40:643][279]LogSlate: FSceneViewport::OnFocusLost() reason 0
[2018.09.11-15.13.41:231][306]LogMaterial: Display: Missing cached shader map for material HouseNormal_Mat, compiling. 
[2018.09.11-15.13.41:261][306]LogShaderCompilers: Display: Shaders left to compile 22
[2018.09.11-15.13.41:261][306]LogShaderCompilers: Display: Shaders left to compile 12
[2018.09.11-15.13.41:261][306]LogShaderCompilers: Display: Shaders left to compile 2
[2018.09.11-15.13.48:549][649]LogEditorViewport: Clicking on Actor (LMB): StaticMeshActor (Cube6)
[2018.09.11-15.13.55:358][ 74]LogEditorViewport: Clicking on Actor (LMB): StaticMeshActor (GroundBIG2)
[2018.09.11-15.13.56:204][109]LogSlate: FSceneViewport::OnFocusLost() reason 0
[2018.09.11-15.13.56:824][142]LogMaterial: Display: Missing cached shader map for material HouseNormall2_Mat, compiling. 
[2018.09.11-15.13.56:846][142]LogShaderCompilers: Display: Shaders left to compile 22
[2018.09.11-15.13.56:846][142]LogShaderCompilers: Display: Shaders left to compile 12
[2018.09.11-15.13.56:846][142]LogShaderCompilers: Display: Shaders left to compile 2
[2018.09.11-15.14.07:168][654]LogSlate: FSceneViewport::OnFocusLost() reason 0
[2018.09.11-15.14.08:916][752]LogEditorViewport: Clicking on Actor (LMB): StaticMeshActor (Cube6)
[2018.09.11-15.14.23:699][569]LogSlate: FSceneViewport::OnFocusLost() reason 0
[2018.09.11-15.14.28:791][893]LogEditorViewport: Clicking on Actor (LMB): StaticMeshActor (GroundBIG2)
[2018.09.11-15.14.30:222][975]LogEditorViewport: Clicking on Actor (LMB): StaticMeshActor (Cube6)
[2018.09.11-15.14.34:353][214]LogEditorViewport: Clicking on Actor (LMB): StaticMeshActor (Cube6)
[2018.09.11-15.14.43:205][774]LogEditorViewport: Clicking on Actor (LMB): StaticMeshActor (GroundBIG2)
[2018.09.11-15.14.46:325][946]LogEditorViewport: Clicking on Actor (LMB): StaticMeshActor (Cube6)
[2018.09.11-15.14.47:797][ 29]LogSlate: FSceneViewport::OnFocusLost() reason 0
[2018.09.11-15.15.18:143][445]LogSavePackage: Moving '../../../../../../Users/Bogdan/Documents/Unreal Projects/OurGameBP/Saved/Mapa1_Auto2577D337A4A6F72471F2AB9BE786A348A.tmp' to '../../../../../../Users/Bogdan/Documents/Unreal Projects/OurGameBP/Saved/Autosaves/Game/Maps/Mapa1_Auto2.umap'
[2018.09.11-15.15.18:156][445]LogFileHelpers: Editor autosave (incl. sublevels) for '/Game/Maps/Mapa1' took 0.469
[2018.09.11-15.15.18:156][445]LogFileHelpers: Editor autosave (incl. sublevels) for all levels took 0.469
[2018.09.11-15.15.18:160][445]OBJ SavePackage: Generating thumbnails for [1] asset(s) in package [/Game/Igra/INTRO/HouseNormal_Mat] ([1] browsable assets)...
[2018.09.11-15.15.18:206][445]OBJ SavePackage:     Rendered thumbnail for [Material /Game/Igra/INTRO/HouseNormal_Mat.HouseNormal_Mat]
[2018.09.11-15.15.18:206][445]OBJ SavePackage: Finished generating thumbnails for package [/Game/Igra/INTRO/HouseNormal_Mat]
[2018.09.11-15.15.18:243][445]LogSavePackage: Moving '../../../../../../Users/Bogdan/Documents/Unreal Projects/OurGameBP/Saved/HouseNormal_Mat_Auto246DD2D8B44E543206077C5BA78087C25.tmp' to '../../../../../../Users/Bogdan/Documents/Unreal Projects/OurGameBP/Saved/Autosaves/Game/Igra/INTRO/HouseNormal_Mat_Auto2.uasset'
[2018.09.11-15.15.18:246][445]OBJ SavePackage: Generating thumbnails for [1] asset(s) in package [/Game/Igra/INTRO/HouseNormall2_Mat] ([1] browsable assets)...
[2018.09.11-15.15.18:274][445]OBJ SavePackage:     Rendered thumbnail for [Material /Game/Igra/INTRO/HouseNormall2_Mat.HouseNormall2_Mat]
[2018.09.11-15.15.18:274][445]OBJ SavePackage: Finished generating thumbnails for package [/Game/Igra/INTRO/HouseNormall2_Mat]
[2018.09.11-15.15.18:296][445]LogSavePackage: Moving '../../../../../../Users/Bogdan/Documents/Unreal Projects/OurGameBP/Saved/HouseNormall2_Mat_Auto2012050494E39054A491597B74FA71C3B.tmp' to '../../../../../../Users/Bogdan/Documents/Unreal Projects/OurGameBP/Saved/Autosaves/Game/Igra/INTRO/HouseNormall2_Mat_Auto2.uasset'
[2018.09.11-15.15.18:298][445]LogFileHelpers: Auto-saving content packages took 0.139
[2018.09.11-15.18.09:926][123]LogSlate: FSceneViewport::OnFocusLost() reason 2
[2018.09.11-15.18.10:018][123]LogFactory: FactoryCreateFile: Texture with ReimportTextureFactory (0 0 C:\Users\Bogdan\Documents\SPACE_BOTS_Data\Intro\Italian House.jpg)
[2018.09.11-15.18.10:043][123]LogTexture: Display: Building textures: Italian_House (BGRA8, 481X511)
[2018.09.11-15.18.12:878][188]LogFactory: FactoryCreateFile: Texture with ReimportTextureFactory (0 0 C:\Users\Bogdan\Documents\SPACE_BOTS_Data\Intro\Palazzo.jpg)
[2018.09.11-15.18.12:896][188]LogTexture: Display: Building textures: Palazzo (BGRA8, 1091X401)
[2018.09.11-15.18.16:461][249]LogEditorViewport: Clicking Background
[2018.09.11-15.18.20:912][611]LogEditorViewport: Clicking on Actor (LMB): StaticMeshActor (HouseItal)
[2018.09.11-15.18.25:382][836]LogSlate: FSceneViewport::OnFocusLost() reason 0
[2018.09.11-15.18.26:544][915]LogMaterial: Display: Missing cached shader map for material Italian_House_Mat, compiling. 
[2018.09.11-15.18.26:608][916]LogShaderCompilers: Display: Shaders left to compile 22
[2018.09.11-15.18.26:608][916]LogShaderCompilers: Display: Shaders left to compile 12
[2018.09.11-15.18.26:608][916]LogShaderCompilers: Display: Shaders left to compile 2
[2018.09.11-15.18.42:234][844]LogEditorViewport: Clicking on Actor (LMB): StaticMeshActor (HouseItal2)
[2018.09.11-15.18.42:329][847]LogEditorViewport: Clicking on Component (LMB): StaticMeshComponent (StaticMeshComponent0)
[2018.09.11-15.18.48:225][277]LogEditorViewport: Clicking on Component (LMB): StaticMeshComponent (StaticMeshComponent0)
[2018.09.11-15.18.53:590][632]LogEditorViewport: Clicking Background
[2018.09.11-15.18.57:862][  6]LogEditorViewport: Clicking on Actor (LMB): StaticMeshActor (HouseItal2)
[2018.09.11-15.19.01:851][201]LogSlate: FSceneViewport::OnFocusLost() reason 0
[2018.09.11-15.19.02:753][254]LogMaterial: Display: Missing cached shader map for material Palazzo_Mat, compiling. 
[2018.09.11-15.19.02:774][254]LogShaderCompilers: Display: Shaders left to compile 22
[2018.09.11-15.19.02:774][254]LogShaderCompilers: Display: Shaders left to compile 12
[2018.09.11-15.19.02:774][254]LogShaderCompilers: Display: Shaders left to compile 2
[2018.09.11-15.19.16:954][ 86]LogEditorViewport: Clicking on Actor (LMB): StaticMeshActor (HouseItal3)
[2018.09.11-15.19.19:956][289]LogEditorViewport: Clicking on Actor (LMB): StaticMeshActor (GroundBIG2)
[2018.09.11-15.19.22:907][483]Cmd: TRANSACTION UNDO
[2018.09.11-15.19.22:907][483]LogEditorTransaction: Undo Animatable Property Changed
[2018.09.11-15.19.23:858][528]LogEditorViewport: Clicking on Actor (LMB): StaticMeshActor (HouseItal3)
[2018.09.11-15.19.54:450][637]LogSlate: FSceneViewport::OnFocusLost() reason 0
[2018.09.11-15.20.09:826][737]LogSlate: FSceneViewport::OnFocusLost() reason 0
[2018.09.11-15.20.28:843][133]LogSlate: FSceneViewport::OnFocusLost() reason 0
[2018.09.11-15.20.43:727][131]LogSlate: Took 0.000269 seconds to synchronously load lazily loaded font '../../../Engine/Content/Slate/Fonts/Roboto-Italic.ttf' (157K)
[2018.09.11-15.20.44:229][155]LogEditorViewport: Clicking on Actor (LMB): Brush (Brush)
[2018.09.11-15.20.48:748][446]LogSlate: FSceneViewport::OnFocusLost() reason 0
[2018.09.11-15.22.18:952][872]LogEditorViewport: Clicking on Actor (LMB): StaticMeshActor (HouseItal2)
[2018.09.11-15.22.29:903][662]LogSlate: FSceneViewport::OnFocusLost() reason 0
[2018.09.11-15.23.16:402][997]LogSlate: FSceneViewport::OnFocusLost() reason 0
[2018.09.11-15.23.21:168][340]LogEditorViewport: Clicking on Actor (LMB): StaticMeshActor (HouseItal2)
[2018.09.11-15.24.00:837][145]LogSlate: FSceneViewport::OnFocusLost() reason 2
[2018.09.11-15.24.04:963][485]LogSlate: FSceneViewport::OnFocusLost() reason 0
[2018.09.11-15.24.20:417][733]LogSlate: FSceneViewport::OnFocusLost() reason 0
[2018.09.11-15.24.31:992][621]LogSlate: FSceneViewport::OnFocusLost() reason 0
[2018.09.11-15.24.36:344][931]LogEditorViewport: Clicking on Actor (LMB): StaticMeshActor (HouseItal5)
[2018.09.11-15.24.37:276][994]LogSlate: FSceneViewport::OnFocusLost() reason 0
[2018.09.11-15.24.45:950][648]LogSlate: FSceneViewport::OnFocusLost() reason 0
[2018.09.11-15.24.56:194][400]LogSlate: FSceneViewport::OnFocusLost() reason 0
[2018.09.11-15.25.11:819][543]LogEditorViewport: Clicking on Actor (LMB): StaticMeshActor (HouseItal4)
[2018.09.11-15.25.18:604][ 55]LogSlate: FSceneViewport::OnFocusLost() reason 0
[2018.09.11-15.25.23:257][404]LogEditorViewport: Clicking on Actor (LMB): StaticMeshActor (HouseItal4)
[2018.09.11-15.25.26:114][607]LogSlate: FSceneViewport::OnFocusLost() reason 0
[2018.09.11-15.25.37:746][475]LogSlate: FSceneViewport::OnFocusLost() reason 0
[2018.09.11-15.26.19:768][381]LogEditorViewport: Clicking on Actor (LMB): StaticMeshActor (HouseItal7)
[2018.09.11-15.26.20:714][440]LogSlate: FSceneViewport::OnFocusLost() reason 2
[2018.09.11-15.26.21:288][440]LogSavePackage: Moving '../../../../../../Users/Bogdan/Documents/Unreal Projects/OurGameBP/Saved/Mapa1_Auto33EFD1A7F4D01CE2DA5A06695FEF34E32.tmp' to '../../../../../../Users/Bogdan/Documents/Unreal Projects/OurGameBP/Saved/Autosaves/Game/Maps/Mapa1_Auto3.umap'
[2018.09.11-15.26.21:307][440]LogFileHelpers: Editor autosave (incl. sublevels) for '/Game/Maps/Mapa1' took 0.540
[2018.09.11-15.26.21:307][440]LogFileHelpers: Editor autosave (incl. sublevels) for all levels took 0.540
[2018.09.11-15.26.21:310][440]OBJ SavePackage: Generating thumbnails for [0] asset(s) in package [/Game/LevSeq_6] ([1] browsable assets)...
[2018.09.11-15.26.21:310][440]OBJ SavePackage: Finished generating thumbnails for package [/Game/LevSeq_6]
[2018.09.11-15.26.21:310][440]Cmd: OBJ SAVEPACKAGE PACKAGE="/Game/LevSeq_6" FILE="../../../../../../Users/Bogdan/Documents/Unreal Projects/OurGameBP/Saved/Autosaves/Game/LevSeq_6_Auto3.uasset" SILENT=false AUTOSAVING=true
[2018.09.11-15.26.21:679][440]LogSavePackage: Moving '../../../../../../Users/Bogdan/Documents/Unreal Projects/OurGameBP/Saved/LevSeq_6_Auto3839390A84C7A92E966A1BC991C270766.tmp' to '../../../../../../Users/Bogdan/Documents/Unreal Projects/OurGameBP/Saved/Autosaves/Game/LevSeq_6_Auto3.uasset'
[2018.09.11-15.26.21:681][440]OBJ SavePackage: Generating thumbnails for [1] asset(s) in package [/Game/Igra/INTRO/Italian_House] ([1] browsable assets)...
[2018.09.11-15.26.21:693][440]OBJ SavePackage:     Rendered thumbnail for [Texture2D /Game/Igra/INTRO/Italian_House.Italian_House]
[2018.09.11-15.26.21:693][440]OBJ SavePackage: Finished generating thumbnails for package [/Game/Igra/INTRO/Italian_House]
[2018.09.11-15.26.21:723][440]LogSavePackage: Moving '../../../../../../Users/Bogdan/Documents/Unreal Projects/OurGameBP/Saved/Italian_House_Auto315C3AE2B4371730E74DB4C8250F71689.tmp' to '../../../../../../Users/Bogdan/Documents/Unreal Projects/OurGameBP/Saved/Autosaves/Game/Igra/INTRO/Italian_House_Auto3.uasset'
[2018.09.11-15.26.21:725][440]OBJ SavePackage: Generating thumbnails for [1] asset(s) in package [/Game/Igra/INTRO/Palazzo] ([1] browsable assets)...
[2018.09.11-15.26.21:730][440]OBJ SavePackage:     Rendered thumbnail for [Texture2D /Game/Igra/INTRO/Palazzo.Palazzo]
[2018.09.11-15.26.21:730][440]OBJ SavePackage: Finished generating thumbnails for package [/Game/Igra/INTRO/Palazzo]
[2018.09.11-15.26.21:762][440]LogSavePackage: Moving '../../../../../../Users/Bogdan/Documents/Unreal Projects/OurGameBP/Saved/Palazzo_Auto3D525532549B71FE269AE01BEE3A4B909.tmp' to '../../../../../../Users/Bogdan/Documents/Unreal Projects/OurGameBP/Saved/Autosaves/Game/Igra/INTRO/Palazzo_Auto3.uasset'
[2018.09.11-15.26.21:766][440]OBJ SavePackage: Generating thumbnails for [1] asset(s) in package [/Game/Igra/INTRO/Italian_House_Mat] ([1] browsable assets)...
[2018.09.11-15.26.21:802][440]OBJ SavePackage:     Rendered thumbnail for [Material /Game/Igra/INTRO/Italian_House_Mat.Italian_House_Mat]
[2018.09.11-15.26.21:802][440]OBJ SavePackage: Finished generating thumbnails for package [/Game/Igra/INTRO/Italian_House_Mat]
[2018.09.11-15.26.21:830][440]LogSavePackage: Moving '../../../../../../Users/Bogdan/Documents/Unreal Projects/OurGameBP/Saved/Italian_House_Mat_Auto3B2550CB54A77A428CC10048D9F991267.tmp' to '../../../../../../Users/Bogdan/Documents/Unreal Projects/OurGameBP/Saved/Autosaves/Game/Igra/INTRO/Italian_House_Mat_Auto3.uasset'
[2018.09.11-15.26.21:835][440]OBJ SavePackage: Generating thumbnails for [1] asset(s) in package [/Game/Igra/INTRO/Palazzo_Mat] ([1] browsable assets)...
[2018.09.11-15.26.21:872][440]OBJ SavePackage:     Rendered thumbnail for [Material /Game/Igra/INTRO/Palazzo_Mat.Palazzo_Mat]
[2018.09.11-15.26.21:872][440]OBJ SavePackage: Finished generating thumbnails for package [/Game/Igra/INTRO/Palazzo_Mat]
[2018.09.11-15.26.21:907][440]LogSavePackage: Moving '../../../../../../Users/Bogdan/Documents/Unreal Projects/OurGameBP/Saved/Palazzo_Mat_Auto37171CAC9473ED61C8E0A6D89D788A59B.tmp' to '../../../../../../Users/Bogdan/Documents/Unreal Projects/OurGameBP/Saved/Autosaves/Game/Igra/INTRO/Palazzo_Mat_Auto3.uasset'
[2018.09.11-15.26.21:908][440]LogFileHelpers: Auto-saving content packages took 0.600
[2018.09.11-15.26.22:319][470]LogSlate: FSceneViewport::OnFocusLost() reason 0
[2018.09.11-15.26.25:355][694]LogEditorViewport: Clicking on Actor (LMB): StaticMeshActor (HouseItal7)
[2018.09.11-15.26.28:552][923]LogEditorViewport: Clicking on Actor (LMB): StaticMeshActor (HouseItal7)
[2018.09.11-15.26.30:324][ 48]LogSlate: FSceneViewport::OnFocusLost() reason 0
[2018.09.11-15.26.36:254][479]LogSlate: FSceneViewport::OnFocusLost() reason 0
[2018.09.11-15.26.41:353][837]LogSlate: FSceneViewport::OnFocusLost() reason 0
[2018.09.11-15.26.50:891][473]LogEditorViewport: Clicking on Actor (LMB): StaticMeshActor (HouseItal6)
[2018.09.11-15.26.52:354][578]LogSlate: FSceneViewport::OnFocusLost() reason 0
[2018.09.11-15.27.00:923][197]LogSlate: FSceneViewport::OnFocusLost() reason 0
[2018.09.11-15.27.08:447][741]LogSlate: FSceneViewport::OnFocusLost() reason 0
[2018.09.11-15.27.46:412][911]LogEditorViewport: Clicking on Actor (LMB): StaticMeshActor (HouseItal)
[2018.09.11-15.28.14:286][905]LogEditorViewport: Clicking on Actor (LMB): StaticMeshActor (HouseItal)
[2018.09.11-15.28.17:639][137]LogSlate: FSceneViewport::OnFocusLost() reason 0
[2018.09.11-15.28.47:578][279]LogSlate: FSceneViewport::OnFocusLost() reason 0
[2018.09.11-15.28.53:340][689]LogSlate: FSceneViewport::OnFocusLost() reason 2
[2018.09.11-15.28.58:056][997]LogSlate: FSceneViewport::OnFocusLost() reason 0
[2018.09.11-15.29.12:567][139]LogEditorViewport: Clicking on Actor (LMB): StaticMeshActor (HouseItal)
[2018.09.11-15.29.13:646][206]LogSlate: FSceneViewport::OnFocusLost() reason 0
[2018.09.11-15.29.19:637][638]LogSlate: FSceneViewport::OnFocusLost() reason 0
[2018.09.11-15.29.28:469][275]LogSlate: FSceneViewport::OnFocusLost() reason 0
[2018.09.11-15.29.35:292][736]LogEditorViewport: Clicking on Actor (LMB): StaticMeshActor (HouseItal8)
[2018.09.11-15.29.36:677][835]LogSlate: FSceneViewport::OnFocusLost() reason 0
[2018.09.11-15.29.42:344][244]LogSlate: FSceneViewport::OnFocusLost() reason 0
[2018.09.11-15.29.49:132][739]LogSlate: FSceneViewport::OnFocusLost() reason 0
[2018.09.11-15.30.33:900][829]LogEditorViewport: Clicking on Actor (LMB): StaticMeshActor (HouseItal)
[2018.09.11-15.30.49:244][901]LogSlate: FSceneViewport::OnFocusLost() reason 0
[2018.09.11-15.31.04:479][937]LogSlate: FSceneViewport::OnFocusLost() reason 2
[2018.09.11-15.31.07:999][158]LogSlate: FSceneViewport::OnFocusLost() reason 0
[2018.09.11-15.31.10:460][333]LogEditorViewport: Clicking on Actor (LMB): StaticMeshActor (HouseItal9)
[2018.09.11-15.31.12:770][499]LogSlate: FSceneViewport::OnFocusLost() reason 0
[2018.09.11-15.31.20:090][ 30]LogSlate: FSceneViewport::OnFocusLost() reason 0
[2018.09.11-15.31.28:343][621]LogSlate: FSceneViewport::OnFocusLost() reason 0
[2018.09.11-15.31.34:616][ 71]LogEditorViewport: Clicking on Actor (LMB): StaticMeshActor (HouseItal10)
[2018.09.11-15.31.41:667][561]LogSlate: FSceneViewport::OnFocusLost() reason 0
[2018.09.11-15.31.57:012][657]LogSlate: FSceneViewport::OnFocusLost() reason 0
[2018.09.11-15.32.05:319][255]LogEditorViewport: Clicking on Actor (LMB): StaticMeshActor (HouseItal2)
[2018.09.11-15.32.18:283][144]LogEditorViewport: Clicking on Actor (LMB): StaticMeshActor (HouseItal11)
[2018.09.11-15.32.20:922][327]LogSlate: FSceneViewport::OnFocusLost() reason 2
[2018.09.11-15.32.24:400][545]LogSlate: FSceneViewport::OnFocusLost() reason 0
[2018.09.11-15.32.33:689][200]LogSlate: FSceneViewport::OnFocusLost() reason 0
[2018.09.11-15.32.41:424][770]LogSlate: FSceneViewport::OnFocusLost() reason 0
[2018.09.11-15.33.05:804][399]LogSlate: FSceneViewport::OnFocusLost() reason 2
[2018.09.11-15.33.10:222][670]LogSlate: FSceneViewport::OnFocusLost() reason 0
[2018.09.11-15.33.17:893][241]LogSlate: FSceneViewport::OnFocusLost() reason 0
[2018.09.11-15.33.36:115][804]LogSlate: FSceneViewport::OnFocusLost() reason 0
[2018.09.11-15.33.37:407][885]LogEditorViewport: Clicking on Actor (LMB): Brush (Brush)
[2018.09.11-15.33.39:269][  6]LogSlate: FSceneViewport::OnFocusLost() reason 0
[2018.09.11-15.34.55:490][943]LogEditorViewport: Clicking on Actor (LMB): StaticMeshActor (HouseItal)
[2018.09.11-15.35.00:318][232]LogEditorViewport: Clicking on Actor (LMB): StaticMeshActor (HouseItal13)
[2018.09.11-15.35.02:801][390]LogSlate: FSceneViewport::OnFocusLost() reason 0
[2018.09.11-15.35.27:105][872]LogSlate: FSceneViewport::OnFocusLost() reason 0
[2018.09.11-15.36.12:828][637]LogEditorViewport: Clicking on Actor (LMB): StaticMeshActor (GroundBIG2)
[2018.09.11-15.36.14:435][714]LogEditorViewport: Clicking on Actor (LMB): StaticMeshActor (CityItal11)
[2018.09.11-15.36.25:657][391]LogSlate: FSceneViewport::OnFocusLost() reason 0
[2018.09.11-15.36.29:494][637]LogEditorViewport: Clicking on Actor (LMB): StaticMeshActor (CityItal9)
[2018.09.11-15.36.33:244][875]LogSlate: FSceneViewport::OnFocusLost() reason 0
[2018.09.11-15.36.39:942][270]LogEditorViewport: Clicking on Actor (context menu): StaticMeshActor (CityItal10)
[2018.09.11-15.36.39:977][270]LogSlate: FSceneViewport::OnFocusLost() reason 2
[2018.09.11-15.36.42:395][409]LogSlate: FSceneViewport::OnFocusLost() reason 2
[2018.09.11-15.36.54:485][660]LogSlate: Window 'Create Merged Actor' being destroyed
[2018.09.11-15.36.54:499][660]LogSlate: FSceneViewport::OnFocusLost() reason 2
[2018.09.11-15.36.54:594][660]LogStaticMesh: Building static mesh CityItal...
[2018.09.11-15.36.54:737][660]LogStaticMesh: Built static mesh [0.14s] /Game/CityItal.CityItal
[2018.09.11-15.36.54:861][660]LogSlate: FSceneViewport::OnFocusLost() reason 2
[2018.09.11-15.36.56:980][785]LogSlate: Window 'Merge Actors' being destroyed
[2018.09.11-15.36.56:983][785]LogSlate: Window 'Merge Actors' being destroyed
[2018.09.11-15.36.57:923][867]LogEditorViewport: Clicking Background
[2018.09.11-15.36.58:683][937]LogEditorViewport: Clicking on Actor (LMB): StaticMeshActor (CityItal)
[2018.09.11-15.37.01:503][110]LogSlate: FSceneViewport::OnFocusLost() reason 0
[2018.09.11-15.37.15:253][963]LogSlate: FSceneViewport::OnFocusLost() reason 0
[2018.09.11-15.37.31:641][987]LogSlate: FSceneViewport::OnFocusLost() reason 0
[2018.09.11-15.37.34:497][151]LogEditorViewport: Clicking on Actor (LMB): Brush (Brush)
[2018.09.11-15.37.41:150][552]LogSlate: FSceneViewport::OnFocusLost() reason 0
[2018.09.11-15.38.46:285][891]LogSlate: FSceneViewport::OnFocusLost() reason 0
[2018.09.11-15.40.57:289][910]LogSavePackage: Moving '../../../../../../Users/Bogdan/Documents/Unreal Projects/OurGameBP/Saved/Mapa1_Auto4CEC0AD4748E8FECA624333933609286A.tmp' to '../../../../../../Users/Bogdan/Documents/Unreal Projects/OurGameBP/Saved/Autosaves/Game/Maps/Mapa1_Auto4.umap'
[2018.09.11-15.40.57:309][910]LogFileHelpers: Editor autosave (incl. sublevels) for '/Game/Maps/Mapa1' took 0.626
[2018.09.11-15.40.57:309][910]LogFileHelpers: Editor autosave (incl. sublevels) for all levels took 0.626
[2018.09.11-15.40.57:311][910]OBJ SavePackage: Generating thumbnails for [0] asset(s) in package [/Game/LevSeq_6] ([1] browsable assets)...
[2018.09.11-15.40.57:311][910]OBJ SavePackage: Finished generating thumbnails for package [/Game/LevSeq_6]
[2018.09.11-15.40.57:311][910]Cmd: OBJ SAVEPACKAGE PACKAGE="/Game/LevSeq_6" FILE="../../../../../../Users/Bogdan/Documents/Unreal Projects/OurGameBP/Saved/Autosaves/Game/LevSeq_6_Auto4.uasset" SILENT=false AUTOSAVING=true
[2018.09.11-15.40.57:702][910]LogSavePackage: Moving '../../../../../../Users/Bogdan/Documents/Unreal Projects/OurGameBP/Saved/LevSeq_6_Auto4A2CE79D14AAA382CE0B4D9BE924EB515.tmp' to '../../../../../../Users/Bogdan/Documents/Unreal Projects/OurGameBP/Saved/Autosaves/Game/LevSeq_6_Auto4.uasset'
[2018.09.11-15.40.57:705][910]OBJ SavePackage: Generating thumbnails for [1] asset(s) in package [/Game/CityItal] ([1] browsable assets)...
[2018.09.11-15.40.57:753][910]OBJ SavePackage:     Rendered thumbnail for [StaticMesh /Game/CityItal.CityItal]
[2018.09.11-15.40.57:753][910]OBJ SavePackage: Finished generating thumbnails for package [/Game/CityItal]
[2018.09.11-15.40.57:755][910]Cmd: OBJ SAVEPACKAGE PACKAGE="/Game/CityItal" FILE="../../../../../../Users/Bogdan/Documents/Unreal Projects/OurGameBP/Saved/Autosaves/Game/CityItal_Auto4.uasset" SILENT=false AUTOSAVING=true
[2018.09.11-15.40.57:793][910]LogSavePackage: Moving '../../../../../../Users/Bogdan/Documents/Unreal Projects/OurGameBP/Saved/CityItal_Auto480AD7F62425026B2B89CFF95846277E0.tmp' to '../../../../../../Users/Bogdan/Documents/Unreal Projects/OurGameBP/Saved/Autosaves/Game/CityItal_Auto4.uasset'
[2018.09.11-15.40.57:795][910]LogFileHelpers: Auto-saving content packages took 0.485
[2018.09.11-15.41.03:078][315]LogEditorViewport: Clicking on Actor (LMB): StaticMeshActor (Camel3)
[2018.09.11-15.41.04:847][417]LogSlate: FSceneViewport::OnFocusLost() reason 0
[2018.09.11-15.41.22:056][478]LogSlate: FSceneViewport::OnFocusLost() reason 0
[2018.09.11-15.41.27:388][797]LogEditorViewport: Clicking on Actor (LMB): StaticMeshActor (Camel2)
[2018.09.11-15.41.28:912][881]LogSlate: FSceneViewport::OnFocusLost() reason 0
[2018.09.11-15.41.36:817][376]LogSlate: FSceneViewport::OnFocusLost() reason 0
[2018.09.11-15.41.37:900][443]LogEditorViewport: Clicking on Actor (LMB): Brush (Brush)
[2018.09.11-15.41.38:875][501]LogSlate: FSceneViewport::OnFocusLost() reason 0
[2018.09.11-15.43.52:459][603]LogEditorViewport: Clicking on Actor (LMB): StaticMeshActor (BigChurch)
[2018.09.11-15.44.00:564][179]LogSlate: FSceneViewport::OnFocusLost() reason 0
[2018.09.11-15.45.06:913][700]LogSlate: FSceneViewport::OnFocusLost() reason 0
[2018.09.11-15.50.58:377][139]LogSavePackage: Moving '../../../../../../Users/Bogdan/Documents/Unreal Projects/OurGameBP/Saved/Mapa1_Auto5EC03355A46998E3555159CB2A7CD4B27.tmp' to '../../../../../../Users/Bogdan/Documents/Unreal Projects/OurGameBP/Saved/Autosaves/Game/Maps/Mapa1_Auto5.umap'
[2018.09.11-15.50.58:388][139]LogFileHelpers: Editor autosave (incl. sublevels) for '/Game/Maps/Mapa1' took 0.492
[2018.09.11-15.50.58:388][139]LogFileHelpers: Editor autosave (incl. sublevels) for all levels took 0.492
[2018.09.11-15.50.58:391][139]OBJ SavePackage: Generating thumbnails for [0] asset(s) in package [/Game/LevSeq_6] ([1] browsable assets)...
[2018.09.11-15.50.58:391][139]OBJ SavePackage: Finished generating thumbnails for package [/Game/LevSeq_6]
[2018.09.11-15.50.58:391][139]Cmd: OBJ SAVEPACKAGE PACKAGE="/Game/LevSeq_6" FILE="../../../../../../Users/Bogdan/Documents/Unreal Projects/OurGameBP/Saved/Autosaves/Game/LevSeq_6_Auto5.uasset" SILENT=false AUTOSAVING=true
[2018.09.11-15.50.58:727][139]LogSavePackage: Moving '../../../../../../Users/Bogdan/Documents/Unreal Projects/OurGameBP/Saved/LevSeq_6_Auto5EABFFCF94FEACE392D277CBC7D37DA71.tmp' to '../../../../../../Users/Bogdan/Documents/Unreal Projects/OurGameBP/Saved/Autosaves/Game/LevSeq_6_Auto5.uasset'
[2018.09.11-15.50.58:729][139]LogFileHelpers: Auto-saving content packages took 0.339
[2018.09.11-15.52.14:412][479]Cmd: OBJ SAVEPACKAGE PACKAGE="/Game/LevSeq_6" FILE="../../../../../../Users/Bogdan/Documents/Unreal Projects/OurGameBP/Content/LevSeq_6.uasset" SILENT=true
[2018.09.11-15.52.14:812][479]LogSavePackage: Moving '../../../../../../Users/Bogdan/Documents/Unreal Projects/OurGameBP/Saved/LevSeq_6FA46B420400184C9739440991583A8CD.tmp' to '../../../../../../Users/Bogdan/Documents/Unreal Projects/OurGameBP/Content/LevSeq_6.uasset'
[2018.09.11-15.52.18:053][608]LogSlate: Window 'Save Content' being destroyed
[2018.09.11-15.52.18:331][608]Cmd: OBJ SAVEPACKAGE PACKAGE="/Game/CityItal" FILE="../../../../../../Users/Bogdan/Documents/Unreal Projects/OurGameBP/Content/CityItal.uasset" SILENT=true
[2018.09.11-15.52.18:355][608]LogSavePackage: Moving '../../../../../../Users/Bogdan/Documents/Unreal Projects/OurGameBP/Saved/CityItalA7FCA67942170F0AB7A8B2BE8884B7C8.tmp' to '../../../../../../Users/Bogdan/Documents/Unreal Projects/OurGameBP/Content/CityItal.uasset'
[2018.09.11-15.52.18:648][608]Cmd: OBJ SAVEPACKAGE PACKAGE="/Game/Igra/INTRO/HouseNormal_Mat" FILE="../../../../../../Users/Bogdan/Documents/Unreal Projects/OurGameBP/Content/Igra/INTRO/HouseNormal_Mat.uasset" SILENT=true
[2018.09.11-15.52.18:661][608]LogSavePackage: Moving '../../../../../../Users/Bogdan/Documents/Unreal Projects/OurGameBP/Saved/HouseNormal_MatF02EE31D4E04788F0046ABA1D4A993E3.tmp' to '../../../../../../Users/Bogdan/Documents/Unreal Projects/OurGameBP/Content/Igra/INTRO/HouseNormal_Mat.uasset'
[2018.09.11-15.52.18:923][608]Cmd: OBJ SAVEPACKAGE PACKAGE="/Game/Igra/INTRO/HouseNormall2_Mat" FILE="../../../../../../Users/Bogdan/Documents/Unreal Projects/OurGameBP/Content/Igra/INTRO/HouseNormall2_Mat.uasset" SILENT=true
[2018.09.11-15.52.18:964][608]LogSavePackage: Moving '../../../../../../Users/Bogdan/Documents/Unreal Projects/OurGameBP/Saved/HouseNormall2_Mat2E33583449F316F9EA5C51B670C7DD2C.tmp' to '../../../../../../Users/Bogdan/Documents/Unreal Projects/OurGameBP/Content/Igra/INTRO/HouseNormall2_Mat.uasset'
[2018.09.11-15.52.19:251][608]Cmd: OBJ SAVEPACKAGE PACKAGE="/Game/Igra/INTRO/Italian_Building_Mat" FILE="../../../../../../Users/Bogdan/Documents/Unreal Projects/OurGameBP/Content/Igra/INTRO/Italian_Building_Mat.uasset" SILENT=true
[2018.09.11-15.52.19:263][608]LogSavePackage: Moving '../../../../../../Users/Bogdan/Documents/Unreal Projects/OurGameBP/Saved/Italian_Building_Mat9ADAD73448B598B781FD319FCF53E8CC.tmp' to '../../../../../../Users/Bogdan/Documents/Unreal Projects/OurGameBP/Content/Igra/INTRO/Italian_Building_Mat.uasset'
[2018.09.11-15.52.19:526][608]Cmd: OBJ SAVEPACKAGE PACKAGE="/Game/Igra/INTRO/Italian_House" FILE="../../../../../../Users/Bogdan/Documents/Unreal Projects/OurGameBP/Content/Igra/INTRO/Italian_House.uasset" SILENT=true
[2018.09.11-15.52.19:603][608]LogSavePackage: Moving '../../../../../../Users/Bogdan/Documents/Unreal Projects/OurGameBP/Saved/Italian_HouseC8064D6A4BCE8D812C94A8BF83FC3ED8.tmp' to '../../../../../../Users/Bogdan/Documents/Unreal Projects/OurGameBP/Content/Igra/INTRO/Italian_House.uasset'
[2018.09.11-15.52.19:988][608]Cmd: OBJ SAVEPACKAGE PACKAGE="/Game/Igra/INTRO/Italian_House_Mat" FILE="../../../../../../Users/Bogdan/Documents/Unreal Projects/OurGameBP/Content/Igra/INTRO/Italian_House_Mat.uasset" SILENT=true
[2018.09.11-15.52.20:013][608]LogSavePackage: Moving '../../../../../../Users/Bogdan/Documents/Unreal Projects/OurGameBP/Saved/Italian_House_Mat0B504CC641C368FE898E3D9E68787BAC.tmp' to '../../../../../../Users/Bogdan/Documents/Unreal Projects/OurGameBP/Content/Igra/INTRO/Italian_House_Mat.uasset'
[2018.09.11-15.52.20:302][608]Cmd: OBJ SAVEPACKAGE PACKAGE="/Game/Igra/INTRO/Palazzo" FILE="../../../../../../Users/Bogdan/Documents/Unreal Projects/OurGameBP/Content/Igra/INTRO/Palazzo.uasset" SILENT=true
[2018.09.11-15.52.20:401][608]LogSavePackage: Moving '../../../../../../Users/Bogdan/Documents/Unreal Projects/OurGameBP/Saved/Palazzo02930B7147925F9891CE5091B613B304.tmp' to '../../../../../../Users/Bogdan/Documents/Unreal Projects/OurGameBP/Content/Igra/INTRO/Palazzo.uasset'
[2018.09.11-15.52.20:802][608]Cmd: OBJ SAVEPACKAGE PACKAGE="/Game/Igra/INTRO/Palazzo_Mat" FILE="../../../../../../Users/Bogdan/Documents/Unreal Projects/OurGameBP/Content/Igra/INTRO/Palazzo_Mat.uasset" SILENT=true
[2018.09.11-15.52.20:812][608]LogSavePackage: Moving '../../../../../../Users/Bogdan/Documents/Unreal Projects/OurGameBP/Saved/Palazzo_MatEC4DC9BE4D0705D2B7C08B84778B5EDD.tmp' to '../../../../../../Users/Bogdan/Documents/Unreal Projects/OurGameBP/Content/Igra/INTRO/Palazzo_Mat.uasset'
[2018.09.11-15.52.21:124][608]Cmd: OBJ SAVEPACKAGE PACKAGE="/Game/Igra/INTRO/Roman_Mat" FILE="../../../../../../Users/Bogdan/Documents/Unreal Projects/OurGameBP/Content/Igra/INTRO/Roman_Mat.uasset" SILENT=true
[2018.09.11-15.52.21:135][608]LogSavePackage: Moving '../../../../../../Users/Bogdan/Documents/Unreal Projects/OurGameBP/Saved/Roman_Mat45597707406CF30337DB5884E1A8246F.tmp' to '../../../../../../Users/Bogdan/Documents/Unreal Projects/OurGameBP/Content/Igra/INTRO/Roman_Mat.uasset'
[2018.09.11-15.52.21:556][608]Cmd: OBJ SAVEPACKAGE PACKAGE="/Game/Maps/Mapa1" FILE="../../../../../../Users/Bogdan/Documents/Unreal Projects/OurGameBP/Content/Maps/Mapa1.umap" SILENT=true AUTOSAVING=false KEEPDIRTY=false
[2018.09.11-15.52.22:089][608]LogSavePackage: Moving '../../../../../../Users/Bogdan/Documents/Unreal Projects/OurGameBP/Saved/Mapa1093E03744D2216FE0568FDA4A186F291.tmp' to '../../../../../../Users/Bogdan/Documents/Unreal Projects/OurGameBP/Content/Maps/Mapa1.umap'
[2018.09.11-15.52.22:148][608]LogFileHelpers: Saving map 'Mapa1' took 0.760
[2018.09.11-15.53.08:826][283]Cmd: OBJ SAVEPACKAGE PACKAGE="/Game/LevSeq_6" FILE="../../../../../../Users/Bogdan/Documents/Unreal Projects/OurGameBP/Content/LevSeq_6.uasset" SILENT=true
[2018.09.11-15.53.09:278][283]LogSavePackage: Moving '../../../../../../Users/Bogdan/Documents/Unreal Projects/OurGameBP/Saved/LevSeq_65DF4A2184D78E320B8C5D3AB864660E2.tmp' to '../../../../../../Users/Bogdan/Documents/Unreal Projects/OurGameBP/Content/LevSeq_6.uasset'
[2018.09.11-15.53.13:079][537]Cmd: OBJ SAVEPACKAGE PACKAGE="/Game/Maps/Mapa1" FILE="../../../../../../Users/Bogdan/Documents/Unreal Projects/OurGameBP/Content/Maps/Mapa1.umap" SILENT=true AUTOSAVING=false KEEPDIRTY=false
[2018.09.11-15.53.13:607][537]LogSavePackage: Moving '../../../../../../Users/Bogdan/Documents/Unreal Projects/OurGameBP/Saved/Mapa18F6C9C6A41287914DD2DA58877556E7D.tmp' to '../../../../../../Users/Bogdan/Documents/Unreal Projects/OurGameBP/Content/Maps/Mapa1.umap'
[2018.09.11-15.53.13:772][537]Cmd: OBJ SAVEPACKAGE PACKAGE="/Game/Maps/Mapa1_BuiltData" FILE="../../../../../../Users/Bogdan/Documents/Unreal Projects/OurGameBP/Content/Maps/Mapa1_BuiltData.uasset" SILENT=true
[2018.09.11-15.53.14:382][537]LogSavePackage: Moving '../../../../../../Users/Bogdan/Documents/Unreal Projects/OurGameBP/Saved/Mapa1_BuiltDataCE0881E448DB9879A534189B4DA500FD.tmp' to '../../../../../../Users/Bogdan/Documents/Unreal Projects/OurGameBP/Content/Maps/Mapa1_BuiltData.uasset'
[2018.09.11-15.53.22:459][944]LogSlate: Window 'OurGameBP - Unreal Editor' being destroyed
[2018.09.11-15.53.22:461][944]LogWindowsTextInputMethodSystem: Display: IME system now deactivated.
[2018.09.11-15.53.22:641][945]Cmd: QUIT_EDITOR
[2018.09.11-15.53.22:716][945]LogExit: Preparing to exit.
[2018.09.11-15.53.23:769][945]LogExit: Editor shut down
[2018.09.11-15.53.23:770][945]LogExit: Transaction tracking system shut down
[2018.09.11-15.53.24:237][945]LogExit: Object subsystem successfully closed.
[2018.09.11-15.53.24:264][945]LogShaderCompilers: Display: Shaders left to compile 0
[2018.09.11-15.53.24:275][945]LogD3D11RHI: Shutdown
[2018.09.11-15.53.24:275][945]LogD3D11RHI: CleanupD3DDevice
[2018.09.11-15.53.24:283][945]LogD3D11RHI: ~FD3D11DynamicRHI
[2018.09.11-15.53.24:306][945]LogModuleManager: Shutting down and abandoning module MeshBuilder (614)
[2018.09.11-15.53.24:306][945]LogModuleManager: Shutting down and abandoning module SequencerWidgets (612)
[2018.09.11-15.53.24:306][945]LogModuleManager: Shutting down and abandoning module HierarchicalLODOutliner (610)
[2018.09.11-15.53.24:306][945]LogModuleManager: Shutting down and abandoning module SceneOutliner (608)
[2018.09.11-15.53.24:306][945]LogModuleManager: Shutting down and abandoning module AddContentDialog (606)
[2018.09.11-15.53.24:314][945]LogModuleManager: Shutting down and abandoning module WidgetCarousel (605)
[2018.09.11-15.53.24:314][945]LogModuleManager: Shutting down and abandoning module EditorWidgets (602)
[2018.09.11-15.53.24:314][945]LogModuleManager: Shutting down and abandoning module CollectionManager (600)
[2018.09.11-15.53.24:315][945]LogModuleManager: Shutting down and abandoning module StatsViewer (598)
[2018.09.11-15.53.24:315][945]LogModuleManager: Shutting down and abandoning module FoliageEdit (596)
[2018.09.11-15.53.24:316][945]LogModuleManager: Shutting down and abandoning module LandscapeEditor (594)
[2018.09.11-15.53.24:317][945]LogModuleManager: Shutting down and abandoning module MeshPaintMode (592)
[2018.09.11-15.53.24:317][945]LogModuleManager: Shutting down and abandoning module SceneDepthPickerMode (590)
[2018.09.11-15.53.24:317][945]LogModuleManager: Shutting down and abandoning module ActorPickerMode (588)
[2018.09.11-15.53.24:317][945]LogModuleManager: Shutting down and abandoning module GeometryMode (586)
[2018.09.11-15.53.24:317][945]LogModuleManager: Shutting down and abandoning module TextureAlignMode (584)
[2018.09.11-15.53.24:317][945]LogModuleManager: Shutting down and abandoning module BspMode (582)
[2018.09.11-15.53.24:317][945]LogModuleManager: Shutting down and abandoning module PIEPreviewDeviceProfileSelector (580)
[2018.09.11-15.53.24:317][945]LogModuleManager: Shutting down and abandoning module SequenceRecorderSections (578)
[2018.09.11-15.53.24:317][945]LogModuleManager: Shutting down and abandoning module AutomationWorker (576)
[2018.09.11-15.53.24:317][945]LogModuleManager: Shutting down and abandoning module AudioCaptureEditor (574)
[2018.09.11-15.53.24:317][945]LogModuleManager: Shutting down and abandoning module SequenceRecorder (573)
[2018.09.11-15.53.24:317][945]LogModuleManager: Shutting down and abandoning module MatineeToLevelSequence (570)
[2018.09.11-15.53.24:317][945]LogModuleManager: Shutting down and abandoning module LevelSequenceEditor (568)
[2018.09.11-15.53.24:317][945]LogModuleManager: Shutting down and abandoning module PlacementMode (567)
[2018.09.11-15.53.24:317][945]LogModuleManager: Shutting down and abandoning module MaterialEditor (566)
[2018.09.11-15.53.24:317][945]LogModuleManager: Shutting down and abandoning module WmfMediaFactory (562)
[2018.09.11-15.53.24:317][945]LogModuleManager: Shutting down and abandoning module WmfMediaEditor (560)
[2018.09.11-15.53.24:317][945]LogModuleManager: Shutting down and abandoning module MediaPlayerEditor (558)
[2018.09.11-15.53.24:317][945]LogModuleManager: Shutting down and abandoning module OpenExrWrapper (556)
[2018.09.11-15.53.24:317][945]LogModuleManager: Shutting down and abandoning module ImgMediaFactory (554)
[2018.09.11-15.53.24:317][945]LogModuleManager: Shutting down and abandoning module ImgMediaEditor (552)
[2018.09.11-15.53.24:317][945]LogModuleManager: Shutting down and abandoning module AvfMediaFactory (550)
[2018.09.11-15.53.24:317][945]LogModuleManager: Shutting down and abandoning module AvfMediaEditor (548)
[2018.09.11-15.53.24:317][945]LogModuleManager: Shutting down and abandoning module AndroidMediaFactory (546)
[2018.09.11-15.53.24:317][945]LogModuleManager: Shutting down and abandoning module AndroidMediaEditor (544)
[2018.09.11-15.53.24:317][945]LogModuleManager: Shutting down and abandoning module MagicLeapCameraPreviewFactory (542)
[2018.09.11-15.53.24:317][945]LogModuleManager: Shutting down and abandoning module MagicLeapMediaFactory (540)
[2018.09.11-15.53.24:317][945]LogModuleManager: Shutting down and abandoning module MagicLeapMediaEditor (538)
[2018.09.11-15.53.24:317][945]LogModuleManager: Shutting down and abandoning module CharacterAI (536)
[2018.09.11-15.53.24:318][945]LogModuleManager: Shutting down and abandoning module SmartSnapping (534)
[2018.09.11-15.53.24:318][945]LogModuleManager: Shutting down and abandoning module SessionServices (532)
[2018.09.11-15.53.24:318][945]LogModuleManager: Shutting down and abandoning module ViewportSnapping (530)
[2018.09.11-15.53.24:318][945]LogModuleManager: Shutting down and abandoning module ViewportInteraction (528)
[2018.09.11-15.53.24:318][945]LogModuleManager: Shutting down and abandoning module ClothPainter (526)
[2018.09.11-15.53.24:318][945]LogModuleManager: Shutting down and abandoning module SkeletalMeshEditor (525)
[2018.09.11-15.53.24:318][945]LogModuleManager: Shutting down and abandoning module LogVisualizer (522)
[2018.09.11-15.53.24:318][945]LogModuleManager: Shutting down and abandoning module IntroTutorials (520)
[2018.09.11-15.53.24:318][945]LogModuleManager: Shutting down and abandoning module GameProjectGeneration (519)
[2018.09.11-15.53.24:318][945]LogModuleManager: Shutting down and abandoning module LuminPlatformEditor (516)
[2018.09.11-15.53.24:318][945]LogModuleManager: Shutting down and abandoning module IOSPlatformEditor (514)
[2018.09.11-15.53.24:318][945]LogModuleManager: Shutting down and abandoning module HTML5PlatformEditor (512)
[2018.09.11-15.53.24:318][945]LogModuleManager: Shutting down and abandoning module AndroidPlatformEditor (510)
[2018.09.11-15.53.24:318][945]LogModuleManager: Shutting down and abandoning module AndroidDeviceDetection (509)
[2018.09.11-15.53.24:572][945]LogModuleManager: Shutting down and abandoning module WindowsPlatformEditor (506)
[2018.09.11-15.53.24:572][945]LogModuleManager: Shutting down and abandoning module LuminRuntimeSettings (504)
[2018.09.11-15.53.24:572][945]LogModuleManager: Shutting down and abandoning module IOSRuntimeSettings (502)
[2018.09.11-15.53.24:572][945]LogModuleManager: Shutting down and abandoning module AndroidRuntimeSettings (500)
[2018.09.11-15.53.24:572][945]LogModuleManager: Shutting down and abandoning module InputBindingEditor (498)
[2018.09.11-15.53.24:572][945]LogModuleManager: Shutting down and abandoning module MergeActors (496)
[2018.09.11-15.53.24:576][945]LogModuleManager: Shutting down and abandoning module LocalizationDashboard (494)
[2018.09.11-15.53.24:576][945]LogModuleManager: Shutting down and abandoning module LocalizationService (493)
[2018.09.11-15.53.24:576][945]LogModuleManager: Shutting down and abandoning module HardwareTargeting (490)
[2018.09.11-15.53.24:576][945]LogModuleManager: Shutting down and abandoning module DeviceProfileEditor (488)
[2018.09.11-15.53.24:576][945]LogModuleManager: Shutting down and abandoning module UndoHistory (486)
[2018.09.11-15.53.24:576][945]LogModuleManager: Shutting down and abandoning module XmlParser (484)
[2018.09.11-15.53.24:576][945]LogModuleManager: Shutting down and abandoning module Blutility (482)
[2018.09.11-15.53.24:576][945]LogModuleManager: Shutting down and abandoning module ProjectSettingsViewer (480)
[2018.09.11-15.53.24:576][945]LogModuleManager: Shutting down and abandoning module ProjectTargetPlatformEditor (479)
[2018.09.11-15.53.24:577][945]LogModuleManager: Shutting down and abandoning module EditorSettingsViewer (476)
[2018.09.11-15.53.24:577][945]LogModuleManager: Shutting down and abandoning module SettingsEditor (474)
[2018.09.11-15.53.24:577][945]LogModuleManager: Shutting down and abandoning module ProjectLauncher (472)
[2018.09.11-15.53.24:577][945]LogModuleManager: Shutting down and abandoning module SessionFrontend (470)
[2018.09.11-15.53.24:577][945]LogModuleManager: Shutting down and abandoning module ProfilerClient (468)
[2018.09.11-15.53.24:577][945]LogModuleManager: Shutting down and abandoning module DeviceManager (466)
[2018.09.11-15.53.24:577][945]LogModuleManager: Shutting down and abandoning module TargetDeviceServices (465)
[2018.09.11-15.53.24:630][945]LogModuleManager: Shutting down and abandoning module AutomationController (462)
[2018.09.11-15.53.24:630][945]LogModuleManager: Shutting down and abandoning module AutomationWindow (460)
[2018.09.11-15.53.24:630][945]LogModuleManager: Shutting down and abandoning module Layers (458)
[2018.09.11-15.53.24:630][945]LogModuleManager: Shutting down and abandoning module ComponentVisualizers (456)
[2018.09.11-15.53.24:631][945]LogModuleManager: Shutting down and abandoning module DetailCustomizations (454)
[2018.09.11-15.53.24:631][945]LogModuleManager: Shutting down and abandoning module PackagesDialog (452)
[2018.09.11-15.53.24:632][945]LogModuleManager: Shutting down and abandoning module Persona (450)
[2018.09.11-15.53.24:632][945]LogModuleManager: Shutting down and abandoning module AdvancedPreviewScene (449)
[2018.09.11-15.53.24:633][945]LogModuleManager: Shutting down and abandoning module AnimGraph (447)
[2018.09.11-15.53.24:633][945]LogModuleManager: Shutting down and abandoning module Kismet (444)
[2018.09.11-15.53.24:638][945]LogModuleManager: Shutting down and abandoning module GraphEditor (442)
[2018.09.11-15.53.24:639][945]LogModuleManager: Shutting down and abandoning module ClassViewer (440)
[2018.09.11-15.53.24:639][945]LogModuleManager: Shutting down and abandoning module Toolbox (438)
[2018.09.11-15.53.24:639][945]LogModuleManager: Shutting down and abandoning module ModuleUI (436)
[2018.09.11-15.53.24:639][945]LogModuleManager: Shutting down and abandoning module MovieSceneTools (434)
[2018.09.11-15.53.24:640][945]LogModuleManager: Shutting down and abandoning module OutputLog (432)
[2018.09.11-15.53.24:640][945]LogModuleManager: Shutting down and abandoning module GammaUI (430)
[2018.09.11-15.53.24:640][945]LogModuleManager: Shutting down and abandoning module Documentation (428)
[2018.09.11-15.53.24:640][945]LogModuleManager: Shutting down and abandoning module MovieSceneTracks (426)
[2018.09.11-15.53.24:640][945]LogModuleManager: Shutting down and abandoning module MovieScene (424)
[2018.09.11-15.53.24:641][945]LogModuleManager: Shutting down and abandoning module StreamingPauseRendering (422)
[2018.09.11-15.53.24:641][945]LogModuleManager: Shutting down and abandoning module LauncherPlatform (420)
[2018.09.11-15.53.24:641][945]LogModuleManager: Shutting down and abandoning module AnalyticsET (418)
[2018.09.11-15.53.24:641][945]LogModuleManager: Shutting down and abandoning module PortalServices (416)
[2018.09.11-15.53.24:641][945]LogModuleManager: Shutting down and abandoning module PortalRpc (414)
[2018.09.11-15.53.24:642][945]LogModuleManager: Shutting down and abandoning module MessagingRpc (412)
[2018.09.11-15.53.24:642][945]LogModuleManager: Shutting down and abandoning module AIModule (410)
[2018.09.11-15.53.24:642][945]LogModuleManager: Shutting down and abandoning module GameplayDebugger (409)
[2018.09.11-15.53.24:643][945]LogModuleManager: Shutting down and abandoning module AITestSuite (407)
[2018.09.11-15.53.24:643][945]LogModuleManager: Shutting down and abandoning module NavigationSystem (405)
[2018.09.11-15.53.24:643][945]LogModuleManager: Shutting down and abandoning module DesktopPlatform (402)
[2018.09.11-15.53.24:643][945]LogModuleManager: Shutting down and abandoning module ProfilerService (400)
[2018.09.11-15.53.24:891][945]LogModuleManager: Shutting down and abandoning module TaskGraph (398)
[2018.09.11-15.53.24:892][945]LogModuleManager: Shutting down and abandoning module SteamVRController (396)
[2018.09.11-15.53.24:892][945]LogModuleManager: Shutting down and abandoning module ProceduralMeshComponentEditor (394)
[2018.09.11-15.53.24:892][945]LogModuleManager: Shutting down and abandoning module ProceduralMeshComponent (392)
[2018.09.11-15.53.24:892][945]LogModuleManager: Shutting down and abandoning module OculusInput (390)
[2018.09.11-15.53.24:892][945]LogModuleManager: Shutting down and abandoning module MobilePatchingUtils (388)
[2018.09.11-15.53.24:892][945]LogModuleManager: Shutting down and abandoning module EditableMesh (386)
[2018.09.11-15.53.24:892][945]LogModuleManager: Shutting down and abandoning module CustomMeshComponent (384)
[2018.09.11-15.53.24:892][945]LogModuleManager: Shutting down and abandoning module CableComponent (382)
[2018.09.11-15.53.24:892][945]LogModuleManager: Shutting down and abandoning module AudioCapture (380)
[2018.09.11-15.53.24:892][945]LogModuleManager: Shutting down and abandoning module ArchVisCharacter (378)
[2018.09.11-15.53.24:892][945]LogModuleManager: Shutting down and abandoning module AndroidPermission (376)
[2018.09.11-15.53.24:892][945]LogModuleManager: Shutting down and abandoning module NUTUnrealEngine4 (374)
[2018.09.11-15.53.24:892][945]LogModuleManager: Shutting down and abandoning module NetcodeUnitTest (372)
[2018.09.11-15.53.24:892][945]LogModuleManager: Shutting down and abandoning module MediaCompositingEditor (370)
[2018.09.11-15.53.24:892][945]LogModuleManager: Shutting down and abandoning module MediaCompositing (368)
[2018.09.11-15.53.24:892][945]LogModuleManager: Shutting down and abandoning module LinearTimecode (366)
[2018.09.11-15.53.24:892][945]LogModuleManager: Shutting down and abandoning module ImgMedia (364)
[2018.09.11-15.53.24:897][945]LogModuleManager: Shutting down and abandoning module HTML5Networking (362)
[2018.09.11-15.53.24:897][945]LogModuleManager: Shutting down and abandoning module GeometryCacheTracks (360)
[2018.09.11-15.53.24:897][945]LogModuleManager: Shutting down and abandoning module GeometryCacheSequencer (358)
[2018.09.11-15.53.24:897][945]LogModuleManager: Shutting down and abandoning module BackChannel (356)
[2018.09.11-15.53.24:897][945]LogModuleManager: Shutting down and abandoning module AppleVision (354)
[2018.09.11-15.53.24:897][945]LogModuleManager: Shutting down and abandoning module AppleImageUtils (352)
[2018.09.11-15.53.24:897][945]LogModuleManager: Shutting down and abandoning module AlembicImporter (350)
[2018.09.11-15.53.24:897][945]LogModuleManager: Shutting down and abandoning module AlembicLibrary (349)
[2018.09.11-15.53.24:897][945]LogModuleManager: Shutting down and abandoning module GeometryCache (348)
[2018.09.11-15.53.24:897][945]LogModuleManager: Shutting down and abandoning module GeometryCacheEd (347)
[2018.09.11-15.53.24:897][945]LogModuleManager: Shutting down and abandoning module DatasmithContentEditor (342)
[2018.09.11-15.53.24:897][945]LogModuleManager: Shutting down and abandoning module DatasmithContent (340)
[2018.09.11-15.53.24:898][945]LogModuleManager: Shutting down and abandoning module SpeedTreeImporter (338)
[2018.09.11-15.53.24:898][945]LogModuleManager: Shutting down and abandoning module PluginBrowser (336)
[2018.09.11-15.53.24:898][945]LogModuleManager: Shutting down and abandoning module MobileLauncherProfileWizard (334)
[2018.09.11-15.53.24:898][945]LogModuleManager: Shutting down and abandoning module PolygonModeling (332)
[2018.09.11-15.53.24:898][945]LogModuleManager: Shutting down and abandoning module MeshEditor (330)
[2018.09.11-15.53.24:898][945]LogModuleManager: Shutting down and abandoning module CryptoKeysOpenSSL (328)
[2018.09.11-15.53.24:898][945]LogModuleManager: Shutting down and abandoning module CryptoKeys (326)
[2018.09.11-15.53.24:898][945]LogModuleManager: Shutting down and abandoning module VisualStudioSourceCodeAccess (324)
[2018.09.11-15.53.24:898][945]LogModuleManager: Shutting down and abandoning module VisualStudioCodeSourceCodeAccess (322)
[2018.09.11-15.53.24:898][945]LogModuleManager: Shutting down and abandoning module UObjectPlugin (320)
[2018.09.11-15.53.24:898][945]LogModuleManager: Shutting down and abandoning module SubversionSourceControl (318)
[2018.09.11-15.53.24:898][945]LogModuleManager: Shutting down and abandoning module PerforceSourceControl (316)
[2018.09.11-15.53.24:898][945]LogModuleManager: Shutting down and abandoning module GitSourceControl (314)
[2018.09.11-15.53.24:898][945]LogModuleManager: Shutting down and abandoning module SourceControl (313)
[2018.09.11-15.53.24:898][945]LogModuleManager: Shutting down and abandoning module CLionSourceCodeAccess (310)
[2018.09.11-15.53.24:898][945]LogModuleManager: Shutting down and abandoning module LightPropagationVolumeEditor (308)
[2018.09.11-15.53.24:898][945]LogModuleManager: Shutting down and abandoning module PaperTiledImporter (306)
[2018.09.11-15.53.24:898][945]LogModuleManager: Shutting down and abandoning module PaperSpriteSheetImporter (304)
[2018.09.11-15.53.24:899][945]LogModuleManager: Shutting down and abandoning module Paper2DEditor (302)
[2018.09.11-15.53.24:899][945]LogModuleManager: Shutting down and abandoning module MeshPaint (301)
[2018.09.11-15.53.24:899][945]LogModuleManager: Shutting down and abandoning module RuntimePhysXCooking (298)
[2018.09.11-15.53.24:899][945]LogModuleManager: Shutting down and abandoning module PhysXVehiclesEditor (296)
[2018.09.11-15.53.24:899][945]LogModuleManager: Shutting down and abandoning module PhysXVehicles (294)
[2018.09.11-15.53.24:899][945]LogModuleManager: Shutting down and abandoning module OculusEditor (292)
[2018.09.11-15.53.24:899][945]LogModuleManager: Shutting down and abandoning module LocationServicesBPLibrary (290)
[2018.09.11-15.53.24:899][945]LogModuleManager: Shutting down and abandoning module ImmediatePhysicsEditor (288)
[2018.09.11-15.53.24:899][945]LogModuleManager: Shutting down and abandoning module ImmediatePhysics (286)
[2018.09.11-15.53.24:899][945]LogModuleManager: Shutting down and abandoning module ActorSequence (284)
[2018.09.11-15.53.24:899][945]LogModuleManager: Shutting down and abandoning module UdpMessaging (282)
[2018.09.11-15.53.25:000][945]LogModuleManager: Shutting down and abandoning module TcpMessaging (280)
[2018.09.11-15.53.25:101][945]LogModuleManager: Shutting down and abandoning module MagicLeapAudio (278)
[2018.09.11-15.53.25:101][945]LogModuleManager: Shutting down and abandoning module GameplayTagsEditor (276)
[2018.09.11-15.53.25:101][945]LogModuleManager: Shutting down and abandoning module FacialAnimationEditor (274)
[2018.09.11-15.53.25:101][945]LogModuleManager: Shutting down and abandoning module FacialAnimation (272)
[2018.09.11-15.53.25:101][945]LogModuleManager: Shutting down and abandoning module DataValidation (270)
[2018.09.11-15.53.25:101][945]LogModuleManager: Shutting down and abandoning module AssetManagerEditor (268)
[2018.09.11-15.53.25:101][945]LogModuleManager: Shutting down and abandoning module LevelEditor (267)
[2018.09.11-15.53.25:103][945]LogModuleManager: Shutting down and abandoning module PixelInspectorModule (266)
[2018.09.11-15.53.25:103][945]LogModuleManager: Shutting down and abandoning module CommonMenuExtensions (264)
[2018.09.11-15.53.25:103][945]LogModuleManager: Shutting down and abandoning module MainFrame (262)
[2018.09.11-15.53.25:103][945]LogModuleManager: Shutting down and abandoning module HotReload (261)
[2018.09.11-15.53.25:104][945]LogModuleManager: Shutting down and abandoning module ContentBrowser (257)
[2018.09.11-15.53.25:107][945]LogModuleManager: Shutting down and abandoning module TreeMap (255)
[2018.09.11-15.53.25:107][945]LogModuleManager: Shutting down and abandoning module LightPropagationVolumeRuntime (252)
[2018.09.11-15.53.25:107][945]LogModuleManager: Shutting down and abandoning module AISupportModule (250)
[2018.09.11-15.53.25:107][945]LogModuleManager: Shutting down and abandoning module Paper2D (248)
[2018.09.11-15.53.25:107][945]LogModuleManager: Shutting down and abandoning module WindowsMoviePlayer (246)
[2018.09.11-15.53.25:107][945]LogModuleManager: Shutting down and abandoning module WmfMedia (244)
[2018.09.11-15.53.25:109][945]LogModuleManager: Shutting down and abandoning module Media (243)
[2018.09.11-15.53.25:115][945]LogModuleManager: Shutting down and abandoning module PacketHandler (240)
[2018.09.11-15.53.25:115][945]LogModuleManager: Shutting down and abandoning module ClothingSystemEditor (238)
[2018.09.11-15.53.25:116][945]LogModuleManager: Shutting down and abandoning module ClothingSystemRuntime (236)
[2018.09.11-15.53.25:116][945]LogModuleManager: Shutting down and abandoning module MediaAssets (234)
[2018.09.11-15.53.25:116][945]LogModuleManager: Shutting down and abandoning module Overlay (232)
[2018.09.11-15.53.25:116][945]LogModuleManager: Shutting down and abandoning module OverlayEditor (231)
[2018.09.11-15.53.25:116][945]LogModuleManager: Shutting down and abandoning module VREditor (228)
[2018.09.11-15.53.25:116][945]LogModuleManager: Shutting down and abandoning module StringTableEditor (226)
[2018.09.11-15.53.25:116][945]LogModuleManager: Shutting down and abandoning module GameplayTasksEditor (224)
[2018.09.11-15.53.25:116][945]LogModuleManager: Shutting down and abandoning module BehaviorTreeEditor (222)
[2018.09.11-15.53.25:116][945]LogModuleManager: Shutting down and abandoning module FunctionalTesting (220)
[2018.09.11-15.53.25:116][945]LogModuleManager: Shutting down and abandoning module CollisionAnalyzer (218)
[2018.09.11-15.53.25:116][945]LogModuleManager: Shutting down and abandoning module WorkspaceMenuStructure (217)
[2018.09.11-15.53.25:116][945]LogModuleManager: Shutting down and abandoning module UMG (214)
[2018.09.11-15.53.25:116][945]LogModuleManager: Shutting down and abandoning module UMGEditor (213)
[2018.09.11-15.53.25:116][945]LogModuleManager: Shutting down and abandoning module Sequencer (212)
[2018.09.11-15.53.25:116][945]LogModuleManager: Shutting down and abandoning module MessageLog (209)
[2018.09.11-15.53.25:116][945]LogModuleManager: Shutting down and abandoning module SlateReflector (204)
[2018.09.11-15.53.25:116][945]LogModuleManager: Shutting down and abandoning module Slate (202)
[2018.09.11-15.53.25:116][945]LogModuleManager: Shutting down and abandoning module EditorStyle (200)
[2018.09.11-15.53.25:119][945]LogModuleManager: Shutting down and abandoning module MRMesh (198)
[2018.09.11-15.53.25:119][945]LogModuleManager: Shutting down and abandoning module SourceCodeAccess (196)
[2018.09.11-15.53.25:119][945]LogModuleManager: Shutting down and abandoning module HeadMountedDisplay (194)
[2018.09.11-15.53.25:119][945]LogModuleManager: Shutting down and abandoning module XAudio2 (192)
[2018.09.11-15.53.25:119][945]LogModuleManager: Shutting down and abandoning module Networking (190)
[2018.09.11-15.53.25:119][945]LogModuleManager: Shutting down and abandoning module Core (188)
[2018.09.11-15.53.25:119][945]LogModuleManager: Shutting down and abandoning module LevelSequence (186)
[2018.09.11-15.53.25:119][945]LogModuleManager: Shutting down and abandoning module KismetCompiler (184)
[2018.09.11-15.53.25:119][945]LogModuleManager: Shutting down and abandoning module MeshUtilities (182)
[2018.09.11-15.53.25:119][945]LogModuleManager: Shutting down and abandoning module MeshMergeUtilities (181)
[2018.09.11-15.53.25:119][945]LogModuleManager: Shutting down and abandoning module MeshReductionInterface (180)
[2018.09.11-15.53.25:119][945]LogModuleManager: Shutting down and abandoning module SimplygonSwarm (179)
[2018.09.11-15.53.25:120][945]LogModuleManager: Shutting down and abandoning module ProxyLODMeshReduction (177)
[2018.09.11-15.53.25:120][945]LogModuleManager: Shutting down and abandoning module SimplygonMeshReduction (175)
[2018.09.11-15.53.25:120][945]LogModuleManager: Shutting down and abandoning module QuadricMeshReduction (173)
[2018.09.11-15.53.25:120][945]LogModuleManager: Shutting down and abandoning module MaterialBaking (169)
[2018.09.11-15.53.25:120][945]LogModuleManager: Shutting down and abandoning module DirectoryWatcher (165)
[2018.09.11-15.53.25:120][945]LogModuleManager: Shutting down and abandoning module DerivedDataCache (162)
[2018.09.11-15.53.25:167][945]LogDerivedDataCache: Shutdown
[2018.09.11-15.53.25:168][945]LogModuleManager: Shutting down and abandoning module XGEController (160)
[2018.09.11-15.53.25:168][945]LogModuleManager: Shutting down and abandoning module TargetPlatform (158)
[2018.09.11-15.53.25:168][945]LogModuleManager: Shutting down and abandoning module VulkanShaderFormat (157)
[2018.09.11-15.53.25:168][945]LogModuleManager: Shutting down and abandoning module ShaderFormatVectorVM (155)
[2018.09.11-15.53.25:168][945]LogModuleManager: Shutting down and abandoning module ShaderFormatOpenGL (153)
[2018.09.11-15.53.25:168][945]LogModuleManager: Shutting down and abandoning module ShaderFormatD3D (151)
[2018.09.11-15.53.25:168][945]LogModuleManager: Shutting down and abandoning module MetalShaderFormat (149)
[2018.09.11-15.53.25:168][945]LogModuleManager: Shutting down and abandoning module TextureFormatUncompressed (147)
[2018.09.11-15.53.25:168][945]LogModuleManager: Shutting down and abandoning module TextureFormatPVR (145)
[2018.09.11-15.53.25:168][945]LogModuleManager: Shutting down and abandoning module TextureFormatDXT (143)
[2018.09.11-15.53.25:168][945]LogModuleManager: Shutting down and abandoning module TextureFormatIntelISPCTexComp (141)
[2018.09.11-15.53.25:168][945]LogModuleManager: Shutting down and abandoning module TextureFormatASTC (139)
[2018.09.11-15.53.25:168][945]LogModuleManager: Shutting down and abandoning module ImageWrapper (138)
[2018.09.11-15.53.25:168][945]LogModuleManager: Shutting down and abandoning module TextureFormatAndroid (135)
[2018.09.11-15.53.25:168][945]LogModuleManager: Shutting down and abandoning module AudioFormatOpus (133)
[2018.09.11-15.53.25:168][945]LogModuleManager: Shutting down and abandoning module AudioFormatOgg (131)
[2018.09.11-15.53.25:169][945]LogModuleManager: Shutting down and abandoning module AudioFormatADPCM (129)
[2018.09.11-15.53.25:169][945]LogModuleManager: Shutting down and abandoning module LuminTargetPlatform (127)
[2018.09.11-15.53.25:169][945]LogModuleManager: Shutting down and abandoning module LinuxTargetPlatform (125)
[2018.09.11-15.53.25:169][945]LogModuleManager: Shutting down and abandoning module LinuxServerTargetPlatform (123)
[2018.09.11-15.53.25:169][945]LogModuleManager: Shutting down and abandoning module LinuxNoEditorTargetPlatform (121)
[2018.09.11-15.53.25:169][945]LogModuleManager: Shutting down and abandoning module LinuxClientTargetPlatform (119)
[2018.09.11-15.53.25:169][945]LogModuleManager: Shutting down and abandoning module TVOSTargetPlatform (117)
[2018.09.11-15.53.25:191][945]LogModuleManager: Shutting down and abandoning module Messaging (115)
[2018.09.11-15.53.25:191][945]LogModuleManager: Shutting down and abandoning module IOSTargetPlatform (113)
[2018.09.11-15.53.25:203][945]LogModuleManager: Shutting down and abandoning module HTML5TargetPlatform (111)
[2018.09.11-15.53.25:203][945]LogModuleManager: Shutting down and abandoning module AndroidTargetPlatform (109)
[2018.09.11-15.53.25:243][945]LogModuleManager: Shutting down and abandoning module WindowsTargetPlatform (107)
[2018.09.11-15.53.25:243][945]LogModuleManager: Shutting down and abandoning module WindowsServerTargetPlatform (105)
[2018.09.11-15.53.25:243][945]LogModuleManager: Shutting down and abandoning module WindowsNoEditorTargetPlatform (103)
[2018.09.11-15.53.25:243][945]LogModuleManager: Shutting down and abandoning module WindowsClientTargetPlatform (101)
[2018.09.11-15.53.25:243][945]LogModuleManager: Shutting down and abandoning module MacTargetPlatform (99)
[2018.09.11-15.53.25:243][945]LogModuleManager: Shutting down and abandoning module MacServerTargetPlatform (97)
[2018.09.11-15.53.25:243][945]LogModuleManager: Shutting down and abandoning module MacNoEditorTargetPlatform (95)
[2018.09.11-15.53.25:243][945]LogModuleManager: Shutting down and abandoning module MacClientTargetPlatform (93)
[2018.09.11-15.53.25:243][945]LogModuleManager: Shutting down and abandoning module AllDesktopTargetPlatform (91)
[2018.09.11-15.53.25:243][945]LogModuleManager: Shutting down and abandoning module InputCore (88)
[2018.09.11-15.53.25:243][945]LogModuleManager: Shutting down and abandoning module Settings (86)
[2018.09.11-15.53.25:244][945]LogModuleManager: Shutting down and abandoning module PhysXCooking (84)
[2018.09.11-15.53.25:244][945]LogModuleManager: Shutting down and abandoning module SteamVR (82)
[2018.09.11-15.53.25:244][945]LogModuleManager: Shutting down and abandoning module OculusHMD (80)
[2018.09.11-15.53.25:244][945]LogModuleManager: Shutting down and abandoning module ExampleDeviceProfileSelector (78)
[2018.09.11-15.53.25:244][945]LogModuleManager: Shutting down and abandoning module LauncherChunkInstaller (76)
[2018.09.11-15.53.25:244][945]LogModuleManager: Shutting down and abandoning module OnlineBlueprintSupport (74)
[2018.09.11-15.53.25:244][945]LogModuleManager: Shutting down and abandoning module OnlineSubsystem (70)
[2018.09.11-15.53.25:245][945]LogModuleManager: Shutting down and abandoning module XMPP (65)
[2018.09.11-15.53.25:245][945]LogModuleManager: Shutting down and abandoning module WebSockets (64)
[2018.09.11-15.53.25:278][945]LogModuleManager: Shutting down and abandoning module HTTP (61)
[2018.09.11-15.53.25:279][945]LogHttp: Display: Http module shutting down, but needs to wait on 1 outstanding Http requests:
[2018.09.11-15.53.25:279][945]LogHttp: Display: 	verb=[POST] url=[https://datarouter.ol.epicgames.com/datarouter/api/v1/public/data?SessionID=%7B37885C99-4B61-CDFE-88C2-2AA108D2BC47%7D&AppID=UEEditor.Rocket.Release&AppVersion=4.20.2-4302132%2B%2B%2BUE4%2BRelease-4.20&UserID=d9bfd1434c591597c1be5d8efff3d149%7Cc2c2ee9a13084a7da39cbb92193f0f01%7Cf443ed07-ffa7-4ed5-8b20-8cda05e5273d&AppEnvironment=datacollector-binary&UploadType=eteventstream] status=Processing
[2018.09.11-15.53.25:297][945]LogModuleManager: Shutting down and abandoning module SSL (60)
[2018.09.11-15.53.25:299][945]LogModuleManager: Shutting down and abandoning module MagicLeapEmulator (56)
[2018.09.11-15.53.25:300][945]LogModuleManager: Shutting down and abandoning module MagicLeapPrivileges (54)
[2018.09.11-15.53.25:300][945]LogModuleManager: Shutting down and abandoning module MagicLeapIdentity (52)
[2018.09.11-15.53.25:300][945]LogModuleManager: Shutting down and abandoning module MagicLeapHelperVulkan (50)
[2018.09.11-15.53.25:300][945]LogModuleManager: Shutting down and abandoning module MagicLeapHelperOpenGL (48)
[2018.09.11-15.53.25:300][945]LogModuleManager: Shutting down and abandoning module MagicLeapSecureStorage (46)
[2018.09.11-15.53.25:300][945]LogModuleManager: Shutting down and abandoning module MagicLeapGestures (44)
[2018.09.11-15.53.25:300][945]LogModuleManager: Shutting down and abandoning module MagicLeapEyeTracker (42)
[2018.09.11-15.53.25:300][945]LogModuleManager: Shutting down and abandoning module MagicLeapController (40)
[2018.09.11-15.53.25:300][945]LogSlate: Slate User Destroyed.  User Index 0, Is Virtual User: 0
[2018.09.11-15.53.25:300][945]LogModuleManager: Shutting down and abandoning module MagicLeap (38)
[2018.09.11-15.53.25:301][945]LogModuleManager: Shutting down and abandoning module AnimationModifiers (36)
[2018.09.11-15.53.25:301][945]LogModuleManager: Shutting down and abandoning module PropertyEditor (35)
[2018.09.11-15.53.25:301][945]LogModuleManager: Shutting down and abandoning module AudioEditor (32)
[2018.09.11-15.53.25:301][945]LogModuleManager: Shutting down and abandoning module TextureCompressor (30)
[2018.09.11-15.53.25:301][945]LogModuleManager: Shutting down and abandoning module ShaderCore (28)
[2018.09.11-15.53.25:301][945]LogModuleManager: Shutting down and abandoning module Landscape (26)
[2018.09.11-15.53.25:301][945]LogModuleManager: Shutting down and abandoning module SlateRHIRenderer (24)
[2018.09.11-15.53.25:302][945]LogModuleManager: Shutting down and abandoning module OpenGLDrv (22)
[2018.09.11-15.53.25:302][945]LogModuleManager: Shutting down and abandoning module D3D11RHI (20)
[2018.09.11-15.53.25:302][945]LogModuleManager: Shutting down and abandoning module AnimGraphRuntime (18)
[2018.09.11-15.53.25:303][945]LogModuleManager: Shutting down and abandoning module Renderer (16)
[2018.09.11-15.53.25:303][945]LogModuleManager: Shutting down and abandoning module Engine (14)
[2018.09.11-15.53.25:303][945]LogModuleManager: Shutting down and abandoning module CoreUObject (12)
[2018.09.11-15.53.25:303][945]LogModuleManager: Shutting down and abandoning module NetworkFile (10)
[2018.09.11-15.53.25:303][945]LogModuleManager: Shutting down and abandoning module CookedIterativeFile (8)
[2018.09.11-15.53.25:303][945]LogModuleManager: Shutting down and abandoning module StreamingFile (6)
[2018.09.11-15.53.25:303][945]LogModuleManager: Shutting down and abandoning module SandboxFile (4)
[2018.09.11-15.53.25:303][945]LogModuleManager: Shutting down and abandoning module PakFile (2)
[2018.09.11-15.53.25:314][945]LogExit: Exiting.
[2018.09.11-15.53.25:347][945]Log file closed, 09/11/18 17:53:25
