Log file open, 08/11/18 13:13:14
LogWindows: Failed to load 'aqProf.dll' (GetLastError=126)
LogWindows: File 'aqProf.dll' does not exist
LogWindows: Failed to load 'VSPerf140.dll' (GetLastError=126)
LogWindows: File 'VSPerf140.dll' does not exist
LogWindows: Failed to load 'VtuneApi.dll' (GetLastError=126)
LogWindows: File 'VtuneApi.dll' does not exist
LogWindows: Failed to load 'VtuneApi32e.dll' (GetLastError=126)
LogWindows: File 'VtuneApi32e.dll' does not exist
LogInit: Display: Running engine for game: OurGameBP
LogPlatformFile: Not using cached read wrapper
LogTaskGraph: Started task graph with 5 named threads and 14 total threads with 3 sets of task threads.
LogStats: Stats thread started at 0.188364
LogD3D11RHI: Loaded GFSDK_Aftermath_Lib.x64.dll
LogICUInternationalization: Display: ICU TimeZone Detection - Raw Offset: +1:00, Platform Override: ''
LogPluginManager: Mounting plugin Paper2D
LogPluginManager: Mounting plugin AISupport
LogPluginManager: Mounting plugin LightPropagationVolume
LogPluginManager: Mounting plugin CLionSourceCodeAccess
LogPluginManager: Mounting plugin CodeLiteSourceCodeAccess
LogPluginManager: Mounting plugin GitSourceControl
LogPluginManager: Mounting plugin KDevelopSourceCodeAccess
LogPluginManager: Mounting plugin NullSourceCodeAccess
LogPluginManager: Mounting plugin PerforceSourceControl
LogPluginManager: Mounting plugin SubversionSourceControl
LogPluginManager: Mounting plugin UObjectPlugin
LogPluginManager: Mounting plugin VisualStudioCodeSourceCodeAccess
LogPluginManager: Mounting plugin VisualStudioSourceCodeAccess
LogPluginManager: Mounting plugin XCodeSourceCodeAccess
LogPluginManager: Mounting plugin AssetManagerEditor
LogPluginManager: Mounting plugin CryptoKeys
LogPluginManager: Mounting plugin DataValidation
LogPluginManager: Mounting plugin FacialAnimation
LogPluginManager: Mounting plugin GameplayTagsEditor
LogPluginManager: Mounting plugin MacGraphicsSwitching
LogPluginManager: Mounting plugin MeshEditor
LogPluginManager: Mounting plugin MobileLauncherProfileWizard
LogPluginManager: Mounting plugin PluginBrowser
LogPluginManager: Mounting plugin SpeedTreeImporter
LogPluginManager: Mounting plugin DatasmithContent
LogPluginManager: Mounting plugin AlembicImporter
LogPluginManager: Mounting plugin AppleImageUtils
LogPluginManager: Mounting plugin AppleVision
LogPluginManager: Mounting plugin BackChannel
LogPluginManager: Mounting plugin CharacterAI
LogPluginManager: Mounting plugin GeometryCache
LogPluginManager: Mounting plugin HTML5Networking
LogPluginManager: Mounting plugin ProxyLODPlugin
LogPluginManager: Mounting plugin MagicLeap
LogPluginManager: Mounting plugin MagicLeapEmulator
LogPluginManager: Mounting plugin MagicLeapMedia
LogPluginManager: Mounting plugin AndroidMedia
LogPluginManager: Mounting plugin AvfMedia
LogPluginManager: Mounting plugin ImgMedia
LogPluginManager: Mounting plugin LinearTimecode
LogPluginManager: Mounting plugin MediaCompositing
LogPluginManager: Mounting plugin MediaPlayerEditor
LogPluginManager: Mounting plugin WmfMedia
LogPluginManager: Mounting plugin TcpMessaging
LogPluginManager: Mounting plugin UdpMessaging
LogPluginManager: Mounting plugin ActorSequence
LogPluginManager: Mounting plugin LevelSequenceEditor
LogPluginManager: Mounting plugin MatineeToLevelSequence
LogPluginManager: Mounting plugin NetcodeUnitTest
LogPluginManager: Mounting plugin NUTUnrealEngine4
LogPluginManager: Mounting plugin OnlineSubsystemGooglePlay
LogPluginManager: Mounting plugin OnlineSubsystemIOS
LogPluginManager: Mounting plugin OnlineSubsystem
LogPluginManager: Mounting plugin OnlineSubsystemNull
LogPluginManager: Mounting plugin OnlineSubsystemUtils
LogPluginManager: Mounting plugin LauncherChunkInstaller
LogPluginManager: Mounting plugin AndroidDeviceProfileSelector
LogPluginManager: Mounting plugin AndroidMoviePlayer
LogPluginManager: Mounting plugin AndroidPermission
LogPluginManager: Mounting plugin AppleMoviePlayer
LogPluginManager: Mounting plugin ArchVisCharacter
LogPluginManager: Mounting plugin AudioCapture
LogPluginManager: Mounting plugin CableComponent
LogPluginManager: Mounting plugin CustomMeshComponent
LogPluginManager: Mounting plugin EditableMesh
LogPluginManager: Mounting plugin ExampleDeviceProfileSelector
LogPluginManager: Mounting plugin GoogleCloudMessaging
LogPluginManager: Mounting plugin ImmediatePhysics
LogPluginManager: Mounting plugin IOSDeviceProfileSelector
LogPluginManager: Mounting plugin LinuxDeviceProfileSelector
LogPluginManager: Mounting plugin LocationServicesBPLibrary
LogPluginManager: Mounting plugin MobilePatchingUtils
LogPluginManager: Mounting plugin OculusVR
LogPluginManager: Plugin shader directory ../../../Engine/Plugins/Runtime/Oculus/OculusVR/Shaders found
LogPluginManager: Mapping shader source directory ../../../Engine/Plugins/Runtime/Oculus/OculusVR/Shaders to virtual directory /Plugin/OculusVR
LogPluginManager: Mounting plugin PhysXVehicles
LogPluginManager: Mounting plugin ProceduralMeshComponent
LogPluginManager: Mounting plugin RuntimePhysXCooking
LogPluginManager: Mounting plugin SteamVR
LogPluginManager: Mounting plugin WindowsMoviePlayer
LogStreaming: Display: Took  0.136s to configure plugins.
LogInit: Using libcurl 7.55.1-DEV
LogInit:  - built for x86_64-pc-win32
LogInit:  - supports SSL with OpenSSL/1.0.2h
LogInit:  - supports HTTP deflate (compression) using libz 1.2.8
LogInit:  - other features:
LogInit:      CURL_VERSION_SSL
LogInit:      CURL_VERSION_LIBZ
LogInit:      CURL_VERSION_IPV6
LogInit:      CURL_VERSION_ASYNCHDNS
LogInit:      CURL_VERSION_LARGEFILE
LogInit:      CURL_VERSION_IDN
LogInit:  CurlRequestOptions (configurable via config and command line):
LogInit:  - bVerifyPeer = false  - Libcurl will NOT verify peer certificate
LogInit:  - bUseHttpProxy = false  - Libcurl will NOT use HTTP proxy
LogInit:  - bDontReuseConnections = false  - Libcurl will reuse connections
LogInit:  - CertBundlePath = nullptr  - Libcurl will use whatever was configured at build time.
LogInit:  - MaxHostConnections = 16  - Libcurl will limit the number of connections to a host
LogInit:  - LocalHostAddr = Default
LogInit:  - BufferSize = 65536
LogInit: WinSock: version 1.1 (2.2), MaxSocks=32767, MaxUdp=65467
LogInit: Build: ++UE4+Release-4.20-CL-4233996
LogInit: Engine Version: 4.20.1-4233996+++UE4+Release-4.20
LogInit: Compatible Engine Version: 4.20.0-4212847+++UE4+Release-4.20
LogInit: Net CL: 4212847
LogInit: OS: Windows 7 (Service Pack 1), CPU: AMD Ryzen 3 1300X Quad-Core Processor          , GPU: AMD Radeon HD 7800 Series
LogInit: Compiled (64-bit): Jul 26 2018 10:07:30
LogInit: Compiled with Visual C++: 19.13.26129.00
LogInit: Build Configuration: Development
LogInit: Branch Name: ++UE4+Release-4.20
LogInit: Command Line: 
LogInit: Base Directory: C:/Program Files/Epic Games/UE_4.20/Engine/Binaries/Win64/
LogInit: Installed Engine Build: 1
LogDevObjectVersion: Number of dev versions registered: 20
LogDevObjectVersion:   Dev-Blueprints (B0D832E4-1F89-4F0D-ACCF-7EB736FD4AA2): 10
LogDevObjectVersion:   Dev-Build (E1C64328-A22C-4D53-A36C-8E866417BD8C): 0
LogDevObjectVersion:   Dev-Core (375EC13C-06E4-48FB-B500-84F0262A717E): 2
LogDevObjectVersion:   Dev-Editor (E4B068ED-F494-42E9-A231-DA0B2E46BB41): 24
LogDevObjectVersion:   Dev-Framework (CFFC743F-43B0-4480-9391-14DF171D2073): 34
LogDevObjectVersion:   Dev-Mobile (B02B49B5-BB20-44E9-A304-32B752E40360): 2
LogDevObjectVersion:   Dev-Networking (A4E4105C-59A1-49B5-A7C5-40C4547EDFEE): 0
LogDevObjectVersion:   Dev-Online (39C831C9-5AE6-47DC-9A44-9C173E1C8E7C): 0
LogDevObjectVersion:   Dev-Physics (78F01B33-EBEA-4F98-B9B4-84EACCB95AA2): 0
LogDevObjectVersion:   Dev-Platform (6631380F-2D4D-43E0-8009-CF276956A95A): 0
LogDevObjectVersion:   Dev-Rendering (12F88B9F-8875-4AFC-A67C-D90C383ABD29): 26
LogDevObjectVersion:   Dev-Sequencer (7B5AE74C-D270-4C10-A958-57980B212A5A): 9
LogDevObjectVersion:   Dev-VR (D7296918-1DD6-4BDD-9DE2-64A83CC13884): 2
LogDevObjectVersion:   Dev-LoadTimes (C2A15278-BFE7-4AFE-6C17-90FF531DF755): 1
LogDevObjectVersion:   Private-Geometry (6EACA3D4-40EC-4CC1-B786-8BED09428FC5): 3
LogDevObjectVersion:   Dev-AnimPhys (29E575DD-E0A3-4627-9D10-D276232CDCEA): 17
LogDevObjectVersion:   Dev-ReflectionCapture (6B266CEC-1EC7-4B8F-A30B-E4D90942FC07): 1
LogDevObjectVersion:   Dev-Automation (0DF73D61-A23F-47EA-B727-89E90C41499A): 1
LogDevObjectVersion:   FortniteMain (601D1886-AC64-4F84-AA16-D3DE0DEAC7D6): 12
LogDevObjectVersion:   Dev-Enterprise (9DFFBCD6-494F-0158-E221-12823C92A888): 1
LogStreaming: Display: Took  0.003s to delete old logs.
LogInit: Presizing for max 8388607 objects, including 0 objects not considered by GC, pre-allocating 0 bytes for permanent pool.
LogInit: Object subsystem initialized
[2018.08.11-11.13.14:581][  0]LogInit: Selected Device Profile: [Windows]
[2018.08.11-11.13.14:581][  0]LogInit: Applying CVar settings loaded from the selected device profile: [Windows]
[2018.08.11-11.13.14:683][  0]LogHAL: Display: Platform has ~ 8 GB [8523399168 / 8589934592 / 8], which maps to Default [LargestMinGB=32, LargerMinGB=12, DefaultMinGB=8, SmallerMinGB=6, SmallestMinGB=0)
[2018.08.11-11.13.14:683][  0]LogInit: Setting Device Profile CVar: [[r.Vulkan.UseRealUBs:1]]
[2018.08.11-11.13.14:683][  0]LogInit: Going up to parent DeviceProfile []
[2018.08.11-11.13.14:683][  0]LogInit: Computer: STRAJA-PC
[2018.08.11-11.13.14:683][  0]LogInit: User: straja
[2018.08.11-11.13.14:684][  0]LogInit: CPU Page size=4096, Cores=4
[2018.08.11-11.13.14:684][  0]LogInit: High frequency timer resolution =3.411669 MHz
[2018.08.11-11.13.14:684][  0]LogMemory: Memory total: Physical=7.9GB (8GB approx)
[2018.08.11-11.13.14:684][  0]LogMemory: Platform Memory Stats for Windows
[2018.08.11-11.13.14:684][  0]LogMemory: Process Physical Memory: 101.50 MB used, 101.50 MB peak
[2018.08.11-11.13.14:684][  0]LogMemory: Process Virtual Memory: 94.52 MB used, 94.52 MB peak
[2018.08.11-11.13.14:684][  0]LogMemory: Physical Memory: 3542.64 MB used,  4585.90 MB free, 8128.55 MB total
[2018.08.11-11.13.14:684][  0]LogMemory: Virtual Memory: 482.29 MB used,  4585.90 MB free, 8388608.00 MB total
[2018.08.11-11.13.14:701][  0]LogInit: Using OS detected language (en-US).
[2018.08.11-11.13.14:701][  0]LogInit: Using OS detected locale (en-US).
[2018.08.11-11.13.14:702][  0]LogTextLocalizationManager: No specific localization for 'en-US' exists, so the 'en' localization will be used.
[2018.08.11-11.13.15:098][  0]LogStreaming: Display: Took  0.397s to InitEngineTextLocalization.
[2018.08.11-11.13.15:099][  0]LogWindows: Failed to load 'shcore.dll' (GetLastError=126)
[2018.08.11-11.13.15:099][  0]LogWindows: File 'shcore.dll' does not exist
[2018.08.11-11.13.15:099][  0]LogInit: Setting process to DPI aware
[2018.08.11-11.13.15:165][  0]LogSlate: New Slate User Created.  User Index 0, Is Virtual User: 0
[2018.08.11-11.13.15:165][  0]LogSlate: Slate User Registered.  User Index 0, Is Virtual User: 0
[2018.08.11-11.13.15:324][  0]LogHMD: Failed to initialize OpenVR with code 110
[2018.08.11-11.13.15:324][  0]LogD3D11RHI: D3D11 adapters:
[2018.08.11-11.13.15:334][  0]LogD3D11RHI:    0. 'AMD Radeon HD 7800 Series' (Feature Level 11_0)
[2018.08.11-11.13.15:334][  0]LogD3D11RHI:       2025/0/3808 MB DedicatedVideo/DedicatedSystem/SharedSystem, Outputs:1, VendorId:0x1002
[2018.08.11-11.13.15:334][  0]LogD3D11RHI: Chosen D3D11 Adapter: 0
[2018.08.11-11.13.15:338][  0]LogD3D11RHI: Creating new Direct3DDevice
[2018.08.11-11.13.15:338][  0]LogD3D11RHI:     GPU DeviceId: 0x6819 (for the marketing name, search the web for "GPU Device Id")
[2018.08.11-11.13.15:338][  0]LogWindows: EnumDisplayDevices:
[2018.08.11-11.13.15:338][  0]LogWindows:    0. 'AMD Radeon HD 7800 Series' (P:1 D:1)
[2018.08.11-11.13.15:339][  0]LogWindows:    1. 'AMD Radeon HD 7800 Series' (P:0 D:0)
[2018.08.11-11.13.15:339][  0]LogWindows:    2. 'AMD Radeon HD 7800 Series' (P:0 D:0)
[2018.08.11-11.13.15:339][  0]LogWindows:    3. 'AMD Radeon HD 7800 Series' (P:0 D:0)
[2018.08.11-11.13.15:339][  0]LogWindows:    4. 'AMD Radeon HD 7800 Series' (P:0 D:0)
[2018.08.11-11.13.15:340][  0]LogWindows:    5. 'AMD Radeon HD 7800 Series' (P:0 D:0)
[2018.08.11-11.13.15:341][  0]LogWindows:    6. 'RDPDD Chained DD' (P:0 D:0)
[2018.08.11-11.13.15:342][  0]LogWindows:    7. 'RDP Encoder Mirror Driver' (P:0 D:0)
[2018.08.11-11.13.15:342][  0]LogWindows:    8. 'RDP Reflector Display Driver' (P:0 D:0)
[2018.08.11-11.13.15:342][  0]LogWindows: DebugString: GetVideoDriverDetailsInvalid PrimaryIsNotTheChoosenAdapter GetVideoDriverDetailsInvalid PrimaryIsNotTheChoosenAdapter GetVideoDriverDetailsInvalid PrimaryIsNotTheChoosenAdapter FoundDriverCount:6 
[2018.08.11-11.13.15:342][  0]LogD3D11RHI:     Adapter Name: AMD Radeon HD 7800 Series
[2018.08.11-11.13.15:342][  0]LogD3D11RHI:   Driver Version: Adrenalin 18.5.1 (internal:24.20.11016.4, unified:24.20.11016.4)
[2018.08.11-11.13.15:343][  0]LogD3D11RHI:      Driver Date: 5-16-2018
[2018.08.11-11.13.15:343][  0]LogRHI: Texture pool is 1417 MB (70% of 2025 MB)
[2018.08.11-11.13.15:377][  0]LogD3D11RHI: Async texture creation enabled
[2018.08.11-11.13.15:387][  0]LogD3D11RHI: GPU Timing Frequency: 27.000000 (Debug: 2 1)
[2018.08.11-11.13.15:387][  0]LogShaderCompilers: Guid format shader working directory is -19 characters bigger than the processId version (../../../../../../Users/straja/Documents/Unreal Projects/OurGameBP/Intermediate/Shaders/WorkingDirectory/5884/).
[2018.08.11-11.13.15:387][  0]LogShaderCompilers: Cleaned the shader compiler working directory 'C:/Users/straja/AppData/Local/Temp/UnrealShaderWorkingDir/D100AC524E7F901007D516A20F3E0231/'.
[2018.08.11-11.13.15:617][  0]LogTemp: Display: Loaded TP AllDesktopTargetPlatform
[2018.08.11-11.13.15:633][  0]LogTemp: Display: Loaded TP MacClientTargetPlatform
[2018.08.11-11.13.15:649][  0]LogTemp: Display: Loaded TP MacNoEditorTargetPlatform
[2018.08.11-11.13.15:664][  0]LogTemp: Display: Loaded TP MacServerTargetPlatform
[2018.08.11-11.13.15:681][  0]LogTemp: Display: Loaded TP MacTargetPlatform
[2018.08.11-11.13.15:697][  0]LogTemp: Display: Loaded TP WindowsClientTargetPlatform
[2018.08.11-11.13.15:716][  0]LogTemp: Display: Loaded TP WindowsNoEditorTargetPlatform
[2018.08.11-11.13.15:732][  0]LogTemp: Display: Loaded TP WindowsServerTargetPlatform
[2018.08.11-11.13.15:739][  0]LogTemp: Display: Loaded TP WindowsTargetPlatform
[2018.08.11-11.13.15:839][  0]LogTemp: Display: Loaded TP AndroidTargetPlatform
[2018.08.11-11.13.15:839][  0]LogTemp: Display: Loaded TP AndroidTargetPlatform
[2018.08.11-11.13.15:839][  0]LogTemp: Display: Loaded TP AndroidTargetPlatform
[2018.08.11-11.13.15:839][  0]LogTemp: Display: Loaded TP AndroidTargetPlatform
[2018.08.11-11.13.15:839][  0]LogTemp: Display: Loaded TP AndroidTargetPlatform
[2018.08.11-11.13.15:839][  0]LogTemp: Display: Loaded TP AndroidTargetPlatform
[2018.08.11-11.13.15:839][  0]LogTemp: Display: Loaded TP AndroidTargetPlatform
[2018.08.11-11.13.15:839][  0]LogTemp: Display: Loaded TP AndroidTargetPlatform
[2018.08.11-11.13.15:839][  0]LogTemp: Display: Loaded TP AndroidTargetPlatform
[2018.08.11-11.13.15:839][  0]LogTemp: Display: Loaded TP AndroidTargetPlatform
[2018.08.11-11.13.15:839][  0]LogTemp: Display: Loaded TP AndroidTargetPlatform
[2018.08.11-11.13.15:839][  0]LogTemp: Display: Loaded TP AndroidTargetPlatform
[2018.08.11-11.13.15:839][  0]LogTemp: Display: Loaded TP AndroidTargetPlatform
[2018.08.11-11.13.15:839][  0]LogTemp: Display: Loaded TP AndroidTargetPlatform
[2018.08.11-11.13.15:839][  0]LogTemp: Display: Loaded TP AndroidTargetPlatform
[2018.08.11-11.13.15:839][  0]LogTemp: Display: Loaded TP AndroidTargetPlatform
[2018.08.11-11.13.15:839][  0]LogTemp: Display: Loaded TP AndroidTargetPlatform
[2018.08.11-11.13.15:839][  0]LogTemp: Display: Loaded TP AndroidTargetPlatform
[2018.08.11-11.13.15:841][  0]LogTemp: Display: Loaded TP HTML5TargetPlatform
[2018.08.11-11.13.15:905][  0]LogTemp: Display: Loaded TP IOSTargetPlatform
[2018.08.11-11.13.15:905][  0]LogTemp: Display: Loaded TP IOSTargetPlatform
[2018.08.11-11.13.15:935][  0]LogTemp: Display: Loaded TP TVOSTargetPlatform
[2018.08.11-11.13.15:935][  0]LogTemp: Display: Loaded TP TVOSTargetPlatform
[2018.08.11-11.13.15:952][  0]LogTemp: Display: Loaded TP LinuxClientTargetPlatform
[2018.08.11-11.13.15:968][  0]LogTemp: Display: Loaded TP LinuxNoEditorTargetPlatform
[2018.08.11-11.13.15:983][  0]LogTemp: Display: Loaded TP LinuxServerTargetPlatform
[2018.08.11-11.13.16:000][  0]LogTemp: Display: Loaded TP LinuxTargetPlatform
[2018.08.11-11.13.16:012][  0]LogTemp: Display: Loaded TP LuminTargetPlatform
[2018.08.11-11.13.16:012][  0]LogTargetPlatformManager: Display: Building Assets For Windows
[2018.08.11-11.13.16:051][  0]LogXGEController: Cannot use XGE Controller as Incredibuild is not installed on this machine.
[2018.08.11-11.13.16:051][  0]LogShaderCompilers: Cannot use XGE Shader Compiler as Incredibuild is not installed on this machine.
[2018.08.11-11.13.16:051][  0]LogShaderCompilers: Display: Using Local Shader Compiler.
[2018.08.11-11.13.16:835][  0]LogDerivedDataCache: Display: Max Cache Size: 512 MB
[2018.08.11-11.13.16:915][  0]LogDerivedDataCache: Loaded boot cache 0.08s 71MB C:/Users/straja/AppData/Local/UnrealEngine/4.20/DerivedDataCache/Boot.ddc.
[2018.08.11-11.13.16:915][  0]LogDerivedDataCache: Display: Loaded Boot cache: C:/Users/straja/AppData/Local/UnrealEngine/4.20/DerivedDataCache/Boot.ddc
[2018.08.11-11.13.16:915][  0]LogDerivedDataCache: FDerivedDataBackendGraph:  Pak pak cache file ../../../../../../Users/straja/Documents/Unreal Projects/OurGameBP/DerivedDataCache/DDC.ddp not found, will not use a pak cache.
[2018.08.11-11.13.16:915][  0]LogDerivedDataCache: Unable to find inner node Pak for hierarchical cache Hierarchy.
[2018.08.11-11.13.16:915][  0]LogDerivedDataCache: FDerivedDataBackendGraph:  CompressedPak pak cache file ../../../../../../Users/straja/Documents/Unreal Projects/OurGameBP/DerivedDataCache/Compressed.ddp not found, will not use a pak cache.
[2018.08.11-11.13.16:915][  0]LogDerivedDataCache: Unable to find inner node CompressedPak for hierarchical cache Hierarchy.
[2018.08.11-11.13.16:928][  0]LogDerivedDataCache: Display: Pak cache opened for reading ../../../Engine/DerivedDataCache/Compressed.ddp.
[2018.08.11-11.13.16:940][  0]LogDerivedDataCache: Using Local data cache path C:/Users/straja/AppData/Local/UnrealEngine/Common/DerivedDataCache: Writable
[2018.08.11-11.13.16:940][  0]LogDerivedDataCache: Shared data cache path not found in *engine.ini, will not use an Shared cache.
[2018.08.11-11.13.16:940][  0]LogDerivedDataCache: Unable to find inner node Shared for hierarchical cache Hierarchy.
[2018.08.11-11.13.16:962][  0]LogMaterial: Verifying Global Shaders for PCD3D_SM5
[2018.08.11-11.13.16:963][  0]LogSlate: Using FreeType 2.6.0
[2018.08.11-11.13.16:964][  0]LogSlate: SlateFontServices - WITH_FREETYPE: 1, WITH_HARFBUZZ: 1
[2018.08.11-11.13.17:036][  0]LogAssetRegistry: FAssetRegistry took 0.0257 seconds to start up
[2018.08.11-11.13.17:415][  0]LogInit: Selected Device Profile: [Windows]
[2018.08.11-11.13.17:530][  0]LogSimplygon: Simplygon DLL not present - disabling.
[2018.08.11-11.13.17:532][  0]LogMeshReduction: Using SimplygonSwarm for distributed automatic mesh merging
[2018.08.11-11.13.17:532][  0]LogMeshReduction: Using ProxyLODMeshReduction for automatic mesh merging
[2018.08.11-11.13.17:532][  0]LogMeshReduction: Using QuadricMeshReduction for automatic static mesh reduction
[2018.08.11-11.13.17:532][  0]LogMeshReduction: No automatic skeletal mesh reduction module available
[2018.08.11-11.13.17:552][  0]LogNetVersion: OurGameBP 1.0.0, NetCL: 4212847, EngineNetVer: 5, GameNetVer: 0 (Checksum: 2791728059)
[2018.08.11-11.13.18:106][  0]LogPackageLocalizationCache: Processed 11 localized package path(s) for 2 prioritized culture(s) in 0.101082 seconds
[2018.08.11-11.13.18:120][  0]LogUObjectArray: 38425 objects as part of root set at end of initial load.
[2018.08.11-11.13.18:120][  0]LogUObjectAllocator: 6690872 out of 0 bytes used by permanent object pool.
[2018.08.11-11.13.18:120][  0]LogUObjectArray: CloseDisregardForGC: 0/0 objects in disregard for GC pool
[2018.08.11-11.13.18:893][  0]LogTcpMessaging: Initializing TcpMessaging bridge
[2018.08.11-11.13.18:905][  0]LogUdpMessaging: Initializing bridge on interface 0.0.0.0:0 to multicast group 230.0.0.1:6666.
[2018.08.11-11.13.19:044][  0]SourceControl: Source control is disabled
[2018.08.11-11.13.22:018][  0]LogAndroidPermission: UAndroidPermissionCallbackProxy::GetInstance
[2018.08.11-11.13.22:067][  0]LogOcInput: OculusInput pre-init called
[2018.08.11-11.13.22:127][  0]LogEngine: Initializing Engine...
[2018.08.11-11.13.22:128][  0]LogHMD: Failed to initialize OpenVR with code 110
[2018.08.11-11.13.22:130][  0]LogStats: UGameplayTagsManager::ConstructGameplayTagTree: ImportINI prefixes -  0.000 s
[2018.08.11-11.13.22:130][  0]LogStats: UGameplayTagsManager::ConstructGameplayTagTree: Construct from data asset -  0.000 s
[2018.08.11-11.13.22:130][  0]LogStats: UGameplayTagsManager::ConstructGameplayTagTree: ImportINI -  0.000 s
[2018.08.11-11.13.22:130][  0]LogStats: UGameplayTagsManager::ConstructGameplayTagTree: GameplayTagTreeChangedEvent.Broadcast -  0.000 s
[2018.08.11-11.13.22:358][  0]LogInit: Initializing FReadOnlyCVARCache
[2018.08.11-11.13.22:372][  0]LogAIModule: Creating AISystem for world Untitled
[2018.08.11-11.13.22:398][  0]LogInit: XAudio2 using 'Speakers (2- High Definition Audio Device)' : 2 channels at 44.1 kHz using 16 bits per sample (channel mask 0x3)
[2018.08.11-11.13.22:415][  0]LogInit: FAudioDevice initialized.
[2018.08.11-11.13.22:415][  0]LogNetVersion: Set ProjectVersion to 1.0.0.0. Version Checksum will be recalculated on next use.
[2018.08.11-11.13.23:213][  0]LogDerivedDataCache: Saved boot cache 0.80s 71MB C:/Users/straja/AppData/Local/UnrealEngine/4.20/DerivedDataCache/Boot.ddc.
[2018.08.11-11.13.23:213][  0]LogInit: Texture streaming: Enabled
[2018.08.11-11.13.23:226][  0]LogEngineSessionManager: EngineSessionManager initialized
[2018.08.11-11.13.23:233][  0]LogInit: Transaction tracking system initialized
[2018.08.11-11.13.23:246][  0]BlueprintLog: New page: Editor Load
[2018.08.11-11.13.23:319][  0]LocalizationService: Localization service is disabled
[2018.08.11-11.13.23:846][  0]LogCook: Display: Max memory allowance for cook 16384mb min free memory 0mb
[2018.08.11-11.13.23:846][  0]LogCook: Display: Mobile HDR setting 1
[2018.08.11-11.13.23:846][  0]LogGameplayTags: Display: UGameplayTagsManager::DoneAddingNativeTags. DelegateIsBound: 0
[2018.08.11-11.13.23:846][  0]LogStats: UGameplayTagsManager::ConstructGameplayTagTree: ImportINI prefixes -  0.000 s
[2018.08.11-11.13.23:846][  0]LogStats: UGameplayTagsManager::ConstructGameplayTagTree: Construct from data asset -  0.000 s
[2018.08.11-11.13.23:846][  0]LogStats: UGameplayTagsManager::ConstructGameplayTagTree: ImportINI -  0.000 s
[2018.08.11-11.13.23:846][  0]LogStats: UGameplayTagsManager::ConstructGameplayTagTree: GameplayTagTreeChangedEvent.Broadcast -  0.000 s
[2018.08.11-11.13.23:952][  0]LogFileCache: Scanning file cache for directory 'C:/Users/straja/Documents/Unreal Projects/OurGameBP/Content/' took 0.02s
[2018.08.11-11.13.23:952][  0]Cmd: MAP LOAD FILE="../../../../../../Users/straja/Documents/Unreal Projects/OurGameBP/Content/Maps/Mapa1.umap" TEMPLATE=0 SHOWPROGRESS=1 FEATURELEVEL=3
[2018.08.11-11.13.23:952][  0]LightingResults: New page: Lighting Build
[2018.08.11-11.13.23:954][  0]MapCheck: New page: Map Check
[2018.08.11-11.13.23:954][  0]LightingResults: New page: Lighting Build
[2018.08.11-11.13.36:436][  0]LogAIModule: Creating AISystem for world Mapa1
[2018.08.11-11.13.36:446][  0]LogEditorServer: Finished looking for orphan Actors (0.000 secs)
[2018.08.11-11.13.36:485][  0]Cmd: MAP CHECKDEP NOCLEARLOG
[2018.08.11-11.13.36:543][  0]MapCheck: Map check complete: 0 Error(s), 0 Warning(s), took 58.21ms to complete.
[2018.08.11-11.13.36:543][  0]LogFileHelpers: Loading map 'Mapa1' took 12.591
[2018.08.11-11.13.36:955][  0]LogSlate: Updating window title bar state: overlay mode, drag disabled, window buttons hidden, title bar hidden
[2018.08.11-11.13.36:964][  0]LogSlate: Updating window title bar state: overlay mode, drag disabled, window buttons hidden, title bar hidden
[2018.08.11-11.13.36:976][  0]LogSlate: Updating window title bar state: overlay mode, drag disabled, window buttons hidden, title bar hidden
[2018.08.11-11.13.36:984][  0]LogSlate: Updating window title bar state: overlay mode, drag disabled, window buttons hidden, title bar hidden
[2018.08.11-11.13.37:053][  0]LogCollectionManager: Loaded 0 collections in 0.001216 seconds
[2018.08.11-11.13.37:196][  0]LogFileCache: Scanning file cache for directory 'C:/Users/straja/Documents/Unreal Projects/OurGameBP/Saved/Collections/' took 0.01s
[2018.08.11-11.13.37:196][  0]LogFileCache: Scanning file cache for directory 'C:/Users/straja/Documents/Unreal Projects/OurGameBP/Content/Developers/straja/Collections/' took 0.01s
[2018.08.11-11.13.37:196][  0]LogFileCache: Scanning file cache for directory 'C:/Users/straja/Documents/Unreal Projects/OurGameBP/Content/Collections/' took 0.01s
[2018.08.11-11.13.37:196][  0]LogCollectionManager: Rebuilt the GUID cache for 0 collections in 0.000000 seconds
[2018.08.11-11.13.37:221][  0]LogContentBrowser: Native class hierarchy populated in 0.0245 seconds. Added 2572 classes and 603 folders.
[2018.08.11-11.13.37:254][  0]LogContentBrowser: Native class hierarchy updated for 'WidgetCarousel' in 0.0003 seconds. Added 0 classes and 0 folders.
[2018.08.11-11.13.41:206][  0]LogContentBrowser: Native class hierarchy updated for 'AddContentDialog' in 0.0003 seconds. Added 0 classes and 0 folders.
[2018.08.11-11.13.41:233][  0]LogContentBrowser: Native class hierarchy updated for 'SceneOutliner' in 0.0003 seconds. Added 1 classes and 2 folders.
[2018.08.11-11.13.41:330][  0]LogContentBrowser: Native class hierarchy updated for 'WorldBrowser' in 0.0003 seconds. Added 2 classes and 3 folders.
[2018.08.11-11.13.42:221][  0]LogSlate: Took 0.000197 seconds to synchronously load lazily loaded font '../../../Engine/Content/Slate/Fonts/Roboto-Regular.ttf' (155K)
[2018.08.11-11.13.42:223][  0]LogSlate: Took 0.000196 seconds to synchronously load lazily loaded font '../../../Engine/Content/Slate/Fonts/Roboto-Bold.ttf' (160K)
[2018.08.11-11.13.42:244][  0]LogSlate: Took 0.015980 seconds to synchronously load lazily loaded font '../../../Engine/Content/Editor/Slate/Fonts/FontAwesome.ttf' (139K)
[2018.08.11-11.13.42:829][  0]LogRenderer: Reallocating scene render targets to support 1208x612 Format 10 NumSamples 1 (Frame:1).
[2018.08.11-11.13.43:018][  0]LogContentBrowser: Native class hierarchy updated for 'HierarchicalLODOutliner' in 0.0003 seconds. Added 0 classes and 0 folders.
[2018.08.11-11.13.43:018][  0]LogLoad: (Engine Initialization) Total time: 30.44 seconds
[2018.08.11-11.13.43:018][  0]LogLoad: (Engine Initialization) Total Blueprint compile time: 0.00 seconds
[2018.08.11-11.13.43:111][  0]LogContentStreaming: Texture pool size now 3000 MB
[2018.08.11-11.13.43:213][  0]LogSlate: Took 0.012754 seconds to synchronously load lazily loaded font '../../../Engine/Content/Slate/Fonts/Roboto-Light.ttf' (167K)
[2018.08.11-11.13.43:270][  1]LogAssetRegistry: Asset discovery search completed in 26.2532 seconds
[2018.08.11-11.13.43:286][  1]LogCollectionManager: Rebuilt the object cache for 0 collections in 0.000000 seconds (found 0 objects)
[2018.08.11-11.13.43:286][  1]LogCollectionManager: Fixed up redirectors for 0 collections in 0.000079 seconds (updated 0 objects)
[2018.08.11-11.15.02:176][237]LogSlate: FSceneViewport::OnFocusLost() reason 0
[2018.08.11-11.18.03:088][875]LogD3D11RHI: Error: Direct3DDevice->CreateTexture2D(TextureDesc,SubResourceData,OutTexture2D) failed 
 at D:\Build\++UE4\Sync\Engine\Source\Runtime\Windows\D3D11RHI\Private\D3D11Texture.cpp:471 
 with error DXGI_ERROR_DEVICE_REMOVED, 
 Size=1055x588x1 Format=DXGI_FORMAT_B8G8R8A8_TYPELESS(0x0000005A), NumMips=1, Flags=D3D11_BIND_RENDER_TARGET D3D11_BIND_SHADER_RESOURCE 
[2018.08.11-11.18.03:090][875]LogD3D11RHI: [Aftermath] GDynamicRHI=0000000008DFC140, GDX11NVAfterMathEnabled=0, Result=0xFFFFFFFF, bDeviceActive=0
[2018.08.11-11.18.03:091][875]LogWindows: Windows GetLastError: The operation completed successfully. (0)
